{"meta": {"format": 3, "version": "7.10.7", "timestamp": "2025-10-16T02:26:37.105312", "branch_coverage": false, "show_contexts": false}, "files": {"src/driftbuster/__init__.py": {"executed_lines": [1, 8, 21, 22, 23, 24], "summary": {"covered_lines": 5, "num_statements": 5, "percent_covered": 100.0, "percent_covered_display": "100", "missing_lines": 0, "excluded_lines": 0}, "missing_lines": [], "excluded_lines": [], "functions": {"": {"executed_lines": [1, 8, 21, 22, 23, 24], "summary": {"covered_lines": 5, "num_statements": 5, "percent_covered": 100.0, "percent_covered_display": "100", "missing_lines": 0, "excluded_lines": 0}, "missing_lines": [], "excluded_lines": []}}, "classes": {"": {"executed_lines": [1, 8, 21, 22, 23, 24], "summary": {"covered_lines": 5, "num_statements": 5, "percent_covered": 100.0, "percent_covered_display": "100", "missing_lines": 0, "excluded_lines": 0}, "missing_lines": [], "excluded_lines": []}}}, "src/driftbuster/catalog.py": {"executed_lines": [1, 17, 19, 20, 23, 24, 25, 27, 28, 29, 30, 31, 32, 33, 34, 35, 38, 39, 40, 42, 43, 44, 45, 46, 49, 50, 51, 53, 54, 55, 56, 57, 58, 59, 60, 63, 64, 65, 66, 67, 70, 71, 72, 73, 74, 75, 76, 79, 390, 391, 392, 393, 394, 395, 396, 399, 400, 401, 402, 403, 404, 405, 406, 407, 408, 411, 412, 413, 414, 415, 416, 417, 420, 421, 422, 423, 424, 425, 428, 694], "summary": {"covered_lines": 76, "num_statements": 76, "percent_covered": 100.0, "percent_covered_display": "100", "missing_lines": 0, "excluded_lines": 0}, "missing_lines": [], "excluded_lines": [], "functions": {"": {"executed_lines": [1, 17, 19, 20, 23, 24, 25, 27, 28, 29, 30, 31, 32, 33, 34, 35, 38, 39, 40, 42, 43, 44, 45, 46, 49, 50, 51, 53, 54, 55, 56, 57, 58, 59, 60, 63, 64, 65, 66, 67, 70, 71, 72, 73, 74, 75, 76, 79, 390, 391, 392, 393, 394, 395, 396, 399, 400, 401, 402, 403, 404, 405, 406, 407, 408, 411, 412, 413, 414, 415, 416, 417, 420, 421, 422, 423, 424, 425, 428, 694], "summary": {"covered_lines": 76, "num_statements": 76, "percent_covered": 100.0, "percent_covered_display": "100", "missing_lines": 0, "excluded_lines": 0}, "missing_lines": [], "excluded_lines": []}}, "classes": {"ContentSignature": {"executed_lines": [], "summary": {"covered_lines": 0, "num_statements": 0, "percent_covered": 100.0, "percent_covered_display": "100", "missing_lines": 0, "excluded_lines": 0}, "missing_lines": [], "excluded_lines": []}, "FormatSubtype": {"executed_lines": [], "summary": {"covered_lines": 0, "num_statements": 0, "percent_covered": 100.0, "percent_covered_display": "100", "missing_lines": 0, "excluded_lines": 0}, "missing_lines": [], "excluded_lines": []}, "FormatClass": {"executed_lines": [], "summary": {"covered_lines": 0, "num_statements": 0, "percent_covered": 100.0, "percent_covered_display": "100", "missing_lines": 0, "excluded_lines": 0}, "missing_lines": [], "excluded_lines": []}, "FallbackClass": {"executed_lines": [], "summary": {"covered_lines": 0, "num_statements": 0, "percent_covered": 100.0, "percent_covered_display": "100", "missing_lines": 0, "excluded_lines": 0}, "missing_lines": [], "excluded_lines": []}, "DetectionCatalog": {"executed_lines": [], "summary": {"covered_lines": 0, "num_statements": 0, "percent_covered": 100.0, "percent_covered_display": "100", "missing_lines": 0, "excluded_lines": 0}, "missing_lines": [], "excluded_lines": []}, "UsageVariant": {"executed_lines": [], "summary": {"covered_lines": 0, "num_statements": 0, "percent_covered": 100.0, "percent_covered_display": "100", "missing_lines": 0, "excluded_lines": 0}, "missing_lines": [], "excluded_lines": []}, "FormatUsage": {"executed_lines": [], "summary": {"covered_lines": 0, "num_statements": 0, "percent_covered": 100.0, "percent_covered_display": "100", "missing_lines": 0, "excluded_lines": 0}, "missing_lines": [], "excluded_lines": []}, "SurveyMeta": {"executed_lines": [], "summary": {"covered_lines": 0, "num_statements": 0, "percent_covered": 100.0, "percent_covered_display": "100", "missing_lines": 0, "excluded_lines": 0}, "missing_lines": [], "excluded_lines": []}, "FormatSurvey": {"executed_lines": [], "summary": {"covered_lines": 0, "num_statements": 0, "percent_covered": 100.0, "percent_covered_display": "100", "missing_lines": 0, "excluded_lines": 0}, "missing_lines": [], "excluded_lines": []}, "": {"executed_lines": [1, 17, 19, 20, 23, 24, 25, 27, 28, 29, 30, 31, 32, 33, 34, 35, 38, 39, 40, 42, 43, 44, 45, 46, 49, 50, 51, 53, 54, 55, 56, 57, 58, 59, 60, 63, 64, 65, 66, 67, 70, 71, 72, 73, 74, 75, 76, 79, 390, 391, 392, 393, 394, 395, 396, 399, 400, 401, 402, 403, 404, 405, 406, 407, 408, 411, 412, 413, 414, 415, 416, 417, 420, 421, 422, 423, 424, 425, 428, 694], "summary": {"covered_lines": 76, "num_statements": 76, "percent_covered": 100.0, "percent_covered_display": "100", "missing_lines": 0, "excluded_lines": 0}, "missing_lines": [], "excluded_lines": []}}}, "src/driftbuster/cli.py": {"executed_lines": [1, 15, 17, 18, 19, 20, 21, 23, 24, 27, 28, 31, 36, 41, 47, 52, 55, 56, 57, 58, 59, 62, 65, 66, 67, 68, 69, 70, 71, 72, 75, 76, 77, 78, 79, 80, 83, 86, 87, 89, 90, 91, 92, 93, 94, 95, 96, 97, 98, 101, 102, 104, 105, 106, 108, 111, 112, 113, 114, 115, 116, 117, 118, 119, 122, 125, 126, 130, 131, 139, 142, 143, 144, 146, 147, 148, 149, 150, 151, 153, 154, 156, 157, 160], "summary": {"covered_lines": 82, "num_statements": 82, "percent_covered": 100.0, "percent_covered_display": "100", "missing_lines": 0, "excluded_lines": 2}, "missing_lines": [], "excluded_lines": [160, 161], "functions": {"_build_parser": {"executed_lines": [28, 31, 36, 41, 47, 52], "summary": {"covered_lines": 6, "num_statements": 6, "percent_covered": 100.0, "percent_covered_display": "100", "missing_lines": 0, "excluded_lines": 0}, "missing_lines": [], "excluded_lines": []}, "_relative_path": {"executed_lines": [56, 57, 58, 59], "summary": {"covered_lines": 4, "num_statements": 4, "percent_covered": 100.0, "percent_covered_display": "100", "missing_lines": 0, "excluded_lines": 0}, "missing_lines": [], "excluded_lines": []}, "_iter_scan_results": {"executed_lines": [65, 66, 67, 68, 69, 70, 71, 72], "summary": {"covered_lines": 8, "num_statements": 8, "percent_covered": 100.0, "percent_covered_display": "100", "missing_lines": 0, "excluded_lines": 0}, "missing_lines": [], "excluded_lines": []}, "_ellipsize": {"executed_lines": [76, 77, 78, 79, 80], "summary": {"covered_lines": 5, "num_statements": 5, "percent_covered": 100.0, "percent_covered_display": "100", "missing_lines": 0, "excluded_lines": 0}, "missing_lines": [], "excluded_lines": []}, "_emit_table": {"executed_lines": [86, 87, 89, 90, 91, 92, 93, 94, 95, 96, 97, 98, 101, 102, 104, 105, 106, 108, 111, 112, 113, 114, 115, 116, 117, 118, 119], "summary": {"covered_lines": 27, "num_statements": 27, "percent_covered": 100.0, "percent_covered_display": "100", "missing_lines": 0, "excluded_lines": 0}, "missing_lines": [], "excluded_lines": []}, "_emit_json": {"executed_lines": [125, 126, 130, 131, 139], "summary": {"covered_lines": 5, "num_statements": 5, "percent_covered": 100.0, "percent_covered_display": "100", "missing_lines": 0, "excluded_lines": 0}, "missing_lines": [], "excluded_lines": []}, "main": {"executed_lines": [143, 144, 146, 147, 148, 149, 150, 151, 153, 154, 156, 157], "summary": {"covered_lines": 12, "num_statements": 12, "percent_covered": 100.0, "percent_covered_display": "100", "missing_lines": 0, "excluded_lines": 0}, "missing_lines": [], "excluded_lines": []}, "": {"executed_lines": [1, 15, 17, 18, 19, 20, 21, 23, 24, 27, 55, 62, 75, 83, 122, 142, 160], "summary": {"covered_lines": 15, "num_statements": 15, "percent_covered": 100.0, "percent_covered_display": "100", "missing_lines": 0, "excluded_lines": 2}, "missing_lines": [], "excluded_lines": [160, 161]}}, "classes": {"": {"executed_lines": [1, 15, 17, 18, 19, 20, 21, 23, 24, 27, 28, 31, 36, 41, 47, 52, 55, 56, 57, 58, 59, 62, 65, 66, 67, 68, 69, 70, 71, 72, 75, 76, 77, 78, 79, 80, 83, 86, 87, 89, 90, 91, 92, 93, 94, 95, 96, 97, 98, 101, 102, 104, 105, 106, 108, 111, 112, 113, 114, 115, 116, 117, 118, 119, 122, 125, 126, 130, 131, 139, 142, 143, 144, 146, 147, 148, 149, 150, 151, 153, 154, 156, 157, 160], "summary": {"covered_lines": 82, "num_statements": 82, "percent_covered": 100.0, "percent_covered_display": "100", "missing_lines": 0, "excluded_lines": 2}, "missing_lines": [], "excluded_lines": [160, 161]}}}, "src/driftbuster/core/__init__.py": {"executed_lines": [1, 3, 4, 13, 20], "summary": {"covered_lines": 4, "num_statements": 4, "percent_covered": 100.0, "percent_covered_display": "100", "missing_lines": 0, "excluded_lines": 0}, "missing_lines": [], "excluded_lines": [], "functions": {"": {"executed_lines": [1, 3, 4, 13, 20], "summary": {"covered_lines": 4, "num_statements": 4, "percent_covered": 100.0, "percent_covered_display": "100", "missing_lines": 0, "excluded_lines": 0}, "missing_lines": [], "excluded_lines": []}}, "classes": {"": {"executed_lines": [1, 3, 4, 13, 20], "summary": {"covered_lines": 4, "num_statements": 4, "percent_covered": 100.0, "percent_covered_display": "100", "missing_lines": 0, "excluded_lines": 0}, "missing_lines": [], "excluded_lines": []}}}, "src/driftbuster/core/detector.py": {"executed_lines": [1, 46, 48, 49, 50, 52, 53, 54, 55, 57, 59, 60, 63, 64, 66, 67, 68, 69, 71, 76, 79, 82, 85, 86, 87, 88, 93, 94, 97, 98, 99, 100, 101, 102, 104, 105, 106, 107, 108, 111, 112, 113, 114, 115, 116, 117, 118, 121, 122, 123, 124, 125, 126, 127, 128, 129, 133, 134, 135, 136, 137, 140, 141, 157, 179, 182, 183, 187, 188, 191, 192, 194, 201, 202, 203, 206, 207, 208, 210, 211, 212, 213, 215, 216, 217, 218, 219, 220, 221, 222, 223, 224, 225, 226, 228, 229, 230, 231, 232, 234, 235, 236, 237, 238, 239, 240, 241, 242, 243, 244, 245, 246, 247, 248, 252, 253, 254, 256, 261, 262, 263, 264, 266, 267, 268, 269, 270, 272, 273, 274, 275, 276, 277, 278, 279, 280, 281, 282, 283, 284, 286, 303, 304, 306, 307, 308, 309, 311, 313, 315, 316, 317, 318, 319, 321, 323, 327, 335, 338, 348, 354, 357, 368, 374], "summary": {"covered_lines": 160, "num_statements": 160, "percent_covered": 100.0, "percent_covered_display": "100", "missing_lines": 0, "excluded_lines": 5}, "missing_lines": [], "excluded_lines": [71, 72, 73, 204, 205], "functions": {"DetectorIOError.__init__": {"executed_lines": [67, 68, 69], "summary": {"covered_lines": 3, "num_statements": 3, "percent_covered": 100.0, "percent_covered_display": "100", "missing_lines": 0, "excluded_lines": 0}, "missing_lines": [], "excluded_lines": []}, "DetectorIOError.__repr__": {"executed_lines": [], "summary": {"covered_lines": 0, "num_statements": 0, "percent_covered": 100.0, "percent_covered_display": "100", "missing_lines": 0, "excluded_lines": 2}, "missing_lines": [], "excluded_lines": [72, 73]}, "_wrap_io_error": {"executed_lines": [79], "summary": {"covered_lines": 1, "num_statements": 1, "percent_covered": 100.0, "percent_covered_display": "100", "missing_lines": 0, "excluded_lines": 0}, "missing_lines": [], "excluded_lines": []}, "_validate_sample_size": {"executed_lines": [85, 86, 87, 88, 93, 94], "summary": {"covered_lines": 6, "num_statements": 6, "percent_covered": 100.0, "percent_covered_display": "100", "missing_lines": 0, "excluded_lines": 0}, "missing_lines": [], "excluded_lines": []}, "_titleise_component": {"executed_lines": [98, 99, 100, 101, 102, 104, 105, 106, 107, 108], "summary": {"covered_lines": 10, "num_statements": 10, "percent_covered": 100.0, "percent_covered_display": "100", "missing_lines": 0, "excluded_lines": 0}, "missing_lines": [], "excluded_lines": []}, "_normalise_reason_token": {"executed_lines": [112, 113, 114, 115, 116, 117, 118], "summary": {"covered_lines": 7, "num_statements": 7, "percent_covered": 100.0, "percent_covered_display": "100", "missing_lines": 0, "excluded_lines": 0}, "missing_lines": [], "excluded_lines": []}, "_normalise_reasons": {"executed_lines": [122, 123, 124, 125, 126, 127, 128, 129, 133, 134, 135, 136, 137], "summary": {"covered_lines": 13, "num_statements": 13, "percent_covered": 100.0, "percent_covered_display": "100", "missing_lines": 0, "excluded_lines": 0}, "missing_lines": [], "excluded_lines": []}, "Detector.__init__": {"executed_lines": [179, 182, 183, 187, 188, 191, 192], "summary": {"covered_lines": 7, "num_statements": 7, "percent_covered": 100.0, "percent_covered_display": "100", "missing_lines": 0, "excluded_lines": 0}, "missing_lines": [], "excluded_lines": []}, "Detector._handle_error": {"executed_lines": [201, 202, 203, 206, 207, 208], "summary": {"covered_lines": 6, "num_statements": 6, "percent_covered": 100.0, "percent_covered_display": "100", "missing_lines": 0, "excluded_lines": 2}, "missing_lines": [], "excluded_lines": [204, 205]}, "Detector.scan_file": {"executed_lines": [211, 212, 213, 215, 216, 217, 218, 219, 220, 221, 222, 223, 224, 225, 226, 228, 229, 230, 231, 232, 234, 235, 236, 237, 238, 239, 240, 241, 242, 243, 244, 245, 246, 247, 248, 252, 253, 254], "summary": {"covered_lines": 38, "num_statements": 38, "percent_covered": 100.0, "percent_covered_display": "100", "missing_lines": 0, "excluded_lines": 0}, "missing_lines": [], "excluded_lines": []}, "Detector.scan_path": {"executed_lines": [261, 262, 263, 264, 266, 267, 268, 269, 270, 272, 273, 274, 275, 276, 277, 278, 279, 280, 281, 282, 283, 284], "summary": {"covered_lines": 22, "num_statements": 22, "percent_covered": 100.0, "percent_covered_display": "100", "missing_lines": 0, "excluded_lines": 0}, "missing_lines": [], "excluded_lines": []}, "Detector.scan_with_profiles": {"executed_lines": [303, 304, 306, 307, 308, 309, 311, 313, 315, 316, 317, 318, 319, 321, 323, 327, 335], "summary": {"covered_lines": 17, "num_statements": 17, "percent_covered": 100.0, "percent_covered_display": "100", "missing_lines": 0, "excluded_lines": 0}, "missing_lines": [], "excluded_lines": []}, "scan_file": {"executed_lines": [348, 354], "summary": {"covered_lines": 2, "num_statements": 2, "percent_covered": 100.0, "percent_covered_display": "100", "missing_lines": 0, "excluded_lines": 0}, "missing_lines": [], "excluded_lines": []}, "scan_path": {"executed_lines": [368, 374], "summary": {"covered_lines": 2, "num_statements": 2, "percent_covered": 100.0, "percent_covered_display": "100", "missing_lines": 0, "excluded_lines": 0}, "missing_lines": [], "excluded_lines": []}, "": {"executed_lines": [1, 46, 48, 49, 50, 52, 53, 54, 55, 57, 59, 60, 63, 64, 66, 71, 76, 82, 97, 111, 121, 140, 141, 157, 194, 210, 256, 286, 338, 357], "summary": {"covered_lines": 26, "num_statements": 26, "percent_covered": 100.0, "percent_covered_display": "100", "missing_lines": 0, "excluded_lines": 1}, "missing_lines": [], "excluded_lines": [71]}}, "classes": {"DetectorIOError": {"executed_lines": [67, 68, 69], "summary": {"covered_lines": 3, "num_statements": 3, "percent_covered": 100.0, "percent_covered_display": "100", "missing_lines": 0, "excluded_lines": 2}, "missing_lines": [], "excluded_lines": [72, 73]}, "Detector": {"executed_lines": [179, 182, 183, 187, 188, 191, 192, 201, 202, 203, 206, 207, 208, 211, 212, 213, 215, 216, 217, 218, 219, 220, 221, 222, 223, 224, 225, 226, 228, 229, 230, 231, 232, 234, 235, 236, 237, 238, 239, 240, 241, 242, 243, 244, 245, 246, 247, 248, 252, 253, 254, 261, 262, 263, 264, 266, 267, 268, 269, 270, 272, 273, 274, 275, 276, 277, 278, 279, 280, 281, 282, 283, 284, 303, 304, 306, 307, 308, 309, 311, 313, 315, 316, 317, 318, 319, 321, 323, 327, 335], "summary": {"covered_lines": 90, "num_statements": 90, "percent_covered": 100.0, "percent_covered_display": "100", "missing_lines": 0, "excluded_lines": 2}, "missing_lines": [], "excluded_lines": [204, 205]}, "": {"executed_lines": [1, 46, 48, 49, 50, 52, 53, 54, 55, 57, 59, 60, 63, 64, 66, 71, 76, 79, 82, 85, 86, 87, 88, 93, 94, 97, 98, 99, 100, 101, 102, 104, 105, 106, 107, 108, 111, 112, 113, 114, 115, 116, 117, 118, 121, 122, 123, 124, 125, 126, 127, 128, 129, 133, 134, 135, 136, 137, 140, 141, 157, 194, 210, 256, 286, 338, 348, 354, 357, 368, 374], "summary": {"covered_lines": 67, "num_statements": 67, "percent_covered": 100.0, "percent_covered_display": "100", "missing_lines": 0, "excluded_lines": 1}, "missing_lines": [], "excluded_lines": [71]}}}, "src/driftbuster/core/diffing.py": {"executed_lines": [1, 21, 23, 24, 26, 30, 31, 32, 34, 35, 36, 37, 38, 39, 40, 41, 42, 45, 59, 60, 61, 62, 63, 76, 84, 95, 98, 101, 103, 106], "summary": {"covered_lines": 27, "num_statements": 27, "percent_covered": 100.0, "percent_covered_display": "100", "missing_lines": 0, "excluded_lines": 2}, "missing_lines": [], "excluded_lines": [26, 27], "functions": {"build_diff_plan": {"executed_lines": [59, 60, 61, 62, 63], "summary": {"covered_lines": 5, "num_statements": 5, "percent_covered": 100.0, "percent_covered_display": "100", "missing_lines": 0, "excluded_lines": 0}, "missing_lines": [], "excluded_lines": []}, "plan_to_kwargs": {"executed_lines": [84, 95], "summary": {"covered_lines": 2, "num_statements": 2, "percent_covered": 100.0, "percent_covered_display": "100", "missing_lines": 0, "excluded_lines": 0}, "missing_lines": [], "excluded_lines": []}, "execute_diff_plan": {"executed_lines": [101, 103], "summary": {"covered_lines": 2, "num_statements": 2, "percent_covered": 100.0, "percent_covered_display": "100", "missing_lines": 0, "excluded_lines": 0}, "missing_lines": [], "excluded_lines": []}, "": {"executed_lines": [1, 21, 23, 24, 26, 30, 31, 32, 34, 35, 36, 37, 38, 39, 40, 41, 42, 45, 76, 98, 106], "summary": {"covered_lines": 18, "num_statements": 18, "percent_covered": 100.0, "percent_covered_display": "100", "missing_lines": 0, "excluded_lines": 2}, "missing_lines": [], "excluded_lines": [26, 27]}}, "classes": {"DiffPlan": {"executed_lines": [], "summary": {"covered_lines": 0, "num_statements": 0, "percent_covered": 100.0, "percent_covered_display": "100", "missing_lines": 0, "excluded_lines": 0}, "missing_lines": [], "excluded_lines": []}, "": {"executed_lines": [1, 21, 23, 24, 26, 30, 31, 32, 34, 35, 36, 37, 38, 39, 40, 41, 42, 45, 59, 60, 61, 62, 63, 76, 84, 95, 98, 101, 103, 106], "summary": {"covered_lines": 27, "num_statements": 27, "percent_covered": 100.0, "percent_covered_display": "100", "missing_lines": 0, "excluded_lines": 2}, "missing_lines": [], "excluded_lines": [26, 27]}}}, "src/driftbuster/core/profiles.py": {"executed_lines": [1, 9, 11, 12, 13, 14, 15, 26, 29, 32, 33, 34, 35, 38, 39, 42, 43, 46, 47, 48, 50, 51, 52, 53, 54, 55, 56, 57, 58, 59, 61, 62, 63, 64, 65, 66, 67, 73, 81, 82, 84, 89, 90, 91, 92, 94, 95, 97, 98, 100, 102, 103, 104, 105, 106, 109, 110, 111, 113, 114, 115, 116, 117, 119, 120, 121, 122, 124, 127, 128, 129, 131, 137, 145, 148, 149, 150, 152, 153, 156, 157, 158, 160, 161, 162, 165, 166, 176, 180, 181, 182, 183, 184, 186, 187, 188, 190, 191, 192, 193, 194, 198, 199, 200, 201, 207, 208, 209, 214, 215, 216, 218, 221, 222, 223, 225, 232, 233, 235, 236, 237, 238, 240, 241, 242, 243, 247, 251, 255, 256, 258, 259, 260, 261, 262, 263, 265, 266, 267, 269, 270, 271, 273, 280, 281, 286, 287, 292, 294, 295, 296, 297, 301, 302, 304, 305, 307, 310, 311, 312, 313, 314, 315, 316, 317, 329, 334, 336, 342, 343, 349, 352, 353, 354, 355, 357, 365, 366, 367, 368, 372, 375, 377, 378, 379, 380, 381, 382, 383, 397, 406, 408, 411, 437, 440, 446, 447, 448, 449, 450, 452, 455, 456, 460, 461, 462, 463, 464, 465, 466, 467, 468, 473, 474, 475, 476, 477, 479, 480, 482, 483, 485, 486, 487, 488, 489, 492, 495, 500, 512, 523, 526], "summary": {"covered_lines": 211, "num_statements": 211, "percent_covered": 100.0, "percent_covered_display": "100", "missing_lines": 0, "excluded_lines": 19}, "missing_lines": [], "excluded_lines": [61, 62, 63, 64, 65, 66, 67, 68, 69, 70, 71, 119, 120, 121, 122, 237, 238, 449, 450], "functions": {"normalize_tags": {"executed_lines": [32, 33, 34, 35], "summary": {"covered_lines": 4, "num_statements": 4, "percent_covered": 100.0, "percent_covered_display": "100", "missing_lines": 0, "excluded_lines": 0}, "missing_lines": [], "excluded_lines": []}, "_freeze_mapping": {"executed_lines": [39], "summary": {"covered_lines": 1, "num_statements": 1, "percent_covered": 100.0, "percent_covered_display": "100", "missing_lines": 0, "excluded_lines": 0}, "missing_lines": [], "excluded_lines": []}, "_normalize_path": {"executed_lines": [43], "summary": {"covered_lines": 1, "num_statements": 1, "percent_covered": 100.0, "percent_covered_display": "100", "missing_lines": 0, "excluded_lines": 0}, "missing_lines": [], "excluded_lines": []}, "ProfileConfig.__post_init__": {"executed_lines": [62, 63, 64, 65, 66, 67], "summary": {"covered_lines": 0, "num_statements": 0, "percent_covered": 100.0, "percent_covered_display": "100", "missing_lines": 0, "excluded_lines": 10}, "missing_lines": [], "excluded_lines": [62, 63, 64, 65, 66, 67, 68, 69, 70, 71]}, "ProfileConfig.matches": {"executed_lines": [81, 82, 84, 89, 90, 91, 92, 94, 95, 97, 98, 100, 102, 103, 104, 105, 106], "summary": {"covered_lines": 17, "num_statements": 17, "percent_covered": 100.0, "percent_covered_display": "100", "missing_lines": 0, "excluded_lines": 0}, "missing_lines": [], "excluded_lines": []}, "ConfigurationProfile.__post_init__": {"executed_lines": [120, 121, 122], "summary": {"covered_lines": 0, "num_statements": 0, "percent_covered": 100.0, "percent_covered_display": "100", "missing_lines": 0, "excluded_lines": 3}, "missing_lines": [], "excluded_lines": [120, 121, 122]}, "ConfigurationProfile.applies_to": {"executed_lines": [127, 128, 129], "summary": {"covered_lines": 3, "num_statements": 3, "percent_covered": 100.0, "percent_covered_display": "100", "missing_lines": 0, "excluded_lines": 0}, "missing_lines": [], "excluded_lines": []}, "ConfigurationProfile.matching_configs": {"executed_lines": [137, 145], "summary": {"covered_lines": 2, "num_statements": 2, "percent_covered": 100.0, "percent_covered_display": "100", "missing_lines": 0, "excluded_lines": 0}, "missing_lines": [], "excluded_lines": []}, "ProfileStore.__init__": {"executed_lines": [180, 181, 182, 183, 184], "summary": {"covered_lines": 5, "num_statements": 5, "percent_covered": 100.0, "percent_covered_display": "100", "missing_lines": 0, "excluded_lines": 0}, "missing_lines": [], "excluded_lines": []}, "ProfileStore._validate_profile": {"executed_lines": [187, 188, 190, 191, 192, 193, 194, 198, 199, 200, 201], "summary": {"covered_lines": 11, "num_statements": 11, "percent_covered": 100.0, "percent_covered_display": "100", "missing_lines": 0, "excluded_lines": 0}, "missing_lines": [], "excluded_lines": []}, "ProfileStore._index_profile": {"executed_lines": [208, 209], "summary": {"covered_lines": 2, "num_statements": 2, "percent_covered": 100.0, "percent_covered_display": "100", "missing_lines": 0, "excluded_lines": 0}, "missing_lines": [], "excluded_lines": []}, "ProfileStore._drop_profile_index": {"executed_lines": [215, 216], "summary": {"covered_lines": 2, "num_statements": 2, "percent_covered": 100.0, "percent_covered_display": "100", "missing_lines": 0, "excluded_lines": 0}, "missing_lines": [], "excluded_lines": []}, "ProfileStore.register_profile": {"executed_lines": [221, 222, 223], "summary": {"covered_lines": 3, "num_statements": 3, "percent_covered": 100.0, "percent_covered_display": "100", "missing_lines": 0, "excluded_lines": 0}, "missing_lines": [], "excluded_lines": []}, "ProfileStore.update_profile": {"executed_lines": [232, 233, 235, 236, 237, 238, 240, 241, 242, 243, 247, 251, 255, 256, 258, 259, 260, 261, 262, 263, 265, 266, 267], "summary": {"covered_lines": 21, "num_statements": 21, "percent_covered": 100.0, "percent_covered_display": "100", "missing_lines": 0, "excluded_lines": 2}, "missing_lines": [], "excluded_lines": [237, 238]}, "ProfileStore.remove_profile": {"executed_lines": [270, 271], "summary": {"covered_lines": 2, "num_statements": 2, "percent_covered": 100.0, "percent_covered_display": "100", "missing_lines": 0, "excluded_lines": 0}, "missing_lines": [], "excluded_lines": []}, "ProfileStore.remove_config": {"executed_lines": [280, 294, 295, 296, 297], "summary": {"covered_lines": 5, "num_statements": 5, "percent_covered": 100.0, "percent_covered_display": "100", "missing_lines": 0, "excluded_lines": 0}, "missing_lines": [], "excluded_lines": []}, "ProfileStore.remove_config._remove": {"executed_lines": [281, 286, 287, 292], "summary": {"covered_lines": 4, "num_statements": 4, "percent_covered": 100.0, "percent_covered_display": "100", "missing_lines": 0, "excluded_lines": 0}, "missing_lines": [], "excluded_lines": []}, "ProfileStore.get_profile": {"executed_lines": [302], "summary": {"covered_lines": 1, "num_statements": 1, "percent_covered": 100.0, "percent_covered_display": "100", "missing_lines": 0, "excluded_lines": 0}, "missing_lines": [], "excluded_lines": []}, "ProfileStore.profiles": {"executed_lines": [305], "summary": {"covered_lines": 1, "num_statements": 1, "percent_covered": 100.0, "percent_covered_display": "100", "missing_lines": 0, "excluded_lines": 0}, "missing_lines": [], "excluded_lines": []}, "ProfileStore.summary": {"executed_lines": [310, 311, 312, 313, 314, 315, 316, 317, 329, 334], "summary": {"covered_lines": 10, "num_statements": 10, "percent_covered": 100.0, "percent_covered_display": "100", "missing_lines": 0, "excluded_lines": 0}, "missing_lines": [], "excluded_lines": []}, "ProfileStore.applicable_profiles": {"executed_lines": [342, 343], "summary": {"covered_lines": 2, "num_statements": 2, "percent_covered": 100.0, "percent_covered_display": "100", "missing_lines": 0, "excluded_lines": 0}, "missing_lines": [], "excluded_lines": []}, "ProfileStore.find_config": {"executed_lines": [352, 353, 354, 355], "summary": {"covered_lines": 4, "num_statements": 4, "percent_covered": 100.0, "percent_covered_display": "100", "missing_lines": 0, "excluded_lines": 0}, "missing_lines": [], "excluded_lines": []}, "ProfileStore.matching_configs": {"executed_lines": [365, 366, 367, 368, 372, 375], "summary": {"covered_lines": 6, "num_statements": 6, "percent_covered": 100.0, "percent_covered_display": "100", "missing_lines": 0, "excluded_lines": 0}, "missing_lines": [], "excluded_lines": []}, "ProfileStore.from_dict": {"executed_lines": [379, 380, 381, 382, 383, 397, 406], "summary": {"covered_lines": 7, "num_statements": 7, "percent_covered": 100.0, "percent_covered_display": "100", "missing_lines": 0, "excluded_lines": 0}, "missing_lines": [], "excluded_lines": []}, "ProfileStore.to_dict": {"executed_lines": [411, 437], "summary": {"covered_lines": 2, "num_statements": 2, "percent_covered": 100.0, "percent_covered_display": "100", "missing_lines": 0, "excluded_lines": 0}, "missing_lines": [], "excluded_lines": []}, "diff_summary_snapshots": {"executed_lines": [446, 452, 479, 480, 482, 483, 485, 486, 487, 488, 489, 492, 495, 500, 512, 523], "summary": {"covered_lines": 16, "num_statements": 16, "percent_covered": 100.0, "percent_covered_display": "100", "missing_lines": 0, "excluded_lines": 0}, "missing_lines": [], "excluded_lines": []}, "diff_summary_snapshots._as_int": {"executed_lines": [447, 448, 449, 450], "summary": {"covered_lines": 2, "num_statements": 2, "percent_covered": 100.0, "percent_covered_display": "100", "missing_lines": 0, "excluded_lines": 2}, "missing_lines": [], "excluded_lines": [449, 450]}, "diff_summary_snapshots._profile_map": {"executed_lines": [455, 456, 460, 461, 462, 463, 464, 465, 466, 467, 468, 473, 474, 475, 476, 477], "summary": {"covered_lines": 16, "num_statements": 16, "percent_covered": 100.0, "percent_covered_display": "100", "missing_lines": 0, "excluded_lines": 0}, "missing_lines": [], "excluded_lines": []}, "": {"executed_lines": [1, 9, 11, 12, 13, 14, 15, 26, 29, 38, 42, 46, 47, 48, 50, 51, 52, 53, 54, 55, 56, 57, 58, 59, 61, 73, 109, 110, 111, 113, 114, 115, 116, 117, 119, 124, 131, 148, 149, 150, 152, 153, 156, 157, 158, 160, 161, 162, 165, 166, 176, 186, 207, 214, 218, 225, 269, 273, 301, 304, 307, 336, 349, 357, 377, 378, 408, 440, 526], "summary": {"covered_lines": 61, "num_statements": 61, "percent_covered": 100.0, "percent_covered_display": "100", "missing_lines": 0, "excluded_lines": 2}, "missing_lines": [], "excluded_lines": [61, 119]}}, "classes": {"ProfileConfig": {"executed_lines": [62, 63, 64, 65, 66, 67, 81, 82, 84, 89, 90, 91, 92, 94, 95, 97, 98, 100, 102, 103, 104, 105, 106], "summary": {"covered_lines": 17, "num_statements": 17, "percent_covered": 100.0, "percent_covered_display": "100", "missing_lines": 0, "excluded_lines": 10}, "missing_lines": [], "excluded_lines": [62, 63, 64, 65, 66, 67, 68, 69, 70, 71]}, "ConfigurationProfile": {"executed_lines": [120, 121, 122, 127, 128, 129, 137, 145], "summary": {"covered_lines": 5, "num_statements": 5, "percent_covered": 100.0, "percent_covered_display": "100", "missing_lines": 0, "excluded_lines": 3}, "missing_lines": [], "excluded_lines": [120, 121, 122]}, "AppliedProfileConfig": {"executed_lines": [], "summary": {"covered_lines": 0, "num_statements": 0, "percent_covered": 100.0, "percent_covered_display": "100", "missing_lines": 0, "excluded_lines": 0}, "missing_lines": [], "excluded_lines": []}, "ProfiledDetection": {"executed_lines": [], "summary": {"covered_lines": 0, "num_statements": 0, "percent_covered": 100.0, "percent_covered_display": "100", "missing_lines": 0, "excluded_lines": 0}, "missing_lines": [], "excluded_lines": []}, "ProfileStore": {"executed_lines": [180, 181, 182, 183, 184, 187, 188, 190, 191, 192, 193, 194, 198, 199, 200, 201, 208, 209, 215, 216, 221, 222, 223, 232, 233, 235, 236, 237, 238, 240, 241, 242, 243, 247, 251, 255, 256, 258, 259, 260, 261, 262, 263, 265, 266, 267, 270, 271, 280, 281, 286, 287, 292, 294, 295, 296, 297, 302, 305, 310, 311, 312, 313, 314, 315, 316, 317, 329, 334, 342, 343, 352, 353, 354, 355, 365, 366, 367, 368, 372, 375, 379, 380, 381, 382, 383, 397, 406, 411, 437], "summary": {"covered_lines": 88, "num_statements": 88, "percent_covered": 100.0, "percent_covered_display": "100", "missing_lines": 0, "excluded_lines": 2}, "missing_lines": [], "excluded_lines": [237, 238]}, "": {"executed_lines": [1, 9, 11, 12, 13, 14, 15, 26, 29, 32, 33, 34, 35, 38, 39, 42, 43, 46, 47, 48, 50, 51, 52, 53, 54, 55, 56, 57, 58, 59, 61, 73, 109, 110, 111, 113, 114, 115, 116, 117, 119, 124, 131, 148, 149, 150, 152, 153, 156, 157, 158, 160, 161, 162, 165, 166, 176, 186, 207, 214, 218, 225, 269, 273, 301, 304, 307, 336, 349, 357, 377, 378, 408, 440, 446, 447, 448, 449, 450, 452, 455, 456, 460, 461, 462, 463, 464, 465, 466, 467, 468, 473, 474, 475, 476, 477, 479, 480, 482, 483, 485, 486, 487, 488, 489, 492, 495, 500, 512, 523, 526], "summary": {"covered_lines": 101, "num_statements": 101, "percent_covered": 100.0, "percent_covered_display": "100", "missing_lines": 0, "excluded_lines": 4}, "missing_lines": [], "excluded_lines": [61, 119, 449, 450]}}}, "src/driftbuster/core/run_profiles.py": {"executed_lines": [1, 3, 4, 5, 6, 7, 8, 9, 10, 11, 14, 15, 18, 19, 20, 23, 24, 25, 28, 29, 35, 36, 37, 38, 40, 41, 42, 43, 45, 46, 48, 49, 50, 51, 54, 55, 56, 57, 60, 61, 62, 64, 65, 66, 68, 69, 71, 72, 73, 74, 76, 77, 79, 80, 81, 83, 84, 85, 86, 87, 89, 97, 98, 99, 100, 101, 102, 103, 105, 106, 107, 108, 109, 110, 112, 113, 115, 116, 117, 125, 126, 135, 136, 137, 138, 139, 140, 143, 144, 145, 146, 147, 148, 150, 151, 167, 168, 169, 170, 173, 174, 177, 182, 183, 184, 185, 186, 187, 190, 191, 193, 194, 195, 196, 200, 203, 204, 205, 206, 207, 208, 209, 212, 218, 219, 220, 221, 223, 225, 226, 227, 228, 230, 231, 232, 233, 234, 236, 237, 238, 239, 240, 241, 249, 250, 259, 260, 286, 294, 295, 296, 297, 299, 300, 302, 305, 312, 313, 315, 316, 317, 318, 320, 321, 322, 323, 325], "summary": {"covered_lines": 167, "num_statements": 167, "percent_covered": 100.0, "percent_covered_display": "100", "missing_lines": 0, "excluded_lines": 2}, "missing_lines": [], "excluded_lines": [88, 92], "functions": {"_timestamp": {"executed_lines": [15], "summary": {"covered_lines": 1, "num_statements": 1, "percent_covered": 100.0, "percent_covered_display": "100", "missing_lines": 0, "excluded_lines": 0}, "missing_lines": [], "excluded_lines": []}, "_expand_path": {"executed_lines": [19, 20], "summary": {"covered_lines": 2, "num_statements": 2, "percent_covered": 100.0, "percent_covered_display": "100", "missing_lines": 0, "excluded_lines": 0}, "missing_lines": [], "excluded_lines": []}, "_has_magic": {"executed_lines": [24, 25], "summary": {"covered_lines": 2, "num_statements": 2, "percent_covered": 100.0, "percent_covered_display": "100", "missing_lines": 0, "excluded_lines": 0}, "missing_lines": [], "excluded_lines": []}, "_safe_name": {"executed_lines": [29], "summary": {"covered_lines": 1, "num_statements": 1, "percent_covered": 100.0, "percent_covered_display": "100", "missing_lines": 0, "excluded_lines": 0}, "missing_lines": [], "excluded_lines": []}, "_glob_base_directory": {"executed_lines": [36, 37, 38, 40, 41, 42, 43, 45, 46, 48, 49, 50, 51], "summary": {"covered_lines": 13, "num_statements": 13, "percent_covered": 100.0, "percent_covered_display": "100", "missing_lines": 0, "excluded_lines": 0}, "missing_lines": [], "excluded_lines": []}, "_normalise_options": {"executed_lines": [55, 56, 57], "summary": {"covered_lines": 3, "num_statements": 3, "percent_covered": 100.0, "percent_covered_display": "100", "missing_lines": 0, "excluded_lines": 0}, "missing_lines": [], "excluded_lines": []}, "_validate_profile": {"executed_lines": [61, 62, 64, 65, 66, 68, 69, 71, 72, 73, 74, 76, 77, 79, 80, 81, 83, 84, 85, 86, 87, 89], "summary": {"covered_lines": 22, "num_statements": 22, "percent_covered": 100.0, "percent_covered_display": "100", "missing_lines": 0, "excluded_lines": 2}, "missing_lines": [], "excluded_lines": [88, 92]}, "RunProfile.__post_init__": {"executed_lines": [106, 107, 108, 109, 110, 112, 113], "summary": {"covered_lines": 7, "num_statements": 7, "percent_covered": 100.0, "percent_covered_display": "100", "missing_lines": 0, "excluded_lines": 0}, "missing_lines": [], "excluded_lines": []}, "RunProfile.from_dict": {"executed_lines": [117], "summary": {"covered_lines": 1, "num_statements": 1, "percent_covered": 100.0, "percent_covered_display": "100", "missing_lines": 0, "excluded_lines": 0}, "missing_lines": [], "excluded_lines": []}, "RunProfile.to_dict": {"executed_lines": [126], "summary": {"covered_lines": 1, "num_statements": 1, "percent_covered": 100.0, "percent_covered_display": "100", "missing_lines": 0, "excluded_lines": 0}, "missing_lines": [], "excluded_lines": []}, "ProfileRunResult.to_dict": {"executed_lines": [151], "summary": {"covered_lines": 1, "num_statements": 1, "percent_covered": 100.0, "percent_covered_display": "100", "missing_lines": 0, "excluded_lines": 0}, "missing_lines": [], "excluded_lines": []}, "profiles_root": {"executed_lines": [168, 169, 170], "summary": {"covered_lines": 3, "num_statements": 3, "percent_covered": 100.0, "percent_covered_display": "100", "missing_lines": 0, "excluded_lines": 0}, "missing_lines": [], "excluded_lines": []}, "profile_directory": {"executed_lines": [174], "summary": {"covered_lines": 1, "num_statements": 1, "percent_covered": 100.0, "percent_covered_display": "100", "missing_lines": 0, "excluded_lines": 0}, "missing_lines": [], "excluded_lines": []}, "load_profile": {"executed_lines": [182, 183, 184, 185, 186, 187], "summary": {"covered_lines": 6, "num_statements": 6, "percent_covered": 100.0, "percent_covered_display": "100", "missing_lines": 0, "excluded_lines": 0}, "missing_lines": [], "excluded_lines": []}, "save_profile": {"executed_lines": [191, 193, 194, 195, 196, 200], "summary": {"covered_lines": 6, "num_statements": 6, "percent_covered": 100.0, "percent_covered_display": "100", "missing_lines": 0, "excluded_lines": 0}, "missing_lines": [], "excluded_lines": []}, "list_profiles": {"executed_lines": [204, 205, 206, 207, 208, 209], "summary": {"covered_lines": 6, "num_statements": 6, "percent_covered": 100.0, "percent_covered_display": "100", "missing_lines": 0, "excluded_lines": 0}, "missing_lines": [], "excluded_lines": []}, "execute_profile": {"executed_lines": [218, 219, 220, 221, 223, 225, 226, 227, 228, 230, 231, 232, 233, 234, 236, 237, 238, 239, 240, 241, 249, 250, 259, 260, 286], "summary": {"covered_lines": 25, "num_statements": 25, "percent_covered": 100.0, "percent_covered_display": "100", "missing_lines": 0, "excluded_lines": 0}, "missing_lines": [], "excluded_lines": []}, "_collect_matches": {"executed_lines": [295, 296, 297, 299, 300, 302], "summary": {"covered_lines": 6, "num_statements": 6, "percent_covered": 100.0, "percent_covered_display": "100", "missing_lines": 0, "excluded_lines": 0}, "missing_lines": [], "excluded_lines": []}, "_copy_file": {"executed_lines": [312, 313, 315, 316, 317, 318, 320, 321, 322, 323, 325], "summary": {"covered_lines": 11, "num_statements": 11, "percent_covered": 100.0, "percent_covered_display": "100", "missing_lines": 0, "excluded_lines": 0}, "missing_lines": [], "excluded_lines": []}, "": {"executed_lines": [1, 3, 4, 5, 6, 7, 8, 9, 10, 11, 14, 18, 23, 28, 35, 54, 60, 97, 98, 99, 100, 101, 102, 103, 105, 115, 116, 125, 135, 136, 137, 138, 139, 140, 143, 144, 145, 146, 147, 148, 150, 167, 173, 177, 190, 203, 212, 294, 305], "summary": {"covered_lines": 49, "num_statements": 49, "percent_covered": 100.0, "percent_covered_display": "100", "missing_lines": 0, "excluded_lines": 0}, "missing_lines": [], "excluded_lines": []}}, "classes": {"RunProfile": {"executed_lines": [106, 107, 108, 109, 110, 112, 113, 117, 126], "summary": {"covered_lines": 9, "num_statements": 9, "percent_covered": 100.0, "percent_covered_display": "100", "missing_lines": 0, "excluded_lines": 0}, "missing_lines": [], "excluded_lines": []}, "ProfileFile": {"executed_lines": [], "summary": {"covered_lines": 0, "num_statements": 0, "percent_covered": 100.0, "percent_covered_display": "100", "missing_lines": 0, "excluded_lines": 0}, "missing_lines": [], "excluded_lines": []}, "ProfileRunResult": {"executed_lines": [151], "summary": {"covered_lines": 1, "num_statements": 1, "percent_covered": 100.0, "percent_covered_display": "100", "missing_lines": 0, "excluded_lines": 0}, "missing_lines": [], "excluded_lines": []}, "": {"executed_lines": [1, 3, 4, 5, 6, 7, 8, 9, 10, 11, 14, 15, 18, 19, 20, 23, 24, 25, 28, 29, 35, 36, 37, 38, 40, 41, 42, 43, 45, 46, 48, 49, 50, 51, 54, 55, 56, 57, 60, 61, 62, 64, 65, 66, 68, 69, 71, 72, 73, 74, 76, 77, 79, 80, 81, 83, 84, 85, 86, 87, 89, 97, 98, 99, 100, 101, 102, 103, 105, 115, 116, 125, 135, 136, 137, 138, 139, 140, 143, 144, 145, 146, 147, 148, 150, 167, 168, 169, 170, 173, 174, 177, 182, 183, 184, 185, 186, 187, 190, 191, 193, 194, 195, 196, 200, 203, 204, 205, 206, 207, 208, 209, 212, 218, 219, 220, 221, 223, 225, 226, 227, 228, 230, 231, 232, 233, 234, 236, 237, 238, 239, 240, 241, 249, 250, 259, 260, 286, 294, 295, 296, 297, 299, 300, 302, 305, 312, 313, 315, 316, 317, 318, 320, 321, 322, 323, 325], "summary": {"covered_lines": 157, "num_statements": 157, "percent_covered": 100.0, "percent_covered_display": "100", "missing_lines": 0, "excluded_lines": 2}, "missing_lines": [], "excluded_lines": [88, 92]}}}, "src/driftbuster/core/types.py": {"executed_lines": [1, 22, 24, 25, 26, 27, 29, 31, 34, 35, 38, 53, 64, 67, 68, 69, 70, 71, 72, 73, 74, 79, 80, 81, 82, 83, 84, 85, 86, 87, 88, 89, 90, 91, 92, 95, 98, 99, 100, 101, 102, 103, 104, 105, 106, 107, 108, 111, 112, 113, 114, 115, 116, 120, 123, 146, 147, 149, 150, 151, 154, 156, 157, 158, 159, 160, 161, 163, 165, 166, 168, 169, 170, 171, 174, 175, 177, 178, 179, 181, 183, 186, 189, 190, 194, 204, 205, 206, 207, 208, 209, 210, 211, 213, 214], "summary": {"covered_lines": 93, "num_statements": 93, "percent_covered": 100.0, "percent_covered_display": "100", "missing_lines": 0, "excluded_lines": 0}, "missing_lines": [], "excluded_lines": [], "functions": {"_ensure_mapping": {"executed_lines": [68, 69, 70, 71, 72, 73, 74], "summary": {"covered_lines": 7, "num_statements": 7, "percent_covered": 100.0, "percent_covered_display": "100", "missing_lines": 0, "excluded_lines": 0}, "missing_lines": [], "excluded_lines": []}, "_json_safe": {"executed_lines": [80, 81, 82, 83, 84, 85, 86, 87, 88, 89, 90, 91, 92], "summary": {"covered_lines": 13, "num_statements": 13, "percent_covered": 100.0, "percent_covered_display": "100", "missing_lines": 0, "excluded_lines": 0}, "missing_lines": [], "excluded_lines": []}, "_build_format_lookup": {"executed_lines": [98, 99, 100, 101, 102, 103, 104, 105, 106, 107, 108], "summary": {"covered_lines": 11, "num_statements": 11, "percent_covered": 100.0, "percent_covered_display": "100", "missing_lines": 0, "excluded_lines": 0}, "missing_lines": [], "excluded_lines": []}, "_normalise_identifier": {"executed_lines": [112, 113, 114, 115, 116, 120], "summary": {"covered_lines": 6, "num_statements": 6, "percent_covered": 100.0, "percent_covered_display": "100", "missing_lines": 0, "excluded_lines": 0}, "missing_lines": [], "excluded_lines": []}, "validate_detection_metadata": {"executed_lines": [146, 147, 149, 150, 151, 154, 156, 157, 158, 159, 160, 161, 163, 165, 166, 168, 169, 170, 171, 174, 175, 177, 178, 179, 181, 183], "summary": {"covered_lines": 26, "num_statements": 26, "percent_covered": 100.0, "percent_covered_display": "100", "missing_lines": 0, "excluded_lines": 0}, "missing_lines": [], "excluded_lines": []}, "summarise_metadata": {"executed_lines": [189, 190, 194], "summary": {"covered_lines": 3, "num_statements": 3, "percent_covered": 100.0, "percent_covered_display": "100", "missing_lines": 0, "excluded_lines": 0}, "missing_lines": [], "excluded_lines": []}, "DetectionMatch.to_dict": {"executed_lines": [214], "summary": {"covered_lines": 1, "num_statements": 1, "percent_covered": 100.0, "percent_covered_display": "100", "missing_lines": 0, "excluded_lines": 0}, "missing_lines": [], "excluded_lines": []}, "": {"executed_lines": [1, 22, 24, 25, 26, 27, 29, 31, 34, 35, 38, 53, 64, 67, 79, 95, 111, 123, 186, 204, 205, 206, 207, 208, 209, 210, 211, 213], "summary": {"covered_lines": 26, "num_statements": 26, "percent_covered": 100.0, "percent_covered_display": "100", "missing_lines": 0, "excluded_lines": 0}, "missing_lines": [], "excluded_lines": []}}, "classes": {"MetadataValidationError": {"executed_lines": [], "summary": {"covered_lines": 0, "num_statements": 0, "percent_covered": 100.0, "percent_covered_display": "100", "missing_lines": 0, "excluded_lines": 0}, "missing_lines": [], "excluded_lines": []}, "DetectionMatch": {"executed_lines": [214], "summary": {"covered_lines": 1, "num_statements": 1, "percent_covered": 100.0, "percent_covered_display": "100", "missing_lines": 0, "excluded_lines": 0}, "missing_lines": [], "excluded_lines": []}, "": {"executed_lines": [1, 22, 24, 25, 26, 27, 29, 31, 34, 35, 38, 53, 64, 67, 68, 69, 70, 71, 72, 73, 74, 79, 80, 81, 82, 83, 84, 85, 86, 87, 88, 89, 90, 91, 92, 95, 98, 99, 100, 101, 102, 103, 104, 105, 106, 107, 108, 111, 112, 113, 114, 115, 116, 120, 123, 146, 147, 149, 150, 151, 154, 156, 157, 158, 159, 160, 161, 163, 165, 166, 168, 169, 170, 171, 174, 175, 177, 178, 179, 181, 183, 186, 189, 190, 194, 204, 205, 206, 207, 208, 209, 210, 211, 213], "summary": {"covered_lines": 92, "num_statements": 92, "percent_covered": 100.0, "percent_covered_display": "100", "missing_lines": 0, "excluded_lines": 0}, "missing_lines": [], "excluded_lines": []}}}, "src/driftbuster/formats/__init__.py": {"executed_lines": [1, 3, 4, 13, 14, 15, 17], "summary": {"covered_lines": 6, "num_statements": 6, "percent_covered": 100.0, "percent_covered_display": "100", "missing_lines": 0, "excluded_lines": 0}, "missing_lines": [], "excluded_lines": [], "functions": {"": {"executed_lines": [1, 3, 4, 13, 14, 15, 17], "summary": {"covered_lines": 6, "num_statements": 6, "percent_covered": 100.0, "percent_covered_display": "100", "missing_lines": 0, "excluded_lines": 0}, "missing_lines": [], "excluded_lines": []}}, "classes": {"": {"executed_lines": [1, 3, 4, 13, 14, 15, 17], "summary": {"covered_lines": 6, "num_statements": 6, "percent_covered": 100.0, "percent_covered_display": "100", "missing_lines": 0, "excluded_lines": 0}, "missing_lines": [], "excluded_lines": []}}}, "src/driftbuster/formats/format_registry.py": {"executed_lines": [1, 8, 10, 11, 12, 13, 15, 18, 19, 21, 22, 23, 25, 34, 35, 36, 39, 42, 52, 53, 54, 57, 67, 69, 70, 71, 74, 77, 80, 81, 82, 83, 93, 96, 99, 105, 108, 109, 110, 111, 112, 113, 117, 121, 124, 125, 126, 127, 128, 131, 132, 133, 134, 135, 138, 139, 140, 142, 143, 144, 146, 147, 149, 150, 151, 152, 156, 157, 161, 163, 166, 169, 170, 171, 172, 173, 174, 175, 176, 178, 179, 180, 181, 182, 183, 184, 185, 186, 187, 188], "summary": {"covered_lines": 87, "num_statements": 87, "percent_covered": 100.0, "percent_covered_display": "100", "missing_lines": 0, "excluded_lines": 9}, "missing_lines": [], "excluded_lines": [25, 26, 27, 28, 29, 30, 31, 32, 33], "functions": {"FormatPlugin.detect": {"executed_lines": [], "summary": {"covered_lines": 0, "num_statements": 0, "percent_covered": 100.0, "percent_covered_display": "100", "missing_lines": 0, "excluded_lines": 1}, "missing_lines": [], "excluded_lines": [31]}, "register": {"executed_lines": [52, 53, 54], "summary": {"covered_lines": 3, "num_statements": 3, "percent_covered": 100.0, "percent_covered_display": "100", "missing_lines": 0, "excluded_lines": 0}, "missing_lines": [], "excluded_lines": []}, "get_plugins": {"executed_lines": [67, 69, 70, 71, 74], "summary": {"covered_lines": 5, "num_statements": 5, "percent_covered": 100.0, "percent_covered_display": "100", "missing_lines": 0, "excluded_lines": 0}, "missing_lines": [], "excluded_lines": []}, "registry_summary": {"executed_lines": [80, 81, 82, 83, 93], "summary": {"covered_lines": 5, "num_statements": 5, "percent_covered": 100.0, "percent_covered_display": "100", "missing_lines": 0, "excluded_lines": 0}, "missing_lines": [], "excluded_lines": []}, "plugin_versions": {"executed_lines": [99], "summary": {"covered_lines": 1, "num_statements": 1, "percent_covered": 100.0, "percent_covered_display": "100", "missing_lines": 0, "excluded_lines": 0}, "missing_lines": [], "excluded_lines": []}, "_ensure_unique": {"executed_lines": [108, 109, 110, 111, 112, 113, 117], "summary": {"covered_lines": 7, "num_statements": 7, "percent_covered": 100.0, "percent_covered_display": "100", "missing_lines": 0, "excluded_lines": 0}, "missing_lines": [], "excluded_lines": []}, "_strip_bom": {"executed_lines": [125, 126, 127, 128], "summary": {"covered_lines": 4, "num_statements": 4, "percent_covered": 100.0, "percent_covered_display": "100", "missing_lines": 0, "excluded_lines": 0}, "missing_lines": [], "excluded_lines": []}, "_ascii_ratio": {"executed_lines": [132, 133, 134, 135], "summary": {"covered_lines": 4, "num_statements": 4, "percent_covered": 100.0, "percent_covered_display": "100", "missing_lines": 0, "excluded_lines": 0}, "missing_lines": [], "excluded_lines": []}, "looks_text": {"executed_lines": [139, 140, 142, 143, 144, 146, 147, 149, 150, 151, 152, 156, 157, 161, 163], "summary": {"covered_lines": 15, "num_statements": 15, "percent_covered": 100.0, "percent_covered_display": "100", "missing_lines": 0, "excluded_lines": 0}, "missing_lines": [], "excluded_lines": []}, "decode_text": {"executed_lines": [169, 170, 171, 172, 173, 174, 175, 176, 178, 179, 180, 181, 182, 183, 184, 185, 186, 187, 188], "summary": {"covered_lines": 19, "num_statements": 19, "percent_covered": 100.0, "percent_covered_display": "100", "missing_lines": 0, "excluded_lines": 0}, "missing_lines": [], "excluded_lines": []}, "": {"executed_lines": [1, 8, 10, 11, 12, 13, 15, 18, 19, 21, 22, 23, 25, 34, 35, 36, 39, 42, 57, 77, 96, 105, 121, 124, 131, 138, 166], "summary": {"covered_lines": 24, "num_statements": 24, "percent_covered": 100.0, "percent_covered_display": "100", "missing_lines": 0, "excluded_lines": 8}, "missing_lines": [], "excluded_lines": [25, 26, 27, 28, 29, 30, 32, 33]}}, "classes": {"FormatPlugin": {"executed_lines": [], "summary": {"covered_lines": 0, "num_statements": 0, "percent_covered": 100.0, "percent_covered_display": "100", "missing_lines": 0, "excluded_lines": 1}, "missing_lines": [], "excluded_lines": [31]}, "PluginRecord": {"executed_lines": [], "summary": {"covered_lines": 0, "num_statements": 0, "percent_covered": 100.0, "percent_covered_display": "100", "missing_lines": 0, "excluded_lines": 0}, "missing_lines": [], "excluded_lines": []}, "": {"executed_lines": [1, 8, 10, 11, 12, 13, 15, 18, 19, 21, 22, 23, 25, 34, 35, 36, 39, 42, 52, 53, 54, 57, 67, 69, 70, 71, 74, 77, 80, 81, 82, 83, 93, 96, 99, 105, 108, 109, 110, 111, 112, 113, 117, 121, 124, 125, 126, 127, 128, 131, 132, 133, 134, 135, 138, 139, 140, 142, 143, 144, 146, 147, 149, 150, 151, 152, 156, 157, 161, 163, 166, 169, 170, 171, 172, 173, 174, 175, 176, 178, 179, 180, 181, 182, 183, 184, 185, 186, 187, 188], "summary": {"covered_lines": 87, "num_statements": 87, "percent_covered": 100.0, "percent_covered_display": "100", "missing_lines": 0, "excluded_lines": 8}, "missing_lines": [], "excluded_lines": [25, 26, 27, 28, 29, 30, 32, 33]}}}, "src/driftbuster/formats/ini/__init__.py": {"executed_lines": [1, 3, 5], "summary": {"covered_lines": 2, "num_statements": 2, "percent_covered": 100.0, "percent_covered_display": "100", "missing_lines": 0, "excluded_lines": 0}, "missing_lines": [], "excluded_lines": [], "functions": {"": {"executed_lines": [1, 3, 5], "summary": {"covered_lines": 2, "num_statements": 2, "percent_covered": 100.0, "percent_covered_display": "100", "missing_lines": 0, "excluded_lines": 0}, "missing_lines": [], "excluded_lines": []}}, "classes": {"": {"executed_lines": [1, 3, 5], "summary": {"covered_lines": 2, "num_statements": 2, "percent_covered": 100.0, "percent_covered_display": "100", "missing_lines": 0, "excluded_lines": 0}, "missing_lines": [], "excluded_lines": []}}}, "src/driftbuster/formats/ini/plugin.py": {"executed_lines": [1, 3, 5, 6, 7, 8, 9, 11, 12, 15, 16, 20, 21, 22, 31, 34, 36, 38, 56, 57, 58, 60, 61, 62, 64, 65, 66, 68, 69, 71, 72, 74, 75, 76, 81, 82, 83, 84, 86, 87, 89, 93, 94, 97, 99, 100, 101, 102, 103, 104, 105, 106, 107, 108, 109, 110, 111, 113, 114, 115, 116, 117, 119, 120, 121, 122, 123, 124, 126, 127, 128, 129, 131, 132, 133, 134, 136, 137, 138, 140, 141, 142, 143, 145, 146, 147, 148, 150, 151, 152, 153, 154, 156, 157, 159, 160, 161, 166, 167, 169, 170, 171, 172, 173, 174, 175, 176, 177, 178, 179, 180, 181, 185, 186, 188, 189, 190, 194, 195, 197, 198, 199, 200, 202, 203, 204, 205, 207, 208, 209, 211, 212, 213, 215, 216, 217, 219, 220, 221, 223, 224, 226, 227, 229, 230, 232, 233, 236, 238, 239, 240, 241, 242, 243, 244, 245, 246, 247, 248, 249, 250, 251, 252, 254, 255, 257, 258, 259, 260, 261, 262, 263, 264, 265, 266, 267, 268, 269, 270, 271, 272, 274, 276, 277, 278, 281, 284, 286, 292, 293, 294, 295, 296, 297, 299, 300, 302, 303, 304, 305, 306, 307, 308, 309, 310, 311, 313, 314, 315, 317, 327, 329, 330, 331, 333, 341, 342, 343, 344, 347, 348, 349, 350, 353, 354, 355, 356, 360, 365, 370, 371, 372, 375, 376, 377, 381, 382, 383, 385, 386, 387, 391, 392, 396, 397, 398, 402, 404, 414], "summary": {"covered_lines": 247, "num_statements": 247, "percent_covered": 100.0, "percent_covered_display": "100", "missing_lines": 0, "excluded_lines": 2}, "missing_lines": [], "excluded_lines": [135, 144], "functions": {"IniPlugin.detect": {"executed_lines": [65, 66, 68, 69, 71, 72, 74, 75, 76, 81, 82, 83, 84, 86, 87, 89, 93, 94, 97, 99, 100, 101, 102, 103, 104, 105, 106, 107, 108, 109, 110, 111, 113, 114, 115, 116, 117, 119, 120, 121, 122, 123, 124, 126, 127, 128, 129, 131, 132, 133, 134, 136, 137, 138, 140, 141, 142, 143, 145, 146, 147, 148, 150, 151, 152, 153, 154, 156, 157, 159, 160, 161, 166, 167, 169, 170, 171, 172, 173, 174, 175, 176, 177, 178, 179, 180, 181, 185, 186, 188, 189, 190, 194, 195, 197, 198, 199, 200, 202, 203, 204, 205, 207, 208, 209, 211, 212, 213, 215, 216, 217, 219, 220, 221, 223, 224, 226, 227, 229, 230, 232, 233, 236, 238, 239, 240, 241, 242, 243, 244, 245, 246, 247, 248, 249, 250, 251, 252, 254, 255, 257, 258, 259, 260, 261, 262, 263, 264, 265, 266, 267, 268, 269, 270, 271, 272, 274, 276, 277, 278, 281, 284, 286, 292, 293, 294, 295, 296, 297, 299, 300, 302, 303, 304, 305, 306, 307, 308, 309, 310, 311, 313, 314, 315, 317, 327, 329, 330, 331, 333, 341, 342, 343, 344, 347, 348, 349, 350, 353, 354, 355, 356, 360, 365, 370, 371, 372, 375, 376, 377, 381, 382, 383, 385, 386, 387, 391, 392, 396, 397, 398, 402, 404], "summary": {"covered_lines": 223, "num_statements": 223, "percent_covered": 100.0, "percent_covered_display": "100", "missing_lines": 0, "excluded_lines": 2}, "missing_lines": [], "excluded_lines": [135, 144]}, "": {"executed_lines": [1, 3, 5, 6, 7, 8, 9, 11, 12, 15, 16, 20, 21, 22, 31, 34, 36, 38, 56, 57, 58, 60, 61, 62, 64, 414], "summary": {"covered_lines": 24, "num_statements": 24, "percent_covered": 100.0, "percent_covered_display": "100", "missing_lines": 0, "excluded_lines": 0}, "missing_lines": [], "excluded_lines": []}}, "classes": {"IniPlugin": {"executed_lines": [65, 66, 68, 69, 71, 72, 74, 75, 76, 81, 82, 83, 84, 86, 87, 89, 93, 94, 97, 99, 100, 101, 102, 103, 104, 105, 106, 107, 108, 109, 110, 111, 113, 114, 115, 116, 117, 119, 120, 121, 122, 123, 124, 126, 127, 128, 129, 131, 132, 133, 134, 136, 137, 138, 140, 141, 142, 143, 145, 146, 147, 148, 150, 151, 152, 153, 154, 156, 157, 159, 160, 161, 166, 167, 169, 170, 171, 172, 173, 174, 175, 176, 177, 178, 179, 180, 181, 185, 186, 188, 189, 190, 194, 195, 197, 198, 199, 200, 202, 203, 204, 205, 207, 208, 209, 211, 212, 213, 215, 216, 217, 219, 220, 221, 223, 224, 226, 227, 229, 230, 232, 233, 236, 238, 239, 240, 241, 242, 243, 244, 245, 246, 247, 248, 249, 250, 251, 252, 254, 255, 257, 258, 259, 260, 261, 262, 263, 264, 265, 266, 267, 268, 269, 270, 271, 272, 274, 276, 277, 278, 281, 284, 286, 292, 293, 294, 295, 296, 297, 299, 300, 302, 303, 304, 305, 306, 307, 308, 309, 310, 311, 313, 314, 315, 317, 327, 329, 330, 331, 333, 341, 342, 343, 344, 347, 348, 349, 350, 353, 354, 355, 356, 360, 365, 370, 371, 372, 375, 376, 377, 381, 382, 383, 385, 386, 387, 391, 392, 396, 397, 398, 402, 404], "summary": {"covered_lines": 223, "num_statements": 223, "percent_covered": 100.0, "percent_covered_display": "100", "missing_lines": 0, "excluded_lines": 2}, "missing_lines": [], "excluded_lines": [135, 144]}, "": {"executed_lines": [1, 3, 5, 6, 7, 8, 9, 11, 12, 15, 16, 20, 21, 22, 31, 34, 36, 38, 56, 57, 58, 60, 61, 62, 64, 414], "summary": {"covered_lines": 24, "num_statements": 24, "percent_covered": 100.0, "percent_covered_display": "100", "missing_lines": 0, "excluded_lines": 0}, "missing_lines": [], "excluded_lines": []}}}, "src/driftbuster/formats/json/__init__.py": {"executed_lines": [1, 3, 5], "summary": {"covered_lines": 2, "num_statements": 2, "percent_covered": 100.0, "percent_covered_display": "100", "missing_lines": 0, "excluded_lines": 0}, "missing_lines": [], "excluded_lines": [], "functions": {"": {"executed_lines": [1, 3, 5], "summary": {"covered_lines": 2, "num_statements": 2, "percent_covered": 100.0, "percent_covered_display": "100", "missing_lines": 0, "excluded_lines": 0}, "missing_lines": [], "excluded_lines": []}}, "classes": {"": {"executed_lines": [1, 3, 5], "summary": {"covered_lines": 2, "num_statements": 2, "percent_covered": 100.0, "percent_covered_display": "100", "missing_lines": 0, "excluded_lines": 0}, "missing_lines": [], "excluded_lines": []}}}, "src/driftbuster/formats/json/plugin.py": {"executed_lines": [1, 29, 31, 32, 33, 34, 36, 37, 39, 47, 48, 49, 51, 52, 53, 55, 56, 57, 59, 60, 61, 62, 63, 65, 66, 67, 69, 70, 71, 73, 74, 75, 76, 77, 79, 80, 81, 83, 84, 85, 86, 88, 89, 90, 92, 93, 94, 96, 97, 98, 99, 101, 102, 103, 104, 106, 118, 119, 121, 122, 124, 125, 126, 127, 128, 130, 132, 133, 134, 135, 136, 137, 138, 139, 140, 141, 142, 143, 144, 145, 146, 148, 150, 159, 160, 161, 162, 163, 164, 165, 166, 167, 168, 169, 170, 171, 172, 173, 174, 175, 176, 177, 178, 179, 180, 181, 182, 184, 185, 186, 187, 188, 189, 190, 191, 192, 193, 194, 195, 196, 197, 198, 199, 200, 201, 202, 203, 204, 205, 206, 207, 208, 209, 211, 212, 213, 214, 215, 216, 217, 218, 219, 220, 221, 222, 223, 224, 225, 226, 227, 228, 229, 230, 231, 232, 233, 234, 235, 236, 238, 239, 240, 241, 242, 243, 245, 246, 247, 248, 249, 250, 252, 253, 254, 255, 256, 257, 258, 259, 260, 261, 262, 263, 264, 265, 266, 267, 268, 269, 272, 274, 275, 276, 277, 278, 279, 280, 281, 282, 283, 284, 285, 286, 287, 288, 289, 290, 291, 292, 293, 294, 295, 296, 297, 298, 299, 300, 301, 302, 303, 304, 307, 308, 309, 310, 313], "summary": {"covered_lines": 224, "num_statements": 224, "percent_covered": 100.0, "percent_covered_display": "100", "missing_lines": 0, "excluded_lines": 0}, "missing_lines": [], "excluded_lines": [], "functions": {"JsonPlugin.detect": {"executed_lines": [56, 57, 59, 60, 61, 62, 63, 65, 66, 67, 69, 70, 71, 73, 74, 75, 76, 77, 79, 80, 81, 83, 84, 85, 86, 88, 89, 90, 92, 93, 94, 96, 97, 98, 99, 101, 102, 103, 104, 106, 118, 119, 121, 122, 124, 125, 126, 127, 128, 130, 132, 133, 134, 135, 136, 137, 138, 139, 140, 141, 142, 143, 144, 145, 146, 148, 150], "summary": {"covered_lines": 67, "num_statements": 67, "percent_covered": 100.0, "percent_covered_display": "100", "missing_lines": 0, "excluded_lines": 0}, "missing_lines": [], "excluded_lines": []}, "JsonPlugin._strip_leading_comments": {"executed_lines": [160, 161, 162, 163, 164, 165, 166, 167, 168, 169, 170, 171, 172, 173, 174, 175, 176, 177, 178, 179, 180, 181, 182], "summary": {"covered_lines": 23, "num_statements": 23, "percent_covered": 100.0, "percent_covered_display": "100", "missing_lines": 0, "excluded_lines": 0}, "missing_lines": [], "excluded_lines": []}, "JsonPlugin._contains_comments": {"executed_lines": [185, 186, 187, 188, 189, 190, 191, 192, 193, 194, 195, 196, 197, 198, 199, 200, 201, 202, 203, 204, 205, 206, 207, 208, 209], "summary": {"covered_lines": 25, "num_statements": 25, "percent_covered": 100.0, "percent_covered_display": "100", "missing_lines": 0, "excluded_lines": 0}, "missing_lines": [], "excluded_lines": []}, "JsonPlugin._has_key_value_marker": {"executed_lines": [212, 213, 214, 215, 216, 217, 218, 219, 220, 221, 222, 223, 224, 225, 226, 227, 228, 229, 230, 231, 232, 233, 234, 235, 236], "summary": {"covered_lines": 25, "num_statements": 25, "percent_covered": 100.0, "percent_covered_display": "100", "missing_lines": 0, "excluded_lines": 0}, "missing_lines": [], "excluded_lines": []}, "JsonPlugin._balanced_pairs": {"executed_lines": [239, 240, 241, 242, 243], "summary": {"covered_lines": 5, "num_statements": 5, "percent_covered": 100.0, "percent_covered_display": "100", "missing_lines": 0, "excluded_lines": 0}, "missing_lines": [], "excluded_lines": []}, "JsonPlugin._is_structured_settings": {"executed_lines": [246, 247, 248, 249, 250], "summary": {"covered_lines": 5, "num_statements": 5, "percent_covered": 100.0, "percent_covered_display": "100", "missing_lines": 0, "excluded_lines": 0}, "missing_lines": [], "excluded_lines": []}, "JsonPlugin._attempt_parse": {"executed_lines": [253, 254, 255, 256, 257, 258, 259, 260, 261, 262, 263, 264, 265, 266, 267, 268, 269, 272], "summary": {"covered_lines": 18, "num_statements": 18, "percent_covered": 100.0, "percent_covered_display": "100", "missing_lines": 0, "excluded_lines": 0}, "missing_lines": [], "excluded_lines": []}, "JsonPlugin._truncate_to_structural_boundary": {"executed_lines": [275, 276, 277, 278, 279, 280, 281, 282, 283, 284, 285, 286, 287, 288, 289, 290, 291, 292, 293, 294, 295, 296, 297, 298, 299, 300, 301, 302, 303, 304], "summary": {"covered_lines": 30, "num_statements": 30, "percent_covered": 100.0, "percent_covered_display": "100", "missing_lines": 0, "excluded_lines": 0}, "missing_lines": [], "excluded_lines": []}, "": {"executed_lines": [1, 29, 31, 32, 33, 34, 36, 37, 39, 47, 48, 49, 51, 52, 53, 55, 159, 184, 211, 238, 245, 252, 274, 307, 308, 309, 310, 313], "summary": {"covered_lines": 26, "num_statements": 26, "percent_covered": 100.0, "percent_covered_display": "100", "missing_lines": 0, "excluded_lines": 0}, "missing_lines": [], "excluded_lines": []}}, "classes": {"JsonPlugin": {"executed_lines": [56, 57, 59, 60, 61, 62, 63, 65, 66, 67, 69, 70, 71, 73, 74, 75, 76, 77, 79, 80, 81, 83, 84, 85, 86, 88, 89, 90, 92, 93, 94, 96, 97, 98, 99, 101, 102, 103, 104, 106, 118, 119, 121, 122, 124, 125, 126, 127, 128, 130, 132, 133, 134, 135, 136, 137, 138, 139, 140, 141, 142, 143, 144, 145, 146, 148, 150, 160, 161, 162, 163, 164, 165, 166, 167, 168, 169, 170, 171, 172, 173, 174, 175, 176, 177, 178, 179, 180, 181, 182, 185, 186, 187, 188, 189, 190, 191, 192, 193, 194, 195, 196, 197, 198, 199, 200, 201, 202, 203, 204, 205, 206, 207, 208, 209, 212, 213, 214, 215, 216, 217, 218, 219, 220, 221, 222, 223, 224, 225, 226, 227, 228, 229, 230, 231, 232, 233, 234, 235, 236, 239, 240, 241, 242, 243, 246, 247, 248, 249, 250, 253, 254, 255, 256, 257, 258, 259, 260, 261, 262, 263, 264, 265, 266, 267, 268, 269, 272, 275, 276, 277, 278, 279, 280, 281, 282, 283, 284, 285, 286, 287, 288, 289, 290, 291, 292, 293, 294, 295, 296, 297, 298, 299, 300, 301, 302, 303, 304], "summary": {"covered_lines": 198, "num_statements": 198, "percent_covered": 100.0, "percent_covered_display": "100", "missing_lines": 0, "excluded_lines": 0}, "missing_lines": [], "excluded_lines": []}, "ParseResult": {"executed_lines": [], "summary": {"covered_lines": 0, "num_statements": 0, "percent_covered": 100.0, "percent_covered_display": "100", "missing_lines": 0, "excluded_lines": 0}, "missing_lines": [], "excluded_lines": []}, "": {"executed_lines": [1, 29, 31, 32, 33, 34, 36, 37, 39, 47, 48, 49, 51, 52, 53, 55, 159, 184, 211, 238, 245, 252, 274, 307, 308, 309, 310, 313], "summary": {"covered_lines": 26, "num_statements": 26, "percent_covered": 100.0, "percent_covered_display": "100", "missing_lines": 0, "excluded_lines": 0}, "missing_lines": [], "excluded_lines": []}}}, "src/driftbuster/formats/xml/__init__.py": {"executed_lines": [1, 3, 5], "summary": {"covered_lines": 2, "num_statements": 2, "percent_covered": 100.0, "percent_covered_display": "100", "missing_lines": 0, "excluded_lines": 0}, "missing_lines": [], "excluded_lines": [], "functions": {"": {"executed_lines": [1, 3, 5], "summary": {"covered_lines": 2, "num_statements": 2, "percent_covered": 100.0, "percent_covered_display": "100", "missing_lines": 0, "excluded_lines": 0}, "missing_lines": [], "excluded_lines": []}}, "classes": {"": {"executed_lines": [1, 3, 5], "summary": {"covered_lines": 2, "num_statements": 2, "percent_covered": 100.0, "percent_covered_display": "100", "missing_lines": 0, "excluded_lines": 0}, "missing_lines": [], "excluded_lines": []}}}, "src/driftbuster/formats/xml/plugin.py": {"executed_lines": [1, 23, 25, 26, 27, 28, 29, 30, 32, 33, 34, 41, 42, 44, 45, 48, 49, 53, 54, 55, 56, 57, 58, 59, 60, 61, 65, 68, 69, 70, 71, 72, 76, 77, 81, 82, 85, 107, 108, 109, 110, 111, 112, 115, 116, 117, 118, 119, 120, 122, 123, 124, 126, 127, 130, 132, 133, 134, 135, 136, 138, 139, 140, 141, 142, 143, 144, 145, 146, 147, 148, 149, 150, 151, 152, 153, 154, 155, 161, 165, 175, 185, 186, 187, 188, 189, 190, 191, 192, 193, 199, 200, 201, 202, 203, 204, 205, 206, 207, 211, 219, 221, 228, 229, 230, 231, 232, 233, 234, 235, 236, 237, 238, 239, 240, 241, 242, 243, 244, 245, 246, 247, 248, 249, 250, 251, 252, 253, 254, 255, 256, 261, 266, 271, 272, 273, 274, 276, 277, 278, 279, 280, 281, 282, 283, 284, 285, 286, 287, 288, 289, 290, 291, 292, 293, 294, 298, 299, 303, 304, 305, 309, 310, 311, 312, 313, 317, 323, 324, 325, 326, 327, 328, 329, 330, 331, 332, 335, 336, 337, 339, 340, 341, 342, 344, 353, 354, 356, 362, 363, 364, 366, 367, 371, 372, 376, 377, 378, 379, 380, 381, 382, 383, 384, 385, 386, 387, 388, 392, 393, 394, 398, 400, 402, 408, 414, 415, 417, 419, 436, 437, 438, 439, 440, 442, 443, 444, 445, 449, 450, 451, 452, 456, 457, 458, 459, 463, 464, 465, 466, 467, 468, 469, 470, 471, 472, 473, 474, 475, 476, 477, 478, 479, 483, 484, 485, 489, 490, 492, 493, 497, 498, 500, 501, 505, 506, 508, 509, 511, 513, 514, 515, 516, 517, 518, 519, 520, 521, 522, 523, 524, 525, 526, 527, 529, 530, 531, 532, 533, 534, 535, 537, 539, 540, 541, 542, 543, 544, 545, 546, 547, 548, 549, 553, 554, 559, 560, 561, 562, 563, 564, 565, 570, 572, 573, 574, 575, 576, 577, 578, 582, 583, 584, 588, 589, 590, 591, 592, 593, 594, 598, 599, 600, 602, 605, 606, 607, 608, 613, 614, 615, 616, 618, 619, 620, 621, 623, 624, 625, 626, 627, 628, 629, 630, 631, 632, 633, 634, 635, 636, 637, 638, 639, 640, 641, 642, 643, 644, 645, 646, 647, 648, 649, 650, 651, 652, 653, 654, 655, 657, 658, 659, 661, 662, 663, 664, 665, 666, 667, 668, 669, 670, 671, 672, 673, 675, 676, 677, 678, 680, 681, 682, 683, 684, 685, 686, 687, 688, 689, 690, 691, 693, 694, 695, 697, 698, 699, 701, 702, 703, 704, 705, 706, 707, 708, 709, 711, 712, 713, 714, 715, 716, 717, 718, 719, 720, 721, 722, 723, 724, 725, 726, 728, 730, 731, 732, 733, 734, 735, 736, 738, 740, 741, 742, 743, 744, 745, 746, 747, 748, 749, 750, 751, 752, 753, 754, 755, 756, 757, 758, 759, 760, 761, 762, 763, 764, 765, 766, 767, 768, 769, 770, 771, 773, 774, 775, 776, 777, 778, 779, 780, 781, 782, 783, 784, 785, 786, 787, 788, 789, 790, 791, 792, 793, 794, 795, 796, 798, 799, 800, 801, 802, 803, 804, 805, 806, 807, 808, 809, 810, 811, 812, 813, 814, 815, 816, 817, 818, 819, 820, 821, 822, 823, 825, 826, 828, 829, 834, 840, 841, 842, 843, 844, 845, 847, 848, 849, 850, 851, 852, 853, 854, 855, 856, 858, 859, 860, 871, 872, 873, 874, 875, 876, 877, 888, 889, 890, 891, 892, 903, 904, 905, 906, 907, 908, 909, 910, 911, 912, 913, 914, 915, 916, 917, 918, 919, 920, 921, 922, 923, 924, 925, 926, 927, 928, 930, 931, 942, 943, 944, 946, 947, 948, 959, 960, 962, 963, 964, 966, 967, 968, 970, 971, 972, 973, 974, 976, 977, 978, 979, 980, 982, 984, 985, 986, 987, 988, 989, 990, 999, 1000, 1002, 1008, 1009, 1011, 1012, 1013, 1015, 1021, 1022, 1023, 1024, 1025, 1027, 1028, 1029, 1031, 1032, 1033, 1035, 1036, 1037, 1038, 1040, 1041, 1042, 1043, 1044, 1045, 1046, 1047, 1048, 1049, 1050, 1051, 1052, 1054, 1055, 1056, 1057, 1058, 1059, 1060, 1061, 1062, 1063, 1064, 1065, 1066, 1071, 1072, 1073, 1074, 1075, 1078, 1079, 1080, 1082, 1083, 1085, 1086, 1088, 1100, 1101, 1102, 1103, 1104, 1110, 1111, 1112, 1113, 1119, 1120, 1121, 1122, 1123, 1124, 1126, 1127, 1128, 1129, 1130, 1131, 1132, 1133, 1134, 1135, 1138, 1139, 1140, 1141, 1143, 1144, 1145, 1146, 1160], "summary": {"covered_lines": 722, "num_statements": 722, "percent_covered": 100.0, "percent_covered_display": "100", "missing_lines": 0, "excluded_lines": 9}, "missing_lines": [], "excluded_lines": [32, 33, 34, 35, 36, 38, 39, 700, 1136], "functions": {"_split_qualified_name": {"executed_lines": [108, 109, 110, 111, 112], "summary": {"covered_lines": 5, "num_statements": 5, "percent_covered": 100.0, "percent_covered_display": "100", "missing_lines": 0, "excluded_lines": 0}, "missing_lines": [], "excluded_lines": []}, "XmlPlugin.detect": {"executed_lines": [123, 124, 126, 127, 130, 132, 133, 134, 135, 136, 138, 139, 140, 141, 142, 143, 144, 145, 146, 147, 148, 149, 150, 151, 152, 153, 154, 155, 161, 165, 175, 185, 186, 187, 188, 189, 190, 191, 192, 193, 199, 200, 201, 202, 203, 204, 205, 206, 207, 211, 219], "summary": {"covered_lines": 51, "num_statements": 51, "percent_covered": 100.0, "percent_covered_display": "100", "missing_lines": 0, "excluded_lines": 0}, "missing_lines": [], "excluded_lines": []}, "XmlPlugin._guess_variant": {"executed_lines": [228, 229, 230, 231, 232, 233, 234, 235, 236, 237, 238, 239, 240, 241, 242, 243, 244, 245, 246, 247, 248, 249, 250, 251, 252, 253, 254, 255, 256, 261, 266, 271, 272, 273, 274, 276, 277, 278, 279, 280, 281, 282, 283, 284, 285, 286, 287, 288, 289, 290, 291, 292, 293, 294, 298, 299, 303, 304, 305, 309, 310, 311, 312, 313, 317, 323, 324, 325, 326, 327, 328, 329, 330, 331, 332, 335, 336, 337], "summary": {"covered_lines": 78, "num_statements": 78, "percent_covered": 100.0, "percent_covered_display": "100", "missing_lines": 0, "excluded_lines": 0}, "missing_lines": [], "excluded_lines": []}, "XmlPlugin._add_reason": {"executed_lines": [341, 342], "summary": {"covered_lines": 2, "num_statements": 2, "percent_covered": 100.0, "percent_covered_display": "100", "missing_lines": 0, "excluded_lines": 0}, "missing_lines": [], "excluded_lines": []}, "XmlPlugin._classify_config_variant": {"executed_lines": [353, 354, 356, 362, 363, 364, 366, 367, 371, 372, 376, 377, 378, 379, 380, 381, 382, 383, 384, 385, 386, 387, 388, 392, 393, 394, 398, 400, 402, 408, 414, 415, 417], "summary": {"covered_lines": 33, "num_statements": 33, "percent_covered": 100.0, "percent_covered_display": "100", "missing_lines": 0, "excluded_lines": 0}, "missing_lines": [], "excluded_lines": []}, "XmlPlugin._detect_config_role": {"executed_lines": [436, 437, 438, 439, 440, 442, 443, 444, 445, 449, 450, 451, 452, 456, 457, 458, 459, 463, 464, 465, 466, 467, 468, 469, 470, 471, 472, 473, 474, 475, 476, 477, 478, 479, 483, 484, 485, 489, 490, 492, 493, 497, 498, 500, 501, 505, 506, 508, 509, 511], "summary": {"covered_lines": 50, "num_statements": 50, "percent_covered": 100.0, "percent_covered_display": "100", "missing_lines": 0, "excluded_lines": 0}, "missing_lines": [], "excluded_lines": []}, "XmlPlugin._append_declaration_reasons": {"executed_lines": [514, 515, 516, 517, 518, 519, 520, 521, 522, 523, 524, 525, 526, 527], "summary": {"covered_lines": 14, "num_statements": 14, "percent_covered": 100.0, "percent_covered_display": "100", "missing_lines": 0, "excluded_lines": 0}, "missing_lines": [], "excluded_lines": []}, "XmlPlugin._append_namespace_reason": {"executed_lines": [530, 531, 532, 533, 534, 535, 537], "summary": {"covered_lines": 7, "num_statements": 7, "percent_covered": 100.0, "percent_covered_display": "100", "missing_lines": 0, "excluded_lines": 0}, "missing_lines": [], "excluded_lines": []}, "XmlPlugin._append_schema_reason": {"executed_lines": [540, 541, 542, 543, 544, 545, 546, 547, 548, 549, 553, 554], "summary": {"covered_lines": 12, "num_statements": 12, "percent_covered": 100.0, "percent_covered_display": "100", "missing_lines": 0, "excluded_lines": 0}, "missing_lines": [], "excluded_lines": []}, "XmlPlugin._append_resx_reason": {"executed_lines": [560, 561, 562, 563, 564, 565, 570], "summary": {"covered_lines": 7, "num_statements": 7, "percent_covered": 100.0, "percent_covered_display": "100", "missing_lines": 0, "excluded_lines": 0}, "missing_lines": [], "excluded_lines": []}, "XmlPlugin._append_msbuild_reasons": {"executed_lines": [573, 574, 575, 576, 577, 578, 582, 583, 584, 588, 589, 590, 591, 592, 593, 594, 598, 599, 600], "summary": {"covered_lines": 19, "num_statements": 19, "percent_covered": 100.0, "percent_covered_display": "100", "missing_lines": 0, "excluded_lines": 0}, "missing_lines": [], "excluded_lines": []}, "XmlPlugin._append_attribute_hint_reasons": {"executed_lines": [605, 606, 607, 608, 613, 614, 615, 616], "summary": {"covered_lines": 8, "num_statements": 8, "percent_covered": 100.0, "percent_covered_display": "100", "missing_lines": 0, "excluded_lines": 0}, "missing_lines": [], "excluded_lines": []}, "XmlPlugin._append_doctype_reason": {"executed_lines": [619, 620, 621], "summary": {"covered_lines": 3, "num_statements": 3, "percent_covered": 100.0, "percent_covered_display": "100", "missing_lines": 0, "excluded_lines": 0}, "missing_lines": [], "excluded_lines": []}, "XmlPlugin._confidence_bonus": {"executed_lines": [624, 625, 626, 627, 628, 629, 630, 631, 632, 633, 634, 635, 636, 637, 638, 639, 640, 641, 642, 643, 644, 645, 646, 647, 648, 649, 650, 651, 652, 653, 654, 655], "summary": {"covered_lines": 32, "num_statements": 32, "percent_covered": 100.0, "percent_covered_display": "100", "missing_lines": 0, "excluded_lines": 0}, "missing_lines": [], "excluded_lines": []}, "XmlPlugin._collect_metadata": {"executed_lines": [658, 659, 661, 662, 663, 664, 665, 666, 667, 668, 669, 670, 671, 672, 673, 675, 676, 677, 678, 680, 681, 682, 683, 684, 685, 686, 687, 688, 689, 690, 691, 693, 694, 695, 697, 698, 699, 701, 702, 703, 704, 705, 706, 707, 708, 709, 711, 712, 713, 714, 715, 716, 717, 718, 719, 720, 721, 722, 723, 724, 725, 726, 728, 730, 731, 732, 733, 734, 735, 736, 738], "summary": {"covered_lines": 71, "num_statements": 71, "percent_covered": 100.0, "percent_covered_display": "100", "missing_lines": 0, "excluded_lines": 1}, "missing_lines": [], "excluded_lines": [700]}, "XmlPlugin._extract_root_attributes": {"executed_lines": [741, 742, 743, 744, 745, 746, 747, 748, 749, 750, 751, 752, 753, 754, 755, 756, 757, 758, 759, 760, 761, 762, 763, 764, 765, 766, 767, 768, 769, 770, 771], "summary": {"covered_lines": 31, "num_statements": 31, "percent_covered": 100.0, "percent_covered_display": "100", "missing_lines": 0, "excluded_lines": 0}, "missing_lines": [], "excluded_lines": []}, "XmlPlugin._extract_schema_locations": {"executed_lines": [774, 775, 776, 777, 778, 779, 780, 781, 782, 783, 784, 785, 786, 787, 788, 789, 790, 791, 792, 793, 794, 795, 796], "summary": {"covered_lines": 23, "num_statements": 23, "percent_covered": 100.0, "percent_covered_display": "100", "missing_lines": 0, "excluded_lines": 0}, "missing_lines": [], "excluded_lines": []}, "XmlPlugin._extract_resx_keys": {"executed_lines": [799, 800, 801, 802, 803, 804, 805, 806, 807, 808, 809, 810, 811, 812, 813, 814, 815, 816, 817, 818, 819, 820, 821, 822, 823, 825, 826], "summary": {"covered_lines": 27, "num_statements": 27, "percent_covered": 100.0, "percent_covered_display": "100", "missing_lines": 0, "excluded_lines": 0}, "missing_lines": [], "excluded_lines": []}, "XmlPlugin._extract_attribute_hints": {"executed_lines": [829, 834, 840, 841, 842, 843, 844, 845, 847, 848, 849, 850, 851, 852, 853, 854, 855, 856, 858, 859, 860, 871, 872, 873, 874, 875, 876, 877, 888, 889, 890, 891, 892, 903, 904, 905, 906, 907, 908, 909, 910, 911, 912, 913, 914, 915, 916, 917, 918, 919, 920, 921, 922, 923, 924, 925, 926, 927, 928, 930, 931, 942, 943, 944], "summary": {"covered_lines": 64, "num_statements": 64, "percent_covered": 100.0, "percent_covered_display": "100", "missing_lines": 0, "excluded_lines": 0}, "missing_lines": [], "excluded_lines": []}, "XmlPlugin._looks_like_msbuild": {"executed_lines": [947, 948, 959, 960, 962, 963, 964, 966, 967, 968, 970, 971, 972, 973, 974, 976, 977, 978, 979, 980, 982], "summary": {"covered_lines": 21, "num_statements": 21, "percent_covered": 100.0, "percent_covered_display": "100", "missing_lines": 0, "excluded_lines": 0}, "missing_lines": [], "excluded_lines": []}, "XmlPlugin._classify_msbuild_kind": {"executed_lines": [985, 986, 987, 988, 989, 990, 999, 1000], "summary": {"covered_lines": 8, "num_statements": 8, "percent_covered": 100.0, "percent_covered_display": "100", "missing_lines": 0, "excluded_lines": 0}, "missing_lines": [], "excluded_lines": []}, "XmlPlugin._extract_msbuild_metadata": {"executed_lines": [1008, 1009, 1011, 1012, 1013, 1015, 1021, 1022, 1023, 1024, 1025, 1027, 1028, 1029, 1031, 1032, 1033, 1035, 1036, 1037, 1038, 1040, 1041, 1042, 1043, 1044, 1045, 1046, 1047, 1048, 1049, 1050, 1051, 1052, 1054, 1055, 1056, 1057, 1058, 1059, 1060, 1061, 1062, 1063, 1064, 1065, 1066, 1071, 1072, 1073, 1074, 1075, 1078, 1079, 1080, 1082, 1083, 1085, 1086], "summary": {"covered_lines": 59, "num_statements": 59, "percent_covered": 100.0, "percent_covered_display": "100", "missing_lines": 0, "excluded_lines": 0}, "missing_lines": [], "excluded_lines": []}, "XmlPlugin._add_attribute_hint": {"executed_lines": [1100, 1101, 1102, 1103, 1104, 1110, 1111, 1112, 1113, 1119, 1120, 1121, 1122, 1123, 1124], "summary": {"covered_lines": 15, "num_statements": 15, "percent_covered": 100.0, "percent_covered_display": "100", "missing_lines": 0, "excluded_lines": 0}, "missing_lines": [], "excluded_lines": []}, "XmlPlugin._looks_like_endpoint": {"executed_lines": [1128, 1129, 1130, 1131, 1132, 1133, 1134, 1135], "summary": {"covered_lines": 8, "num_statements": 8, "percent_covered": 100.0, "percent_covered_display": "100", "missing_lines": 0, "excluded_lines": 1}, "missing_lines": [], "excluded_lines": [1136]}, "XmlPlugin._contains_feature_keyword": {"executed_lines": [1140, 1141], "summary": {"covered_lines": 2, "num_statements": 2, "percent_covered": 100.0, "percent_covered_display": "100", "missing_lines": 0, "excluded_lines": 0}, "missing_lines": [], "excluded_lines": []}, "XmlPlugin._contains_endpoint_keyword": {"executed_lines": [1145, 1146], "summary": {"covered_lines": 2, "num_statements": 2, "percent_covered": 100.0, "percent_covered_display": "100", "missing_lines": 0, "excluded_lines": 0}, "missing_lines": [], "excluded_lines": []}, "": {"executed_lines": [1, 23, 25, 26, 27, 28, 29, 30, 32, 33, 34, 41, 42, 44, 45, 48, 49, 53, 54, 55, 56, 57, 58, 59, 60, 61, 65, 68, 69, 70, 71, 72, 76, 77, 81, 82, 85, 107, 115, 116, 117, 118, 119, 120, 122, 221, 339, 340, 344, 419, 513, 529, 539, 559, 572, 602, 618, 623, 657, 740, 773, 798, 828, 946, 984, 1002, 1088, 1126, 1127, 1138, 1139, 1143, 1144, 1160], "summary": {"covered_lines": 70, "num_statements": 70, "percent_covered": 100.0, "percent_covered_display": "100", "missing_lines": 0, "excluded_lines": 7}, "missing_lines": [], "excluded_lines": [32, 33, 34, 35, 36, 38, 39]}}, "classes": {"XmlPlugin": {"executed_lines": [123, 124, 126, 127, 130, 132, 133, 134, 135, 136, 138, 139, 140, 141, 142, 143, 144, 145, 146, 147, 148, 149, 150, 151, 152, 153, 154, 155, 161, 165, 175, 185, 186, 187, 188, 189, 190, 191, 192, 193, 199, 200, 201, 202, 203, 204, 205, 206, 207, 211, 219, 228, 229, 230, 231, 232, 233, 234, 235, 236, 237, 238, 239, 240, 241, 242, 243, 244, 245, 246, 247, 248, 249, 250, 251, 252, 253, 254, 255, 256, 261, 266, 271, 272, 273, 274, 276, 277, 278, 279, 280, 281, 282, 283, 284, 285, 286, 287, 288, 289, 290, 291, 292, 293, 294, 298, 299, 303, 304, 305, 309, 310, 311, 312, 313, 317, 323, 324, 325, 326, 327, 328, 329, 330, 331, 332, 335, 336, 337, 341, 342, 353, 354, 356, 362, 363, 364, 366, 367, 371, 372, 376, 377, 378, 379, 380, 381, 382, 383, 384, 385, 386, 387, 388, 392, 393, 394, 398, 400, 402, 408, 414, 415, 417, 436, 437, 438, 439, 440, 442, 443, 444, 445, 449, 450, 451, 452, 456, 457, 458, 459, 463, 464, 465, 466, 467, 468, 469, 470, 471, 472, 473, 474, 475, 476, 477, 478, 479, 483, 484, 485, 489, 490, 492, 493, 497, 498, 500, 501, 505, 506, 508, 509, 511, 514, 515, 516, 517, 518, 519, 520, 521, 522, 523, 524, 525, 526, 527, 530, 531, 532, 533, 534, 535, 537, 540, 541, 542, 543, 544, 545, 546, 547, 548, 549, 553, 554, 560, 561, 562, 563, 564, 565, 570, 573, 574, 575, 576, 577, 578, 582, 583, 584, 588, 589, 590, 591, 592, 593, 594, 598, 599, 600, 605, 606, 607, 608, 613, 614, 615, 616, 619, 620, 621, 624, 625, 626, 627, 628, 629, 630, 631, 632, 633, 634, 635, 636, 637, 638, 639, 640, 641, 642, 643, 644, 645, 646, 647, 648, 649, 650, 651, 652, 653, 654, 655, 658, 659, 661, 662, 663, 664, 665, 666, 667, 668, 669, 670, 671, 672, 673, 675, 676, 677, 678, 680, 681, 682, 683, 684, 685, 686, 687, 688, 689, 690, 691, 693, 694, 695, 697, 698, 699, 701, 702, 703, 704, 705, 706, 707, 708, 709, 711, 712, 713, 714, 715, 716, 717, 718, 719, 720, 721, 722, 723, 724, 725, 726, 728, 730, 731, 732, 733, 734, 735, 736, 738, 741, 742, 743, 744, 745, 746, 747, 748, 749, 750, 751, 752, 753, 754, 755, 756, 757, 758, 759, 760, 761, 762, 763, 764, 765, 766, 767, 768, 769, 770, 771, 774, 775, 776, 777, 778, 779, 780, 781, 782, 783, 784, 785, 786, 787, 788, 789, 790, 791, 792, 793, 794, 795, 796, 799, 800, 801, 802, 803, 804, 805, 806, 807, 808, 809, 810, 811, 812, 813, 814, 815, 816, 817, 818, 819, 820, 821, 822, 823, 825, 826, 829, 834, 840, 841, 842, 843, 844, 845, 847, 848, 849, 850, 851, 852, 853, 854, 855, 856, 858, 859, 860, 871, 872, 873, 874, 875, 876, 877, 888, 889, 890, 891, 892, 903, 904, 905, 906, 907, 908, 909, 910, 911, 912, 913, 914, 915, 916, 917, 918, 919, 920, 921, 922, 923, 924, 925, 92
[...]
": {"covered_lines": 39, "num_statements": 39, "percent_covered": 100.0, "percent_covered_display": "100", "missing_lines": 0, "excluded_lines": 0}, "missing_lines": [], "excluded_lines": []}, "canonicalise_xml._normalise": {"executed_lines": [83, 84, 85, 86, 87, 88, 89, 90, 92, 93, 94, 95, 96, 97, 99], "summary": {"covered_lines": 15, "num_statements": 15, "percent_covered": 100.0, "percent_covered_display": "100", "missing_lines": 0, "excluded_lines": 0}, "missing_lines": [], "excluded_lines": []}, "_calculate_stats": {"executed_lines": [128, 129, 130, 131, 132, 133, 134, 135, 136, 137, 138, 139], "summary": {"covered_lines": 12, "num_statements": 12, "percent_covered": 100.0, "percent_covered_display": "100", "missing_lines": 0, "excluded_lines": 0}, "missing_lines": [], "excluded_lines": []}, "build_unified_diff": {"executed_lines": [157, 158, 159, 160, 162, 163, 165, 166, 167, 168, 176, 177, 178], "summary": {"covered_lines": 13, "num_statements": 13, "percent_covered": 100.0, "percent_covered_display": "100", "missing_lines": 0, "excluded_lines": 0}, "missing_lines": [], "excluded_lines": []}, "render_unified_diff": {"executed_lines": [201, 212], "summary": {"covered_lines": 2, "num_statements": 2, "percent_covered": 100.0, "percent_covered_display": "100", "missing_lines": 0, "excluded_lines": 0}, "missing_lines": [], "excluded_lines": []}, "": {"executed_lines": [1, 3, 5, 6, 7, 8, 9, 11, 14, 20, 30, 33, 110, 116, 117, 118, 120, 121, 122, 123, 124, 127, 142, 187], "summary": {"covered_lines": 22, "num_statements": 22, "percent_covered": 100.0, "percent_covered_display": "100", "missing_lines": 0, "excluded_lines": 0}, "missing_lines": [], "excluded_lines": []}}, "classes": {"DiffResult": {"executed_lines": [], "summary": {"covered_lines": 0, "num_statements": 0, "percent_covered": 100.0, "percent_covered_display": "100", "missing_lines": 0, "excluded_lines": 0}, "missing_lines": [], "excluded_lines": []}, "": {"executed_lines": [1, 3, 5, 6, 7, 8, 9, 11, 14, 15, 16, 17, 20, 23, 24, 25, 26, 27, 30, 33, 42, 43, 45, 46, 47, 49, 50, 51, 52, 54, 55, 56, 57, 58, 59, 60, 61, 62, 63, 64, 65, 66, 67, 70, 71, 72, 74, 75, 76, 77, 78, 80, 83, 84, 85, 86, 87, 88, 89, 90, 92, 93, 94, 95, 96, 97, 99, 101, 102, 103, 104, 105, 106, 107, 110, 116, 117, 118, 120, 121, 122, 123, 124, 127, 128, 129, 130, 131, 132, 133, 134, 135, 136, 137, 138, 139, 142, 157, 158, 159, 160, 162, 163, 165, 166, 167, 168, 176, 177, 178, 187, 201, 212], "summary": {"covered_lines": 111, "num_statements": 111, "percent_covered": 100.0, "percent_covered_display": "100", "missing_lines": 0, "excluded_lines": 0}, "missing_lines": [], "excluded_lines": []}}}, "src/driftbuster/reporting/html.py": {"executed_lines": [1, 3, 5, 6, 7, 9, 10, 11, 12, 15, 58, 59, 60, 61, 62, 65, 66, 67, 68, 69, 70, 71, 83, 84, 85, 86, 87, 88, 89, 90, 91, 92, 93, 94, 95, 96, 97, 99, 100, 101, 109, 120, 121, 122, 127, 130, 131, 132, 133, 134, 135, 136, 137, 138, 139, 140, 141, 142, 143, 144, 145, 146, 147, 148, 149, 152, 153, 154, 155, 156, 170, 171, 172, 173, 174, 175, 176, 177, 178, 179, 186, 189, 190, 191, 192, 193, 194, 195, 196, 197, 198, 199, 200, 201, 208, 209, 210, 211, 212, 216, 217, 220, 236, 237, 238, 239, 240, 241, 242, 243, 244, 245, 246, 248, 249, 250, 251, 252, 253, 255, 256, 257, 258, 259, 260, 261, 262, 263, 265, 266, 267, 268, 269, 270, 271, 272, 274, 275, 276, 278, 279, 280, 281, 284, 285, 286, 287, 288, 289, 291, 292, 294, 295, 296, 298, 299, 301, 302, 304, 305, 307, 308, 310, 311, 312, 313, 314, 317, 319, 322, 323, 324, 326, 327], "summary": {"covered_lines": 173, "num_statements": 173, "percent_covered": 100.0, "percent_covered_display": "100", "missing_lines": 0, "excluded_lines": 0}, "missing_lines": [], "excluded_lines": [], "functions": {"_format_metadata": {"executed_lines": [59, 60, 61, 62], "summary": {"covered_lines": 4, "num_statements": 4, "percent_covered": 100.0, "percent_covered_display": "100", "missing_lines": 0, "excluded_lines": 0}, "missing_lines": [], "excluded_lines": []}, "_render_match": {"executed_lines": [66, 67, 68, 69, 70, 71], "summary": {"covered_lines": 6, "num_statements": 6, "percent_covered": 100.0, "percent_covered_display": "100", "missing_lines": 0, "excluded_lines": 0}, "missing_lines": [], "excluded_lines": []}, "_render_detection_summary": {"executed_lines": [84, 85, 86, 87, 88, 89, 90, 91, 92, 93, 94, 95, 96, 97, 99, 100, 101, 109], "summary": {"covered_lines": 18, "num_statements": 18, "percent_covered": 100.0, "percent_covered_display": "100", "missing_lines": 0, "excluded_lines": 0}, "missing_lines": [], "excluded_lines": []}, "_serialise_diff": {"executed_lines": [121, 122, 127], "summary": {"covered_lines": 3, "num_statements": 3, "percent_covered": 100.0, "percent_covered_display": "100", "missing_lines": 0, "excluded_lines": 0}, "missing_lines": [], "excluded_lines": []}, "_render_diff_section": {"executed_lines": [131, 132, 133, 134, 135, 136, 137, 138, 139, 140, 141, 142, 143, 144, 145, 146, 147, 148, 149], "summary": {"covered_lines": 19, "num_statements": 19, "percent_covered": 100.0, "percent_covered_display": "100", "missing_lines": 0, "excluded_lines": 0}, "missing_lines": [], "excluded_lines": []}, "_serialise_hunt_hit": {"executed_lines": [153, 154, 155, 156], "summary": {"covered_lines": 4, "num_statements": 4, "percent_covered": 100.0, "percent_covered_display": "100", "missing_lines": 0, "excluded_lines": 0}, "missing_lines": [], "excluded_lines": []}, "_render_hunt_section": {"executed_lines": [171, 172, 173, 174, 175, 176, 177, 178, 179, 186], "summary": {"covered_lines": 10, "num_statements": 10, "percent_covered": 100.0, "percent_covered_display": "100", "missing_lines": 0, "excluded_lines": 0}, "missing_lines": [], "excluded_lines": []}, "_render_profile_summary": {"executed_lines": [190, 191, 192, 193, 194, 195, 196, 197, 198, 199, 200, 201, 208, 209, 210, 211, 212, 216, 217], "summary": {"covered_lines": 19, "num_statements": 19, "percent_covered": 100.0, "percent_covered_display": "100", "missing_lines": 0, "excluded_lines": 0}, "missing_lines": [], "excluded_lines": []}, "render_html_report": {"executed_lines": [236, 237, 238, 239, 240, 241, 242, 243, 244, 245, 246, 248, 249, 250, 251, 252, 253, 255, 256, 257, 258, 259, 260, 261, 262, 263, 265, 266, 267, 268, 269, 270, 271, 272, 274, 275, 276, 278, 279, 280, 281, 284, 285, 286, 287, 288, 289, 291, 292, 294, 295, 296, 298, 299, 301, 302, 304, 305, 307, 308, 310, 311, 312, 313, 314, 317, 319, 322, 323, 324, 326, 327], "summary": {"covered_lines": 72, "num_statements": 72, "percent_covered": 100.0, "percent_covered_display": "100", "missing_lines": 0, "excluded_lines": 0}, "missing_lines": [], "excluded_lines": []}, "": {"executed_lines": [1, 3, 5, 6, 7, 9, 10, 11, 12, 15, 58, 65, 83, 120, 130, 152, 170, 189, 220], "summary": {"covered_lines": 18, "num_statements": 18, "percent_covered": 100.0, "percent_covered_display": "100", "missing_lines": 0, "excluded_lines": 0}, "missing_lines": [], "excluded_lines": []}}, "classes": {"": {"executed_lines": [1, 3, 5, 6, 7, 9, 10, 11, 12, 15, 58, 59, 60, 61, 62, 65, 66, 67, 68, 69, 70, 71, 83, 84, 85, 86, 87, 88, 89, 90, 91, 92, 93, 94, 95, 96, 97, 99, 100, 101, 109, 120, 121, 122, 127, 130, 131, 132, 133, 134, 135, 136, 137, 138, 139, 140, 141, 142, 143, 144, 145, 146, 147, 148, 149, 152, 153, 154, 155, 156, 170, 171, 172, 173, 174, 175, 176, 177, 178, 179, 186, 189, 190, 191, 192, 193, 194, 195, 196, 197, 198, 199, 200, 201, 208, 209, 210, 211, 212, 216, 217, 220, 236, 237, 238, 239, 240, 241, 242, 243, 244, 245, 246, 248, 249, 250, 251, 252, 253, 255, 256, 257, 258, 259, 260, 261, 262, 263, 265, 266, 267, 268, 269, 270, 271, 272, 274, 275, 276, 278, 279, 280, 281, 284, 285, 286, 287, 288, 289, 291, 292, 294, 295, 296, 298, 299, 301, 302, 304, 305, 307, 308, 310, 311, 312, 313, 314, 317, 319, 322, 323, 324, 326, 327], "summary": {"covered_lines": 173, "num_statements": 173, "percent_covered": 100.0, "percent_covered_display": "100", "missing_lines": 0, "excluded_lines": 0}, "missing_lines": [], "excluded_lines": []}}}, "src/driftbuster/reporting/json.py": {"executed_lines": [1, 3, 5, 6, 8, 9, 10, 13, 19, 20, 21, 22, 25, 26, 27, 28, 29, 43, 55, 56, 58, 59, 60, 61, 62, 63, 64, 66, 67, 68, 69, 70, 72, 73, 74, 75, 76, 77, 80, 93, 105, 108, 122, 131, 132], "summary": {"covered_lines": 44, "num_statements": 44, "percent_covered": 100.0, "percent_covered_display": "100", "missing_lines": 0, "excluded_lines": 0}, "missing_lines": [], "excluded_lines": [], "functions": {"_prepare_record": {"executed_lines": [19, 20, 21, 22], "summary": {"covered_lines": 4, "num_statements": 4, "percent_covered": 100.0, "percent_covered_display": "100", "missing_lines": 0, "excluded_lines": 0}, "missing_lines": [], "excluded_lines": []}, "_serialise_hunt_hit": {"executed_lines": [26, 27, 28, 29], "summary": {"covered_lines": 4, "num_statements": 4, "percent_covered": 100.0, "percent_covered_display": "100", "missing_lines": 0, "excluded_lines": 0}, "missing_lines": [], "excluded_lines": []}, "iter_json_records": {"executed_lines": [55, 56, 58, 59, 60, 61, 62, 63, 64, 66, 67, 68, 69, 70, 72, 73, 74, 75, 76, 77], "summary": {"covered_lines": 20, "num_statements": 20, "percent_covered": 100.0, "percent_covered_display": "100", "missing_lines": 0, "excluded_lines": 0}, "missing_lines": [], "excluded_lines": []}, "render_json_lines": {"executed_lines": [93, 105], "summary": {"covered_lines": 2, "num_statements": 2, "percent_covered": 100.0, "percent_covered_display": "100", "missing_lines": 0, "excluded_lines": 0}, "missing_lines": [], "excluded_lines": []}, "write_json_lines": {"executed_lines": [122, 131, 132], "summary": {"covered_lines": 3, "num_statements": 3, "percent_covered": 100.0, "percent_covered_display": "100", "missing_lines": 0, "excluded_lines": 0}, "missing_lines": [], "excluded_lines": []}, "": {"executed_lines": [1, 3, 5, 6, 8, 9, 10, 13, 25, 43, 80, 108], "summary": {"covered_lines": 11, "num_statements": 11, "percent_covered": 100.0, "percent_covered_display": "100", "missing_lines": 0, "excluded_lines": 0}, "missing_lines": [], "excluded_lines": []}}, "classes": {"": {"executed_lines": [1, 3, 5, 6, 8, 9, 10, 13, 19, 20, 21, 22, 25, 26, 27, 28, 29, 43, 55, 56, 58, 59, 60, 61, 62, 63, 64, 66, 67, 68, 69, 70, 72, 73, 74, 75, 76, 77, 80, 93, 105, 108, 122, 131, 132], "summary": {"covered_lines": 44, "num_statements": 44, "percent_covered": 100.0, "percent_covered_display": "100", "missing_lines": 0, "excluded_lines": 0}, "missing_lines": [], "excluded_lines": []}}}, "src/driftbuster/reporting/redaction.py": {"executed_lines": [1, 3, 5, 6, 9, 10, 11, 13, 14, 15, 16, 18, 19, 20, 21, 23, 26, 27, 28, 29, 30, 31, 32, 33, 34, 35, 37, 40, 42, 43, 44, 46, 47, 50, 53, 54, 55, 56, 57, 58, 59, 60, 61, 62, 63, 64, 65, 68, 76, 77, 78, 79, 80, 81, 82], "summary": {"covered_lines": 53, "num_statements": 53, "percent_covered": 100.0, "percent_covered_display": "100", "missing_lines": 0, "excluded_lines": 0}, "missing_lines": [], "excluded_lines": [], "functions": {"RedactionFilter.__post_init__": {"executed_lines": [19, 20, 21], "summary": {"covered_lines": 3, "num_statements": 3, "percent_covered": 100.0, "percent_covered_display": "100", "missing_lines": 0, "excluded_lines": 0}, "missing_lines": [], "excluded_lines": []}, "RedactionFilter.apply": {"executed_lines": [26, 27, 28, 29, 30, 31, 32, 33, 34, 35], "summary": {"covered_lines": 10, "num_statements": 10, "percent_covered": 100.0, "percent_covered_display": "100", "missing_lines": 0, "excluded_lines": 0}, "missing_lines": [], "excluded_lines": []}, "RedactionFilter.stats": {"executed_lines": [40], "summary": {"covered_lines": 1, "num_statements": 1, "percent_covered": 100.0, "percent_covered_display": "100", "missing_lines": 0, "excluded_lines": 0}, "missing_lines": [], "excluded_lines": []}, "RedactionFilter.has_hits": {"executed_lines": [44], "summary": {"covered_lines": 1, "num_statements": 1, "percent_covered": 100.0, "percent_covered_display": "100", "missing_lines": 0, "excluded_lines": 0}, "missing_lines": [], "excluded_lines": []}, "RedactionFilter.reset": {"executed_lines": [47], "summary": {"covered_lines": 1, "num_statements": 1, "percent_covered": 100.0, "percent_covered_display": "100", "missing_lines": 0, "excluded_lines": 0}, "missing_lines": [], "excluded_lines": []}, "redact_data": {"executed_lines": [53, 54, 55, 56, 57, 58, 59, 60, 61, 62, 63, 64, 65], "summary": {"covered_lines": 13, "num_statements": 13, "percent_covered": 100.0, "percent_covered_display": "100", "missing_lines": 0, "excluded_lines": 0}, "missing_lines": [], "excluded_lines": []}, "resolve_redactor": {"executed_lines": [76, 77, 78, 79, 80, 81, 82], "summary": {"covered_lines": 7, "num_statements": 7, "percent_covered": 100.0, "percent_covered_display": "100", "missing_lines": 0, "excluded_lines": 0}, "missing_lines": [], "excluded_lines": []}, "": {"executed_lines": [1, 3, 5, 6, 9, 10, 11, 13, 14, 15, 16, 18, 23, 37, 42, 43, 46, 50, 68], "summary": {"covered_lines": 17, "num_statements": 17, "percent_covered": 100.0, "percent_covered_display": "100", "missing_lines": 0, "excluded_lines": 0}, "missing_lines": [], "excluded_lines": []}}, "classes": {"RedactionFilter": {"executed_lines": [19, 20, 21, 26, 27, 28, 29, 30, 31, 32, 33, 34, 35, 40, 44, 47], "summary": {"covered_lines": 16, "num_statements": 16, "percent_covered": 100.0, "percent_covered_display": "100", "missing_lines": 0, "excluded_lines": 0}, "missing_lines": [], "excluded_lines": []}, "": {"executed_lines": [1, 3, 5, 6, 9, 10, 11, 13, 14, 15, 16, 18, 23, 37, 42, 43, 46, 50, 53, 54, 55, 56, 57, 58, 59, 60, 61, 62, 63, 64, 65, 68, 76, 77, 78, 79, 80, 81, 82], "summary": {"covered_lines": 37, "num_statements": 37, "percent_covered": 100.0, "percent_covered_display": "100", "missing_lines": 0, "excluded_lines": 0}, "missing_lines": [], "excluded_lines": []}}}, "src/driftbuster/reporting/snapshot.py": {"executed_lines": [1, 3, 5, 6, 7, 8, 10, 11, 12, 15, 27, 28, 29, 39, 40, 41, 42, 44, 51, 54, 68, 77, 78, 79, 80], "summary": {"covered_lines": 24, "num_statements": 24, "percent_covered": 100.0, "percent_covered_display": "100", "missing_lines": 0, "excluded_lines": 0}, "missing_lines": [], "excluded_lines": [], "functions": {"build_snapshot_manifest": {"executed_lines": [27, 28, 29, 39, 40, 41, 42, 44, 51], "summary": {"covered_lines": 9, "num_statements": 9, "percent_covered": 100.0, "percent_covered_display": "100", "missing_lines": 0, "excluded_lines": 0}, "missing_lines": [], "excluded_lines": []}, "write_snapshot": {"executed_lines": [68, 77, 78, 79, 80], "summary": {"covered_lines": 5, "num_statements": 5, "percent_covered": 100.0, "percent_covered_display": "100", "missing_lines": 0, "excluded_lines": 0}, "missing_lines": [], "excluded_lines": []}, "": {"executed_lines": [1, 3, 5, 6, 7, 8, 10, 11, 12, 15, 54], "summary": {"covered_lines": 10, "num_statements": 10, "percent_covered": 100.0, "percent_covered_display": "100", "missing_lines": 0, "excluded_lines": 0}, "missing_lines": [], "excluded_lines": []}}, "classes": {"": {"executed_lines": [1, 3, 5, 6, 7, 8, 10, 11, 12, 15, 27, 28, 29, 39, 40, 41, 42, 44, 51, 54, 68, 77, 78, 79, 80], "summary": {"covered_lines": 24, "num_statements": 24, "percent_covered": 100.0, "percent_covered_display": "100", "missing_lines": 0, "excluded_lines": 0}, "missing_lines": [], "excluded_lines": []}}}, "src/driftbuster/run_profiles.py": {"executed_lines": [1, 3, 5, 18, 19, 21, 24, 38], "summary": {"covered_lines": 7, "num_statements": 7, "percent_covered": 100.0, "percent_covered_display": "100", "missing_lines": 0, "excluded_lines": 2}, "missing_lines": [], "excluded_lines": [38, 39], "functions": {"main": {"executed_lines": [19, 21], "summary": {"covered_lines": 2, "num_statements": 2, "percent_covered": 100.0, "percent_covered_display": "100", "missing_lines": 0, "excluded_lines": 0}, "missing_lines": [], "excluded_lines": []}, "": {"executed_lines": [1, 3, 5, 18, 24, 38], "summary": {"covered_lines": 5, "num_statements": 5, "percent_covered": 100.0, "percent_covered_display": "100", "missing_lines": 0, "excluded_lines": 2}, "missing_lines": [], "excluded_lines": [38, 39]}}, "classes": {"": {"executed_lines": [1, 3, 5, 18, 19, 21, 24, 38], "summary": {"covered_lines": 7, "num_statements": 7, "percent_covered": 100.0, "percent_covered_display": "100", "missing_lines": 0, "excluded_lines": 2}, "missing_lines": [], "excluded_lines": [38, 39]}}}, "src/driftbuster/run_profiles_cli.py": {"executed_lines": [1, 3, 4, 5, 6, 7, 9, 12, 13, 14, 15, 16, 17, 18, 19, 22, 23, 30, 31, 32, 35, 36, 37, 38, 39, 40, 41, 42, 43, 46, 47, 48, 49, 52, 53, 54, 56, 58, 59, 61, 67, 68, 69, 72, 73, 77, 83, 85, 86, 87, 88, 93, 97, 102, 104, 105, 107, 108, 109, 111, 112, 113, 114, 115, 116, 121, 123, 126, 127, 128, 129, 130, 131, 132, 133, 136], "summary": {"covered_lines": 75, "num_statements": 75, "percent_covered": 100.0, "percent_covered_display": "100", "missing_lines": 0, "excluded_lines": 2}, "missing_lines": [], "excluded_lines": [136, 137], "functions": {"_parse_options": {"executed_lines": [13, 14, 15, 16, 17, 18, 19], "summary": {"covered_lines": 7, "num_statements": 7, "percent_covered": 100.0, "percent_covered_display": "100", "missing_lines": 0, "excluded_lines": 0}, "missing_lines": [], "excluded_lines": []}, "_create": {"executed_lines": [23, 30, 31, 32], "summary": {"covered_lines": 4, "num_statements": 4, "percent_covered": 100.0, "percent_covered_display": "100", "missing_lines": 0, "excluded_lines": 0}, "missing_lines": [], "excluded_lines": []}, "_list_profiles": {"executed_lines": [36, 37, 38, 39, 40, 41, 42, 43], "summary": {"covered_lines": 8, "num_statements": 8, "percent_covered": 100.0, "percent_covered_display": "100", "missing_lines": 0, "excluded_lines": 0}, "missing_lines": [], "excluded_lines": []}, "_show": {"executed_lines": [47, 48, 49], "summary": {"covered_lines": 3, "num_statements": 3, "percent_covered": 100.0, "percent_covered_display": "100", "missing_lines": 0, "excluded_lines": 0}, "missing_lines": [], "excluded_lines": []}, "_run": {"executed_lines": [53, 54, 56, 58, 59, 61, 67, 68, 69], "summary": {"covered_lines": 9, "num_statements": 9, "percent_covered": 100.0, "percent_covered_display": "100", "missing_lines": 0, "excluded_lines": 0}, "missing_lines": [], "excluded_lines": []}, "build_parser": {"executed_lines": [73, 77, 83, 85, 86, 87, 88, 93, 97, 102, 104, 105, 107, 108, 109, 111, 112, 113, 114, 115, 116, 121, 123], "summary": {"covered_lines": 23, "num_statements": 23, "percent_covered": 100.0, "percent_covered_display": "100", "missing_lines": 0, "excluded_lines": 0}, "missing_lines": [], "excluded_lines": []}, "main": {"executed_lines": [127, 128, 129, 130, 131, 132, 133], "summary": {"covered_lines": 7, "num_statements": 7, "percent_covered": 100.0, "percent_covered_display": "100", "missing_lines": 0, "excluded_lines": 0}, "missing_lines": [], "excluded_lines": []}, "": {"executed_lines": [1, 3, 4, 5, 6, 7, 9, 12, 22, 35, 46, 52, 72, 126, 136], "summary": {"covered_lines": 14, "num_statements": 14, "percent_covered": 100.0, "percent_covered_display": "100", "missing_lines": 0, "excluded_lines": 2}, "missing_lines": [], "excluded_lines": [136, 137]}}, "classes": {"": {"executed_lines": [1, 3, 4, 5, 6, 7, 9, 12, 13, 14, 15, 16, 17, 18, 19, 22, 23, 30, 31, 32, 35, 36, 37, 38, 39, 40, 41, 42, 43, 46, 47, 48, 49, 52, 53, 54, 56, 58, 59, 61, 67, 68, 69, 72, 73, 77, 83, 85, 86, 87, 88, 93, 97, 102, 104, 105, 107, 108, 109, 111, 112, 113, 114, 115, 116, 121, 123, 126, 127, 128, 129, 130, 131, 132, 133, 136], "summary": {"covered_lines": 75, "num_statements": 75, "percent_covered": 100.0, "percent_covered_display": "100", "missing_lines": 0, "excluded_lines": 2}, "missing_lines": [], "excluded_lines": [136, 137]}}}}, "totals": {"covered_lines": 3369, "num_statements": 3369, "percent_covered": 100.0, "percent_covered_display": "100", "missing_lines": 0, "excluded_lines": 79}}