<?xml version="1.0" encoding="utf-8"?>
<coverage line-rate="0.8611" branch-rate="0.6716" version="1.9" timestamp="1760586001" lines-covered="1749" lines-valid="2031" branches-covered="360" branches-valid="536">
  <sources>
    <source>/github/repos/DriftBuster/gui/</source>
  </sources>
  <packages>
    <package name="DriftBuster.Gui" line-rate="0.9037999999999999" branch-rate="0.7222" complexity="440">
      <classes>
        <class name="DriftBuster.Gui.Views.MainWindow" filename="DriftBuster.Gui/Views/MainWindow.axaml.cs" line-rate="1" branch-rate="1" complexity="2">
          <methods>
            <method name="InitializeComponent" signature="()" line-rate="1" branch-rate="1" complexity="1">
              <lines>
                <line number="13" hits="2" branch="False" />
                <line number="14" hits="2" branch="False" />
                <line number="15" hits="2" branch="False" />
              </lines>
            </method>
            <method name=".ctor" signature="()" line-rate="1" branch-rate="1" complexity="1">
              <lines>
                <line number="7" hits="2" branch="False" />
                <line number="8" hits="2" branch="False" />
                <line number="9" hits="2" branch="False" />
                <line number="10" hits="2" branch="False" />
              </lines>
            </method>
          </methods>
          <lines>
            <line number="13" hits="2" branch="False" />
            <line number="14" hits="2" branch="False" />
            <line number="15" hits="2" branch="False" />
            <line number="7" hits="2" branch="False" />
            <line number="8" hits="2" branch="False" />
            <line number="9" hits="2" branch="False" />
            <line number="10" hits="2" branch="False" />
          </lines>
        </class>
        <class name="DriftBuster.Gui.Views.MainWindow" filename="DriftBuster.Gui/Views/MainWindow.axaml" line-rate="1" branch-rate="1" complexity="2">
          <methods>
            <method name="!XamlIlPopulate" signature="(System.IServiceProvider,DriftBuster.Gui.Views.MainWindow)" line-rate="1" branch-rate="1" complexity="2">
              <lines>
                <line number="1" hits="6" branch="True" condition-coverage="100% (2/2)">
                  <conditions>
                    <condition number="3140" type="jump" coverage="100%" />
                  </conditions>
                </line>
                <line number="10" hits="2" branch="False" />
                <line number="12" hits="2" branch="False" />
                <line number="14" hits="6" branch="False" />
                <line number="15" hits="8" branch="False" />
                <line number="16" hits="6" branch="False" />
                <line number="17" hits="6" branch="False" />
                <line number="19" hits="2" branch="False" />
                <line number="20" hits="2" branch="False" />
                <line number="21" hits="2" branch="False" />
                <line number="22" hits="10" branch="False" />
                <line number="24" hits="2" branch="False" />
                <line number="26" hits="2" branch="False" />
                <line number="30" hits="10" branch="False" />
                <line number="31" hits="6" branch="False" />
                <line number="33" hits="2" branch="False" />
                <line number="34" hits="4" branch="False" />
                <line number="35" hits="2" branch="False" />
                <line number="41" hits="10" branch="False" />
                <line number="42" hits="6" branch="False" />
                <line number="43" hits="6" branch="False" />
                <line number="44" hits="4" branch="False" />
                <line number="45" hits="2" branch="False" />
                <line number="46" hits="2" branch="False" />
                <line number="47" hits="6" branch="False" />
                <line number="49" hits="2" branch="False" />
                <line number="50" hits="2" branch="False" />
                <line number="51" hits="2" branch="False" />
                <line number="52" hits="6" branch="False" />
                <line number="54" hits="2" branch="False" />
                <line number="55" hits="2" branch="False" />
                <line number="56" hits="2" branch="False" />
                <line number="57" hits="8" branch="False" />
                <line number="59" hits="2" branch="False" />
                <line number="61" hits="2" branch="False" />
                <line number="62" hits="8" branch="False" />
                <line number="64" hits="2" branch="False" />
                <line number="66" hits="2" branch="False" />
                <line number="67" hits="6" branch="False" />
                <line number="69" hits="2" branch="False" />
                <line number="70" hits="2" branch="False" />
                <line number="74" hits="8" branch="False" />
                <line number="76" hits="2" branch="False" />
                <line number="77" hits="2" branch="False" />
                <line number="79" hits="6" branch="False" />
                <line number="81" hits="4" branch="False" />
              </lines>
            </method>
          </methods>
          <lines>
            <line number="1" hits="6" branch="True" condition-coverage="100% (2/2)">
              <conditions>
                <condition number="3140" type="jump" coverage="100%" />
              </conditions>
            </line>
            <line number="10" hits="2" branch="False" />
            <line number="12" hits="2" branch="False" />
            <line number="14" hits="6" branch="False" />
            <line number="15" hits="8" branch="False" />
            <line number="16" hits="6" branch="False" />
            <line number="17" hits="6" branch="False" />
            <line number="19" hits="2" branch="False" />
            <line number="20" hits="2" branch="False" />
            <line number="21" hits="2" branch="False" />
            <line number="22" hits="10" branch="False" />
            <line number="24" hits="2" branch="False" />
            <line number="26" hits="2" branch="False" />
            <line number="30" hits="10" branch="False" />
            <line number="31" hits="6" branch="False" />
            <line number="33" hits="2" branch="False" />
            <line number="34" hits="4" branch="False" />
            <line number="35" hits="2" branch="False" />
            <line number="41" hits="10" branch="False" />
            <line number="42" hits="6" branch="False" />
            <line number="43" hits="6" branch="False" />
            <line number="44" hits="4" branch="False" />
            <line number="45" hits="2" branch="False" />
            <line number="46" hits="2" branch="False" />
            <line number="47" hits="6" branch="False" />
            <line number="49" hits="2" branch="False" />
            <line number="50" hits="2" branch="False" />
            <line number="51" hits="2" branch="False" />
            <line number="52" hits="6" branch="False" />
            <line number="54" hits="2" branch="False" />
            <line number="55" hits="2" branch="False" />
            <line number="56" hits="2" branch="False" />
            <line number="57" hits="8" branch="False" />
            <line number="59" hits="2" branch="False" />
            <line number="61" hits="2" branch="False" />
            <line number="62" hits="8" branch="False" />
            <line number="64" hits="2" branch="False" />
            <line number="66" hits="2" branch="False" />
            <line number="67" hits="6" branch="False" />
            <line number="69" hits="2" branch="False" />
            <line number="70" hits="2" branch="False" />
            <line number="74" hits="8" branch="False" />
            <line number="76" hits="2" branch="False" />
            <line number="77" hits="2" branch="False" />
            <line number="79" hits="6" branch="False" />
            <line number="81" hits="4" branch="False" />
          </lines>
        </class>
        <class name="DriftBuster.Gui.ViewModels.DiffViewModel" filename="DriftBuster.Gui/ViewModels/DiffViewModel.cs" line-rate="0.8639" branch-rate="0.6851" complexity="71">
          <methods>
            <method name="get_Inputs" signature="()" line-rate="1" branch-rate="1" complexity="1">
              <lines>
                <line number="24" hits="310" branch="False" />
              </lines>
            </method>
            <method name="get_Comparisons" signature="()" line-rate="1" branch-rate="1" complexity="1">
              <lines>
                <line number="25" hits="60" branch="False" />
              </lines>
            </method>
            <method name="get_RunDiffCommand" signature="()" line-rate="1" branch-rate="1" complexity="1">
              <lines>
                <line number="33" hits="147" branch="False" />
              </lines>
            </method>
            <method name="get_AddVersionCommand" signature="()" line-rate="1" branch-rate="1" complexity="1">
              <lines>
                <line number="34" hits="47" branch="False" />
              </lines>
            </method>
            <method name="get_RemoveVersionCommand" signature="()" line-rate="1" branch-rate="1" complexity="1">
              <lines>
                <line number="35" hits="37" branch="False" />
              </lines>
            </method>
            <method name="get_IsBusy" signature="()" line-rate="1" branch-rate="1" complexity="1">
              <lines>
                <line number="37" hits="7" branch="False" />
              </lines>
            </method>
            <method name="get_HasError" signature="()" line-rate="1" branch-rate="1" complexity="1">
              <lines>
                <line number="38" hits="9" branch="False" />
              </lines>
            </method>
            <method name="get_HasRawJson" signature="()" line-rate="1" branch-rate="1" complexity="1">
              <lines>
                <line number="39" hits="21" branch="False" />
              </lines>
            </method>
            <method name="get_HasResult" signature="()" line-rate="1" branch-rate="1" complexity="1">
              <lines>
                <line number="40" hits="19" branch="False" />
              </lines>
            </method>
            <method name="get_ShouldShowPlanHint" signature="()" line-rate="1" branch-rate="1" complexity="1">
              <lines>
                <line number="41" hits="10" branch="False" />
              </lines>
            </method>
            <method name="InitializeInputs" signature="()" line-rate="1" branch-rate="1" complexity="1">
              <lines>
                <line number="81" hits="14" branch="False" />
                <line number="82" hits="14" branch="False" />
                <line number="83" hits="14" branch="False" />
                <line number="84" hits="14" branch="False" />
                <line number="85" hits="14" branch="False" />
                <line number="86" hits="14" branch="False" />
              </lines>
            </method>
            <method name="OnInputsChanged" signature="(System.Object,System.Collections.Specialized.NotifyCollectionChangedEventArgs)" line-rate="1" branch-rate="1" complexity="1">
              <lines>
                <line number="89" hits="34" branch="False" />
                <line number="90" hits="34" branch="False" />
                <line number="91" hits="34" branch="False" />
                <line number="92" hits="34" branch="False" />
                <line number="93" hits="34" branch="False" />
                <line number="94" hits="34" branch="False" />
                <line number="95" hits="34" branch="False" />
              </lines>
            </method>
            <method name="AddVersion" signature="()" line-rate="1" branch-rate="1" complexity="2">
              <lines>
                <line number="98" hits="6" branch="False" />
                <line number="99" hits="6" branch="True" condition-coverage="100% (2/2)">
                  <conditions>
                    <condition number="20" type="jump" coverage="100%" />
                  </conditions>
                </line>
                <line number="100" hits="1" branch="False" />
                <line number="101" hits="1" branch="False" />
                <line number="104" hits="5" branch="False" />
                <line number="105" hits="6" branch="False" />
              </lines>
            </method>
            <method name="RemoveVersion" signature="(DriftBuster.Gui.ViewModels.DiffViewModel/DiffInput)" line-rate="0.6" branch-rate="0.5" complexity="4">
              <lines>
                <line number="108" hits="1" branch="False" />
                <line number="109" hits="1" branch="True" condition-coverage="50% (1/2)">
                  <conditions>
                    <condition number="7" type="jump" coverage="50%" />
                  </conditions>
                </line>
                <line number="110" hits="0" branch="False" />
                <line number="111" hits="0" branch="False" />
                <line number="114" hits="1" branch="True" condition-coverage="50% (1/2)">
                  <conditions>
                    <condition number="31" type="jump" coverage="50%" />
                  </conditions>
                </line>
                <line number="115" hits="0" branch="False" />
                <line number="116" hits="0" branch="False" />
                <line number="119" hits="1" branch="False" />
                <line number="120" hits="1" branch="False" />
                <line number="121" hits="1" branch="False" />
              </lines>
            </method>
            <method name="EnsureBaselinePresence" signature="()" line-rate="0.7777" branch-rate="0.6666" complexity="6">
              <lines>
                <line number="124" hits="35" branch="False" />
                <line number="125" hits="35" branch="True" condition-coverage="50% (2/4)">
                  <conditions>
                    <condition number="7" type="jump" coverage="50%" />
                    <condition number="28" type="jump" coverage="50%" />
                  </conditions>
                </line>
                <line number="126" hits="0" branch="False" />
                <line number="127" hits="0" branch="False" />
                <line number="130" hits="70" branch="True" condition-coverage="100% (2/2)">
                  <conditions>
                    <condition number="80" type="jump" coverage="100%" />
                  </conditions>
                </line>
                <line number="131" hits="14" branch="False" />
                <line number="132" hits="14" branch="False" />
                <line number="133" hits="14" branch="False" />
                <line number="134" hits="35" branch="False" />
              </lines>
            </method>
            <method name="OnBaselineChanged" signature="(DriftBuster.Gui.ViewModels.DiffViewModel/DiffInput,System.Boolean)" line-rate="0.6923" branch-rate="0.6666" complexity="6">
              <lines>
                <line number="137" hits="16" branch="False" />
                <line number="138" hits="16" branch="True" condition-coverage="100% (2/2)">
                  <conditions>
                    <condition number="9" type="jump" coverage="100%" />
                  </conditions>
                </line>
                <line number="139" hits="15" branch="False" />
                <line number="140" hits="15" branch="False" />
                <line number="143" hits="1" branch="True" condition-coverage="50% (1/2)">
                  <conditions>
                    <condition number="17" type="jump" coverage="50%" />
                  </conditions>
                </line>
                <line number="144" hits="1" branch="False" />
                <line number="145" hits="1" branch="False" />
                <line number="146" hits="1" branch="False" />
                <line number="149" hits="0" branch="True" condition-coverage="50% (1/2)">
                  <conditions>
                    <condition number="77" type="jump" coverage="50%" />
                  </conditions>
                </line>
                <line number="150" hits="0" branch="False" />
                <line number="151" hits="0" branch="False" />
                <line number="152" hits="0" branch="False" />
                <line number="153" hits="16" branch="False" />
              </lines>
            </method>
            <method name="SetBaseline" signature="(DriftBuster.Gui.ViewModels.DiffViewModel/DiffInput)" line-rate="0.8332999999999999" branch-rate="0.75" complexity="4">
              <lines>
                <line number="156" hits="15" branch="False" />
                <line number="157" hits="15" branch="True" condition-coverage="50% (1/2)">
                  <conditions>
                    <condition number="9" type="jump" coverage="50%" />
                  </conditions>
                </line>
                <line number="158" hits="0" branch="False" />
                <line number="159" hits="0" branch="False" />
                <line number="162" hits="15" branch="False" />
                <line number="163" hits="79" branch="True" condition-coverage="100% (2/2)">
                  <conditions>
                    <condition number="62" type="jump" coverage="100%" />
                  </conditions>
                </line>
                <line number="164" hits="17" branch="False" />
                <line number="165" hits="17" branch="False" />
                <line number="166" hits="17" branch="False" />
                <line number="167" hits="15" branch="False" />
                <line number="168" hits="15" branch="False" />
                <line number="169" hits="15" branch="False" />
              </lines>
            </method>
            <method name="CanRunDiff" signature="()" line-rate="0.6923" branch-rate="0.5" complexity="10">
              <lines>
                <line number="172" hits="1" branch="False" />
                <line number="173" hits="1" branch="True" condition-coverage="50% (1/2)">
                  <conditions>
                    <condition number="20" type="jump" coverage="50%" />
                  </conditions>
                </line>
                <line number="174" hits="0" branch="False" />
                <line number="175" hits="0" branch="False" />
                <line number="177" hits="2" branch="False" />
                <line number="178" hits="1" branch="True" condition-coverage="50% (3/6)">
                  <conditions>
                    <condition number="84" type="jump" coverage="50%" />
                    <condition number="102" type="jump" coverage="50%" />
                    <condition number="130" type="jump" coverage="50%" />
                  </conditions>
                </line>
                <line number="179" hits="0" branch="False" />
                <line number="180" hits="0" branch="False" />
                <line number="183" hits="1" branch="False" />
                <line number="184" hits="2" branch="False" />
                <line number="185" hits="2" branch="True" condition-coverage="50% (1/2)">
                  <conditions>
                    <condition number="11" type="jump" coverage="50%" />
                  </conditions>
                </line>
                <line number="187" hits="1" branch="False" />
                <line number="188" hits="1" branch="False" />
              </lines>
            </method>
            <method name="ApplyResult" signature="(DriftBuster.Backend.Models.DiffResult)" line-rate="1" branch-rate="1" complexity="2">
              <lines>
                <line number="236" hits="2" branch="False" />
                <line number="237" hits="2" branch="False" />
                <line number="239" hits="8" branch="True" condition-coverage="100% (2/2)">
                  <conditions>
                    <condition number="57" type="jump" coverage="100%" />
                  </conditions>
                </line>
                <line number="240" hits="1" branch="False" />
                <line number="241" hits="1" branch="False" />
                <line number="242" hits="1" branch="False" />
                <line number="244" hits="2" branch="False" />
                <line number="245" hits="2" branch="False" />
              </lines>
            </method>
            <method name="UpdateValidation" signature="()" line-rate="1" branch-rate="1" complexity="8">
              <lines>
                <line number="248" hits="78" branch="False" />
                <line number="249" hits="522" branch="True" condition-coverage="100% (2/2)">
                  <conditions>
                    <condition number="97" type="jump" coverage="100%" />
                  </conditions>
                </line>
                <line number="250" hits="144" branch="False" />
                <line number="251" hits="144" branch="False" />
                <line number="252" hits="144" branch="True" condition-coverage="100% (2/2)">
                  <conditions>
                    <condition number="39" type="jump" coverage="100%" />
                  </conditions>
                </line>
                <line number="253" hits="100" branch="False" />
                <line number="254" hits="100" branch="True" condition-coverage="100% (2/2)">
                  <conditions>
                    <condition number="49" type="jump" coverage="100%" />
                  </conditions>
                </line>
                <line number="255" hits="100" branch="False" />
                <line number="258" hits="44" branch="True" condition-coverage="100% (2/2)">
                  <conditions>
                    <condition number="74" type="jump" coverage="100%" />
                  </conditions>
                </line>
                <line number="259" hits="44" branch="False" />
                <line number="261" hits="78" branch="False" />
                <line number="262" hits="78" branch="False" />
              </lines>
            </method>
            <method name="FormatSequence" signature="(System.Collections.Generic.IReadOnlyList`1&lt;System.String&gt;)" line-rate="0.6666" branch-rate="0.5" complexity="4">
              <lines>
                <line number="265" hits="1" branch="False" />
                <line number="266" hits="1" branch="True" condition-coverage="50% (2/4)">
                  <conditions>
                    <condition number="2" type="jump" coverage="50%" />
                    <condition number="18" type="jump" coverage="50%" />
                  </conditions>
                </line>
                <line number="267" hits="0" branch="False" />
                <line number="268" hits="0" branch="False" />
                <line number="271" hits="1" branch="False" />
                <line number="272" hits="1" branch="False" />
              </lines>
            </method>
            <method name="SummariseText" signature="(System.String)" line-rate="0.6666" branch-rate="0.5" complexity="4">
              <lines>
                <line number="275" hits="2" branch="False" />
                <line number="276" hits="2" branch="True" condition-coverage="50% (1/2)">
                  <conditions>
                    <condition number="9" type="jump" coverage="50%" />
                  </conditions>
                </line>
                <line number="277" hits="0" branch="False" />
                <line number="278" hits="0" branch="False" />
                <line number="282" hits="2" branch="True" condition-coverage="50% (1/2)">
                  <conditions>
                    <condition number="28" type="jump" coverage="50%" />
                  </conditions>
                </line>
                <line number="283" hits="2" branch="False" />
              </lines>
            </method>
            <method name="OnErrorMessageChanged" signature="(System.String)" line-rate="1" branch-rate="1" complexity="1">
              <lines>
                <line number="71" hits="3" branch="False" />
                <line number="72" hits="3" branch="False" />
                <line number="73" hits="3" branch="False" />
              </lines>
            </method>
            <method name="OnRawJsonChanged" signature="(System.String)" line-rate="1" branch-rate="1" complexity="1">
              <lines>
                <line number="76" hits="4" branch="False" />
                <line number="77" hits="4" branch="False" />
                <line number="78" hits="4" branch="False" />
              </lines>
            </method>
            <method name="&lt;.ctor&gt;b__30_0" signature="()" line-rate="1" branch-rate="1" complexity="1">
              <lines>
                <line number="48" hits="14" branch="False" />
              </lines>
            </method>
            <method name="&lt;.ctor&gt;b__30_1" signature="(DriftBuster.Gui.ViewModels.DiffViewModel/DiffInput)" line-rate="1" branch-rate="0.5" complexity="2">
              <lines>
                <line number="49" hits="16" branch="True" condition-coverage="50% (1/2)">
                  <conditions>
                    <condition number="1" type="jump" coverage="50%" />
                  </conditions>
                </line>
              </lines>
            </method>
            <method name="&lt;.ctor&gt;b__30_2" signature="(System.Object,System.ComponentModel.PropertyChangedEventArgs)" line-rate="1" branch-rate="1" complexity="2">
              <lines>
                <line number="52" hits="4" branch="False" />
                <line number="53" hits="4" branch="True" condition-coverage="100% (2/2)">
                  <conditions>
                    <condition number="20" type="jump" coverage="100%" />
                  </conditions>
                </line>
                <line number="54" hits="2" branch="False" />
                <line number="55" hits="2" branch="False" />
                <line number="56" hits="2" branch="False" />
                <line number="57" hits="2" branch="False" />
                <line number="58" hits="18" branch="False" />
              </lines>
            </method>
            <method name="&lt;.ctor&gt;b__30_3" signature="(System.Object,System.Collections.Specialized.NotifyCollectionChangedEventArgs)" line-rate="1" branch-rate="1" complexity="1">
              <lines>
                <line number="62" hits="4" branch="False" />
                <line number="63" hits="4" branch="False" />
                <line number="64" hits="4" branch="False" />
                <line number="65" hits="18" branch="False" />
              </lines>
            </method>
            <method name=".ctor" signature="(DriftBuster.Gui.Services.IDriftbusterService)" line-rate="1" branch-rate="1" complexity="1">
              <lines>
                <line number="31" hits="14" branch="False" />
                <line number="43" hits="14" branch="False" />
                <line number="44" hits="14" branch="False" />
                <line number="45" hits="14" branch="False" />
                <line number="47" hits="14" branch="False" />
                <line number="51" hits="14" branch="False" />
                <line number="60" hits="14" branch="False" />
                <line number="61" hits="14" branch="False" />
                <line number="67" hits="14" branch="False" />
                <line number="68" hits="14" branch="False" />
              </lines>
            </method>
          </methods>
          <lines>
            <line number="24" hits="310" branch="False" />
            <line number="25" hits="60" branch="False" />
            <line number="33" hits="147" branch="False" />
            <line number="34" hits="47" branch="False" />
            <line number="35" hits="37" branch="False" />
            <line number="37" hits="7" branch="False" />
            <line number="38" hits="9" branch="False" />
            <line number="39" hits="21" branch="False" />
            <line number="40" hits="19" branch="False" />
            <line number="41" hits="10" branch="False" />
            <line number="81" hits="14" branch="False" />
            <line number="82" hits="14" branch="False" />
            <line number="83" hits="14" branch="False" />
            <line number="84" hits="14" branch="False" />
            <line number="85" hits="14" branch="False" />
            <line number="86" hits="14" branch="False" />
            <line number="89" hits="34" branch="False" />
            <line number="90" hits="34" branch="False" />
            <line number="91" hits="34" branch="False" />
            <line number="92" hits="34" branch="False" />
            <line number="93" hits="34" branch="False" />
            <line number="94" hits="34" branch="False" />
            <line number="95" hits="34" branch="False" />
            <line number="98" hits="6" branch="False" />
            <line number="99" hits="6" branch="True" condition-coverage="100% (2/2)">
              <conditions>
                <condition number="20" type="jump" coverage="100%" />
              </conditions>
            </line>
            <line number="100" hits="1" branch="False" />
            <line number="101" hits="1" branch="False" />
            <line number="104" hits="5" branch="False" />
            <line number="105" hits="6" branch="False" />
            <line number="108" hits="1" branch="False" />
            <line number="109" hits="1" branch="True" condition-coverage="50% (1/2)">
              <conditions>
                <condition number="7" type="jump" coverage="50%" />
              </conditions>
            </line>
            <line number="110" hits="0" branch="False" />
            <line number="111" hits="0" branch="False" />
            <line number="114" hits="1" branch="True" condition-coverage="50% (1/2)">
              <conditions>
                <condition number="31" type="jump" coverage="50%" />
              </conditions>
            </line>
            <line number="115" hits="0" branch="False" />
            <line number="116" hits="0" branch="False" />
            <line number="119" hits="1" branch="False" />
            <line number="120" hits="1" branch="False" />
            <line number="121" hits="1" branch="False" />
            <line number="124" hits="35" branch="False" />
            <line number="125" hits="35" branch="True" condition-coverage="50% (2/4)">
              <conditions>
                <condition number="7" type="jump" coverage="50%" />
                <condition number="28" type="jump" coverage="50%" />
              </conditions>
            </line>
            <line number="126" hits="0" branch="False" />
            <line number="127" hits="0" branch="False" />
            <line number="130" hits="70" branch="True" condition-coverage="100% (2/2)">
              <conditions>
                <condition number="80" type="jump" coverage="100%" />
              </conditions>
            </line>
            <line number="131" hits="14" branch="False" />
            <line number="132" hits="14" branch="False" />
            <line number="133" hits="14" branch="False" />
            <line number="134" hits="35" branch="False" />
            <line number="137" hits="16" branch="False" />
            <line number="138" hits="16" branch="True" condition-coverage="100% (2/2)">
              <conditions>
                <condition number="9" type="jump" coverage="100%" />
              </conditions>
            </line>
            <line number="139" hits="15" branch="False" />
            <line number="140" hits="15" branch="False" />
            <line number="143" hits="1" branch="True" condition-coverage="50% (1/2)">
              <conditions>
                <condition number="17" type="jump" coverage="50%" />
              </conditions>
            </line>
            <line number="144" hits="1" branch="False" />
            <line number="145" hits="1" branch="False" />
            <line number="146" hits="1" branch="False" />
            <line number="149" hits="0" branch="True" condition-coverage="50% (1/2)">
              <conditions>
                <condition number="77" type="jump" coverage="50%" />
              </conditions>
            </line>
            <line number="150" hits="0" branch="False" />
            <line number="151" hits="0" branch="False" />
            <line number="152" hits="0" branch="False" />
            <line number="153" hits="16" branch="False" />
            <line number="156" hits="15" branch="False" />
            <line number="157" hits="15" branch="True" condition-coverage="50% (1/2)">
              <conditions>
                <condition number="9" type="jump" coverage="50%" />
              </conditions>
            </line>
            <line number="158" hits="0" branch="False" />
            <line number="159" hits="0" branch="False" />
            <line number="162" hits="15" branch="False" />
            <line number="163" hits="79" branch="True" condition-coverage="100% (2/2)">
              <conditions>
                <condition number="62" type="jump" coverage="100%" />
              </conditions>
            </line>
            <line number="164" hits="17" branch="False" />
            <line number="165" hits="17" branch="False" />
            <line number="166" hits="17" branch="False" />
            <line number="167" hits="15" branch="False" />
            <line number="168" hits="15" branch="False" />
            <line number="169" hits="15" branch="False" />
            <line number="172" hits="1" branch="False" />
            <line number="173" hits="1" branch="True" condition-coverage="50% (1/2)">
              <conditions>
                <condition number="20" type="jump" coverage="50%" />
              </conditions>
            </line>
            <line number="174" hits="0" branch="False" />
            <line number="175" hits="0" branch="False" />
            <line number="177" hits="2" branch="False" />
            <line number="178" hits="1" branch="True" condition-coverage="50% (3/6)">
              <conditions>
                <condition number="84" type="jump" coverage="50%" />
                <condition number="102" type="jump" coverage="50%" />
                <condition number="130" type="jump" coverage="50%" />
              </conditions>
            </line>
            <line number="179" hits="0" branch="False" />
            <line number="180" hits="0" branch="False" />
            <line number="183" hits="1" branch="False" />
            <line number="184" hits="2" branch="False" />
            <line number="185" hits="2" branch="True" condition-coverage="50% (1/2)">
              <conditions>
                <condition number="11" type="jump" coverage="50%" />
              </conditions>
            </line>
            <line number="187" hits="1" branch="False" />
            <line number="188" hits="1" branch="False" />
            <line number="236" hits="2" branch="False" />
            <line number="237" hits="2" branch="False" />
            <line number="239" hits="8" branch="True" condition-coverage="100% (2/2)">
              <conditions>
                <condition number="57" type="jump" coverage="100%" />
              </conditions>
            </line>
            <line number="240" hits="1" branch="False" />
            <line number="241" hits="1" branch="False" />
            <line number="242" hits="1" branch="False" />
            <line number="244" hits="2" branch="False" />
            <line number="245" hits="2" branch="False" />
            <line number="248" hits="78" branch="False" />
            <line number="249" hits="522" branch="True" condition-coverage="100% (2/2)">
              <conditions>
                <condition number="97" type="jump" coverage="100%" />
              </conditions>
            </line>
            <line number="250" hits="144" branch="False" />
            <line number="251" hits="144" branch="False" />
            <line number="252" hits="144" branch="True" condition-coverage="100% (2/2)">
              <conditions>
                <condition number="39" type="jump" coverage="100%" />
              </conditions>
            </line>
            <line number="253" hits="100" branch="False" />
            <line number="254" hits="100" branch="True" condition-coverage="100% (2/2)">
              <conditions>
                <condition number="49" type="jump" coverage="100%" />
              </conditions>
            </line>
            <line number="255" hits="100" branch="False" />
            <line number="258" hits="44" branch="True" condition-coverage="100% (2/2)">
              <conditions>
                <condition number="74" type="jump" coverage="100%" />
              </conditions>
            </line>
            <line number="259" hits="44" branch="False" />
            <line number="261" hits="78" branch="False" />
            <line number="262" hits="78" branch="False" />
            <line number="265" hits="1" branch="False" />
            <line number="266" hits="1" branch="True" condition-coverage="50% (2/4)">
              <conditions>
                <condition number="2" type="jump" coverage="50%" />
                <condition number="18" type="jump" coverage="50%" />
              </conditions>
            </line>
            <line number="267" hits="0" branch="False" />
            <line number="268" hits="0" branch="False" />
            <line number="271" hits="1" branch="False" />
            <line number="272" hits="1" branch="False" />
            <line number="275" hits="2" branch="False" />
            <line number="276" hits="2" branch="True" condition-coverage="50% (1/2)">
              <conditions>
                <condition number="9" type="jump" coverage="50%" />
              </conditions>
            </line>
            <line number="277" hits="0" branch="False" />
            <line number="278" hits="0" branch="False" />
            <line number="282" hits="2" branch="True" condition-coverage="50% (1/2)">
              <conditions>
                <condition number="28" type="jump" coverage="50%" />
              </conditions>
            </line>
            <line number="283" hits="2" branch="False" />
            <line number="71" hits="3" branch="False" />
            <line number="72" hits="3" branch="False" />
            <line number="73" hits="3" branch="False" />
            <line number="76" hits="4" branch="False" />
            <line number="77" hits="4" branch="False" />
            <line number="78" hits="4" branch="False" />
            <line number="48" hits="14" branch="False" />
            <line number="49" hits="16" branch="True" condition-coverage="50% (1/2)">
              <conditions>
                <condition number="1" type="jump" coverage="50%" />
              </conditions>
            </line>
            <line number="52" hits="4" branch="False" />
            <line number="53" hits="4" branch="True" condition-coverage="100% (2/2)">
              <conditions>
                <condition number="20" type="jump" coverage="100%" />
              </conditions>
            </line>
            <line number="54" hits="2" branch="False" />
            <line number="55" hits="2" branch="False" />
            <line number="56" hits="2" branch="False" />
            <line number="57" hits="2" branch="False" />
            <line number="58" hits="18" branch="False" />
            <line number="62" hits="4" branch="False" />
            <line number="63" hits="4" branch="False" />
            <line number="64" hits="4" branch="False" />
            <line number="65" hits="18" branch="False" />
            <line number="31" hits="14" branch="False" />
            <line number="43" hits="14" branch="False" />
            <line number="44" hits="14" branch="False" />
            <line number="45" hits="14" branch="False" />
            <line number="47" hits="14" branch="False" />
            <line number="51" hits="14" branch="False" />
            <line number="60" hits="14" branch="False" />
            <line number="61" hits="14" branch="False" />
            <line number="67" hits="14" branch="False" />
            <line number="68" hits="14" branch="False" />
          </lines>
        </class>
        <class name="DriftBuster.Gui.ViewModels.DiffViewModel/DiffInput" filename="DriftBuster.Gui/ViewModels/DiffViewModel.cs" line-rate="1" branch-rate="1" complexity="4">
          <methods>
            <method name="get_Owner" signature="()" line-rate="1" branch-rate="1" complexity="1">
              <lines>
                <line number="292" hits="31" branch="False" />
              </lines>
            </method>
            <method name="OnPathChanged" signature="(System.String)" line-rate="1" branch-rate="1" complexity="1">
              <lines>
                <line number="304" hits="15" branch="False" />
                <line number="305" hits="15" branch="False" />
                <line number="306" hits="15" branch="False" />
              </lines>
            </method>
            <method name="OnIsBaselineChanged" signature="(System.Boolean)" line-rate="1" branch-rate="1" complexity="1">
              <lines>
                <line number="309" hits="16" branch="False" />
                <line number="310" hits="16" branch="False" />
                <line number="311" hits="16" branch="False" />
              </lines>
            </method>
            <method name=".ctor" signature="(DriftBuster.Gui.ViewModels.DiffViewModel)" line-rate="1" branch-rate="1" complexity="1">
              <lines>
                <line number="287" hits="33" branch="False" />
                <line number="288" hits="33" branch="False" />
                <line number="289" hits="33" branch="False" />
                <line number="290" hits="33" branch="False" />
              </lines>
            </method>
          </methods>
          <lines>
            <line number="292" hits="31" branch="False" />
            <line number="304" hits="15" branch="False" />
            <line number="305" hits="15" branch="False" />
            <line number="306" hits="15" branch="False" />
            <line number="309" hits="16" branch="False" />
            <line number="310" hits="16" branch="False" />
            <line number="311" hits="16" branch="False" />
            <line number="287" hits="33" branch="False" />
            <line number="288" hits="33" branch="False" />
            <line number="289" hits="33" branch="False" />
            <line number="290" hits="33" branch="False" />
          </lines>
        </class>
        <class name="DriftBuster.Gui.ViewModels.DiffViewModel/DiffComparisonView" filename="DriftBuster.Gui/ViewModels/DiffViewModel.cs" line-rate="0.9666" branch-rate="0.5" complexity="13">
          <methods>
            <method name="get_Title" signature="()" line-rate="1" branch-rate="1" complexity="1">
              <lines>
                <line number="346" hits="1" branch="False" />
              </lines>
            </method>
            <method name="get_PlanEntries" signature="()" line-rate="1" branch-rate="1" complexity="1">
              <lines>
                <line number="348" hits="1" branch="False" />
              </lines>
            </method>
            <method name="get_MetadataEntries" signature="()" line-rate="0" branch-rate="1" complexity="1">
              <lines>
                <line number="350" hits="0" branch="False" />
              </lines>
            </method>
            <method name=".ctor" signature="(DriftBuster.Backend.Models.DiffComparison)" line-rate="1" branch-rate="0.5" complexity="10">
              <lines>
                <line number="316" hits="1" branch="False" />
                <line number="317" hits="1" branch="False" />
                <line number="318" hits="1" branch="True" condition-coverage="50% (1/2)">
                  <conditions>
                    <condition number="20" type="jump" coverage="50%" />
                  </conditions>
                </line>
                <line number="319" hits="1" branch="False" />
                <line number="320" hits="1" branch="False" />
                <line number="322" hits="1" branch="True" condition-coverage="50% (4/8)">
                  <conditions>
                    <condition number="84" type="jump" coverage="50%" />
                    <condition number="118" type="jump" coverage="50%" />
                    <condition number="234" type="jump" coverage="50%" />
                    <condition number="267" type="jump" coverage="50%" />
                  </conditions>
                </line>
                <line number="323" hits="1" branch="False" />
                <line number="324" hits="1" branch="False" />
                <line number="325" hits="1" branch="False" />
                <line number="326" hits="1" branch="False" />
                <line number="327" hits="1" branch="False" />
                <line number="328" hits="1" branch="False" />
                <line number="329" hits="1" branch="False" />
                <line number="330" hits="1" branch="False" />
                <line number="331" hits="1" branch="False" />
                <line number="332" hits="1" branch="False" />
                <line number="333" hits="1" branch="False" />
                <line number="334" hits="1" branch="False" />
                <line number="336" hits="1" branch="False" />
                <line number="337" hits="1" branch="False" />
                <line number="338" hits="1" branch="False" />
                <line number="339" hits="1" branch="False" />
                <line number="340" hits="1" branch="False" />
                <line number="341" hits="1" branch="False" />
                <line number="342" hits="1" branch="False" />
                <line number="343" hits="1" branch="False" />
                <line number="344" hits="1" branch="False" />
              </lines>
            </method>
          </methods>
          <lines>
            <line number="346" hits="1" branch="False" />
            <line number="348" hits="1" branch="False" />
            <line number="350" hits="0" branch="False" />
            <line number="316" hits="1" branch="False" />
            <line number="317" hits="1" branch="False" />
            <line number="318" hits="1" branch="True" condition-coverage="50% (1/2)">
              <conditions>
                <condition number="20" type="jump" coverage="50%" />
              </conditions>
            </line>
            <line number="319" hits="1" branch="False" />
            <line number="320" hits="1" branch="False" />
            <line number="322" hits="1" branch="True" condition-coverage="50% (4/8)">
              <conditions>
                <condition number="84" type="jump" coverage="50%" />
                <condition number="118" type="jump" coverage="50%" />
                <condition number="234" type="jump" coverage="50%" />
                <condition number="267" type="jump" coverage="50%" />
              </conditions>
            </line>
            <line number="323" hits="1" branch="False" />
            <line number="324" hits="1" branch="False" />
            <line number="325" hits="1" branch="False" />
            <line number="326" hits="1" branch="False" />
            <line number="327" hits="1" branch="False" />
            <line number="328" hits="1" branch="False" />
            <line number="329" hits="1" branch="False" />
            <line number="330" hits="1" branch="False" />
            <line number="331" hits="1" branch="False" />
            <line number="332" hits="1" branch="False" />
            <line number="333" hits="1" branch="False" />
            <line number="334" hits="1" branch="False" />
            <line number="336" hits="1" branch="False" />
            <line number="337" hits="1" branch="False" />
            <line number="338" hits="1" branch="False" />
            <line number="339" hits="1" branch="False" />
            <line number="340" hits="1" branch="False" />
            <line number="341" hits="1" branch="False" />
            <line number="342" hits="1" branch="False" />
            <line number="343" hits="1" branch="False" />
            <line number="344" hits="1" branch="False" />
          </lines>
        </class>
        <class name="DriftBuster.Gui.ViewModels.DiffViewModel/NameValuePair" filename="DriftBuster.Gui/ViewModels/DiffViewModel.cs" line-rate="1" branch-rate="1" complexity="3">
          <methods>
            <method name="get_Name" signature="()" line-rate="1" branch-rate="1" complexity="1">
              <lines>
                <line number="361" hits="9" branch="False" />
              </lines>
            </method>
            <method name="get_Value" signature="()" line-rate="1" branch-rate="1" complexity="1">
              <lines>
                <line number="363" hits="1" branch="False" />
              </lines>
            </method>
            <method name=".ctor" signature="(System.String,System.String)" line-rate="1" branch-rate="1" complexity="1">
              <lines>
                <line number="355" hits="13" branch="False" />
                <line number="356" hits="13" branch="False" />
                <line number="357" hits="13" branch="False" />
                <line number="358" hits="13" branch="False" />
                <line number="359" hits="13" branch="False" />
              </lines>
            </method>
          </methods>
          <lines>
            <line number="361" hits="9" branch="False" />
            <line number="363" hits="1" branch="False" />
            <line number="355" hits="13" branch="False" />
            <line number="356" hits="13" branch="False" />
            <line number="357" hits="13" branch="False" />
            <line number="358" hits="13" branch="False" />
            <line number="359" hits="13" branch="False" />
          </lines>
        </class>
        <class name="DriftBuster.Gui.ViewModels.DiffViewModel/&lt;&gt;c__DisplayClass39_0" filename="DriftBuster.Gui/ViewModels/DiffViewModel.cs" line-rate="1" branch-rate="1" complexity="1">
          <methods>
            <method name="&lt;RunDiffAsync&gt;b__1" signature="(DriftBuster.Gui.ViewModels.DiffViewModel/DiffInput)" line-rate="1" branch-rate="1" complexity="1">
              <lines>
                <line number="210" hits="9" branch="False" />
              </lines>
            </method>
          </methods>
          <lines>
            <line number="210" hits="9" branch="False" />
          </lines>
        </class>
        <class name="DriftBuster.Gui.ViewModels.DiffViewModel/&lt;RunDiffAsync&gt;d__39" filename="DriftBuster.Gui/ViewModels/DiffViewModel.cs" line-rate="0.8965000000000001" branch-rate="0.8" complexity="10">
          <methods>
            <method name="MoveNext" signature="()" line-rate="0.8965000000000001" branch-rate="0.8" complexity="10">
              <lines>
                <line number="191" hits="5" branch="False" />
                <line number="192" hits="5" branch="False" />
                <line number="195" hits="5" branch="False" />
                <line number="197" hits="5" branch="True" condition-coverage="50% (1/2)">
                  <conditions>
                    <condition number="125" type="jump" coverage="50%" />
                  </conditions>
                </line>
                <line number="198" hits="0" branch="False" />
                <line number="199" hits="0" branch="False" />
                <line number="200" hits="0" branch="False" />
                <line number="203" hits="5" branch="True" condition-coverage="100% (4/4)">
                  <conditions>
                    <condition number="171" type="jump" coverage="100%" />
                    <condition number="202" type="jump" coverage="100%" />
                  </conditions>
                </line>
                <line number="204" hits="1" branch="False" />
                <line number="205" hits="1" branch="True" condition-coverage="50% (1/2)">
                  <conditions>
                    <condition number="228" type="jump" coverage="50%" />
                  </conditions>
                </line>
                <line number="206" hits="1" branch="False" />
                <line number="209" hits="4" branch="False" />
                <line number="213" hits="4" branch="False" />
                <line number="215" hits="4" branch="True" condition-coverage="100% (2/2)">
                  <conditions>
                    <condition number="379" type="jump" coverage="100%" />
                  </conditions>
                </line>
                <line number="216" hits="1" branch="False" />
                <line number="217" hits="1" branch="False" />
                <line number="218" hits="1" branch="False" />
                <line number="221" hits="3" branch="False" />
                <line number="222" hits="3" branch="False" />
                <line number="224" hits="3" branch="False" />
                <line number="225" hits="2" branch="False" />
                <line number="226" hits="2" branch="False" />
                <line number="227" hits="1" branch="False" />
                <line number="228" hits="1" branch="False" />
                <line number="229" hits="1" branch="False" />
                <line number="230" hits="1" branch="False" />
                <line number="231" hits="1" branch="False" />
                <line number="232" hits="1" branch="False" />
                <line number="233" hits="5" branch="False" />
              </lines>
            </method>
          </methods>
          <lines>
            <line number="191" hits="5" branch="False" />
            <line number="192" hits="5" branch="False" />
            <line number="195" hits="5" branch="False" />
            <line number="197" hits="5" branch="True" condition-coverage="50% (1/2)">
              <conditions>
                <condition number="125" type="jump" coverage="50%" />
              </conditions>
            </line>
            <line number="198" hits="0" branch="False" />
            <line number="199" hits="0" branch="False" />
            <line number="200" hits="0" branch="False" />
            <line number="203" hits="5" branch="True" condition-coverage="100% (4/4)">
              <conditions>
                <condition number="171" type="jump" coverage="100%" />
                <condition number="202" type="jump" coverage="100%" />
              </conditions>
            </line>
            <line number="204" hits="1" branch="False" />
            <line number="205" hits="1" branch="True" condition-coverage="50% (1/2)">
              <conditions>
                <condition number="228" type="jump" coverage="50%" />
              </conditions>
            </line>
            <line number="206" hits="1" branch="False" />
            <line number="209" hits="4" branch="False" />
            <line number="213" hits="4" branch="False" />
            <line number="215" hits="4" branch="True" condition-coverage="100% (2/2)">
              <conditions>
                <condition number="379" type="jump" coverage="100%" />
              </conditions>
            </line>
            <line number="216" hits="1" branch="False" />
            <line number="217" hits="1" branch="False" />
            <line number="218" hits="1" branch="False" />
            <line number="221" hits="3" branch="False" />
            <line number="222" hits="3" branch="False" />
            <line number="224" hits="3" branch="False" />
            <line number="225" hits="2" branch="False" />
            <line number="226" hits="2" branch="False" />
            <line number="227" hits="1" branch="False" />
            <line number="228" hits="1" branch="False" />
            <line number="229" hits="1" branch="False" />
            <line number="230" hits="1" branch="False" />
            <line number="231" hits="1" branch="False" />
            <line number="232" hits="1" branch="False" />
            <line number="233" hits="5" branch="False" />
          </lines>
        </class>
        <class name="DriftBuster.Gui.ViewModels.HuntViewModel" filename="DriftBuster.Gui/ViewModels/HuntViewModel.cs" line-rate="1" branch-rate="0.875" complexity="33">
          <methods>
            <method name="get_Hits" signature="()" line-rate="1" branch-rate="1" complexity="1">
              <lines>
                <line number="19" hits="30" branch="False" />
              </lines>
            </method>
            <method name="get_RunHuntCommand" signature="()" line-rate="1" branch-rate="1" complexity="1">
              <lines>
                <line number="42" hits="26" branch="False" />
              </lines>
            </method>
            <method name="get_IsBusy" signature="()" line-rate="1" branch-rate="1" complexity="1">
              <lines>
                <line number="44" hits="2" branch="False" />
              </lines>
            </method>
            <method name="get_HasHits" signature="()" line-rate="1" branch-rate="1" complexity="1">
              <lines>
                <line number="46" hits="13" branch="False" />
              </lines>
            </method>
            <method name="get_HasDirectoryError" signature="()" line-rate="1" branch-rate="1" complexity="1">
              <lines>
                <line number="48" hits="6" branch="False" />
              </lines>
            </method>
            <method name="get_HasError" signature="()" line-rate="1" branch-rate="1" complexity="1">
              <lines>
                <line number="50" hits="3" branch="False" />
              </lines>
            </method>
            <method name="get_HasStatus" signature="()" line-rate="1" branch-rate="1" complexity="1">
              <lines>
                <line number="52" hits="2" branch="False" />
              </lines>
            </method>
            <method name="get_HasRawJson" signature="()" line-rate="1" branch-rate="1" complexity="1">
              <lines>
                <line number="54" hits="5" branch="False" />
              </lines>
            </method>
            <method name="get_HasNoHits" signature="()" line-rate="1" branch-rate="1" complexity="1">
              <lines>
                <line number="56" hits="6" branch="False" />
              </lines>
            </method>
            <method name="ApplyResult" signature="(DriftBuster.Backend.Models.HuntResult)" line-rate="1" branch-rate="0.8332999999999999" complexity="6">
              <lines>
                <line number="101" hits="2" branch="False" />
                <line number="102" hits="2" branch="False" />
                <line number="103" hits="8" branch="True" condition-coverage="100% (2/2)">
                  <conditions>
                    <condition number="113" type="jump" coverage="100%" />
                  </conditions>
                </line>
                <line number="104" hits="1" branch="False" />
                <line number="105" hits="1" branch="False" />
                <line number="106" hits="1" branch="False" />
                <line number="107" hits="1" branch="False" />
                <line number="108" hits="1" branch="False" />
                <line number="109" hits="1" branch="False" />
                <line number="110" hits="1" branch="False" />
                <line number="111" hits="1" branch="False" />
                <line number="112" hits="1" branch="False" />
                <line number="113" hits="1" branch="False" />
                <line number="115" hits="2" branch="False" />
                <line number="116" hits="2" branch="False" />
                <line number="117" hits="2" branch="True" condition-coverage="75% (3/4)">
                  <conditions>
                    <condition number="148" type="jump" coverage="100%" />
                    <condition number="209" type="jump" coverage="50%" />
                  </conditions>
                </line>
                <line number="118" hits="2" branch="False" />
                <line number="119" hits="2" branch="False" />
                <line number="120" hits="2" branch="False" />
                <line number="121" hits="2" branch="False" />
              </lines>
            </method>
            <method name="CanRunHunt" signature="()" line-rate="1" branch-rate="0.5" complexity="2">
              <lines>
                <line number="124" hits="1" branch="False" />
                <line number="125" hits="1" branch="True" condition-coverage="50% (1/2)">
                  <conditions>
                    <condition number="12" type="jump" coverage="50%" />
                  </conditions>
                </line>
                <line number="126" hits="1" branch="False" />
              </lines>
            </method>
            <method name="UpdateValidation" signature="()" line-rate="1" branch-rate="1" complexity="1">
              <lines>
                <line number="129" hits="10" branch="False" />
                <line number="130" hits="10" branch="False" />
                <line number="131" hits="10" branch="False" />
                <line number="132" hits="10" branch="False" />
              </lines>
            </method>
            <method name="OnHitsChanged" signature="(System.Object,System.Collections.Specialized.NotifyCollectionChangedEventArgs)" line-rate="1" branch-rate="1" complexity="1">
              <lines>
                <line number="135" hits="4" branch="False" />
                <line number="136" hits="4" branch="False" />
                <line number="137" hits="4" branch="False" />
                <line number="138" hits="4" branch="False" />
              </lines>
            </method>
            <method name="ValidateDirectoryPath" signature="(System.String)" line-rate="1" branch-rate="1" complexity="6">
              <lines>
                <line number="161" hits="10" branch="False" />
                <line number="162" hits="10" branch="True" condition-coverage="100% (2/2)">
                  <conditions>
                    <condition number="9" type="jump" coverage="100%" />
                  </conditions>
                </line>
                <line number="163" hits="5" branch="False" />
                <line number="164" hits="5" branch="False" />
                <line number="167" hits="5" branch="True" condition-coverage="100% (4/4)">
                  <conditions>
                    <condition number="26" type="jump" coverage="100%" />
                    <condition number="39" type="jump" coverage="100%" />
                  </conditions>
                </line>
                <line number="168" hits="3" branch="False" />
                <line number="169" hits="3" branch="False" />
                <line number="172" hits="2" branch="False" />
                <line number="173" hits="10" branch="False" />
              </lines>
            </method>
            <method name="OnDirectoryPathChanged" signature="(System.String)" line-rate="1" branch-rate="1" complexity="1">
              <lines>
                <line number="78" hits="5" branch="False" />
              </lines>
            </method>
            <method name="OnDirectoryErrorChanged" signature="(System.String)" line-rate="1" branch-rate="1" complexity="1">
              <lines>
                <line number="141" hits="10" branch="False" />
                <line number="142" hits="10" branch="False" />
                <line number="143" hits="10" branch="False" />
              </lines>
            </method>
            <method name="OnErrorMessageChanged" signature="(System.String)" line-rate="1" branch-rate="1" complexity="1">
              <lines>
                <line number="146" hits="1" branch="False" />
                <line number="147" hits="1" branch="False" />
                <line number="148" hits="1" branch="False" />
              </lines>
            </method>
            <method name="OnStatusMessageChanged" signature="(System.String)" line-rate="1" branch-rate="1" complexity="1">
              <lines>
                <line number="151" hits="3" branch="False" />
                <line number="152" hits="3" branch="False" />
                <line number="153" hits="3" branch="False" />
              </lines>
            </method>
            <method name="OnRawJsonChanged" signature="(System.String)" line-rate="1" branch-rate="1" complexity="1">
              <lines>
                <line number="156" hits="3" branch="False" />
                <line number="157" hits="3" branch="False" />
                <line number="158" hits="3" branch="False" />
              </lines>
            </method>
            <method name="&lt;.ctor&gt;b__28_0" signature="(System.Object,System.ComponentModel.PropertyChangedEventArgs)" line-rate="1" branch-rate="1" complexity="2">
              <lines>
                <line number="67" hits="4" branch="False" />
                <line number="68" hits="4" branch="True" condition-coverage="100% (2/2)">
                  <conditions>
                    <condition number="20" type="jump" coverage="100%" />
                  </conditions>
                </line>
                <line number="69" hits="2" branch="False" />
                <line number="70" hits="2" branch="False" />
                <line number="71" hits="2" branch="False" />
                <line number="72" hits="2" branch="False" />
                <line number="73" hits="9" branch="False" />
              </lines>
            </method>
            <method name=".ctor" signature="(DriftBuster.Gui.Services.IDriftbusterService,System.String)" line-rate="1" branch-rate="1" complexity="1">
              <lines>
                <line number="37" hits="5" branch="False" />
                <line number="58" hits="5" branch="False" />
                <line number="59" hits="5" branch="False" />
                <line number="60" hits="5" branch="False" />
                <line number="61" hits="5" branch="False" />
                <line number="63" hits="5" branch="False" />
                <line number="65" hits="5" branch="False" />
                <line number="66" hits="5" branch="False" />
                <line number="75" hits="5" branch="False" />
                <line number="76" hits="5" branch="False" />
              </lines>
            </method>
          </methods>
          <lines>
            <line number="19" hits="30" branch="False" />
            <line number="42" hits="26" branch="False" />
            <line number="44" hits="2" branch="False" />
            <line number="46" hits="13" branch="False" />
            <line number="48" hits="6" branch="False" />
            <line number="50" hits="3" branch="False" />
            <line number="52" hits="2" branch="False" />
            <line number="54" hits="5" branch="False" />
            <line number="56" hits="6" branch="False" />
            <line number="101" hits="2" branch="False" />
            <line number="102" hits="2" branch="False" />
            <line number="103" hits="8" branch="True" condition-coverage="100% (2/2)">
              <conditions>
                <condition number="113" type="jump" coverage="100%" />
              </conditions>
            </line>
            <line number="104" hits="1" branch="False" />
            <line number="105" hits="1" branch="False" />
            <line number="106" hits="1" branch="False" />
            <line number="107" hits="1" branch="False" />
            <line number="108" hits="1" branch="False" />
            <line number="109" hits="1" branch="False" />
            <line number="110" hits="1" branch="False" />
            <line number="111" hits="1" branch="False" />
            <line number="112" hits="1" branch="False" />
            <line number="113" hits="1" branch="False" />
            <line number="115" hits="2" branch="False" />
            <line number="116" hits="2" branch="False" />
            <line number="117" hits="2" branch="True" condition-coverage="75% (3/4)">
              <conditions>
                <condition number="148" type="jump" coverage="100%" />
                <condition number="209" type="jump" coverage="50%" />
              </conditions>
            </line>
            <line number="118" hits="2" branch="False" />
            <line number="119" hits="2" branch="False" />
            <line number="120" hits="2" branch="False" />
            <line number="121" hits="2" branch="False" />
            <line number="124" hits="1" branch="False" />
            <line number="125" hits="1" branch="True" condition-coverage="50% (1/2)">
              <conditions>
                <condition number="12" type="jump" coverage="50%" />
              </conditions>
            </line>
            <line number="126" hits="1" branch="False" />
            <line number="129" hits="10" branch="False" />
            <line number="130" hits="10" branch="False" />
            <line number="131" hits="10" branch="False" />
            <line number="132" hits="10" branch="False" />
            <line number="135" hits="4" branch="False" />
            <line number="136" hits="4" branch="False" />
            <line number="137" hits="4" branch="False" />
            <line number="138" hits="4" branch="False" />
            <line number="161" hits="10" branch="False" />
            <line number="162" hits="10" branch="True" condition-coverage="100% (2/2)">
              <conditions>
                <condition number="9" type="jump" coverage="100%" />
              </conditions>
            </line>
            <line number="163" hits="5" branch="False" />
            <line number="164" hits="5" branch="False" />
            <line number="167" hits="5" branch="True" condition-coverage="100% (4/4)">
              <conditions>
                <condition number="26" type="jump" coverage="100%" />
                <condition number="39" type="jump" coverage="100%" />
              </conditions>
            </line>
            <line number="168" hits="3" branch="False" />
            <line number="169" hits="3" branch="False" />
            <line number="172" hits="2" branch="False" />
            <line number="173" hits="10" branch="False" />
            <line number="78" hits="5" branch="False" />
            <line number="141" hits="10" branch="False" />
            <line number="142" hits="10" branch="False" />
            <line number="143" hits="10" branch="False" />
            <line number="146" hits="1" branch="False" />
            <line number="147" hits="1" branch="False" />
            <line number="148" hits="1" branch="False" />
            <line number="151" hits="3" branch="False" />
            <line number="152" hits="3" branch="False" />
            <line number="153" hits="3" branch="False" />
            <line number="156" hits="3" branch="False" />
            <line number="157" hits="3" branch="False" />
            <line number="158" hits="3" branch="False" />
            <line number="67" hits="4" branch="False" />
            <line number="68" hits="4" branch="True" condition-coverage="100% (2/2)">
              <conditions>
                <condition number="20" type="jump" coverage="100%" />
              </conditions>
            </line>
            <line number="69" hits="2" branch="False" />
            <line number="70" hits="2" branch="False" />
            <line number="71" hits="2" branch="False" />
            <line number="72" hits="2" branch="False" />
            <line number="73" hits="9" branch="False" />
            <line number="37" hits="5" branch="False" />
            <line number="58" hits="5" branch="False" />
            <line number="59" hits="5" branch="False" />
            <line number="60" hits="5" branch="False" />
            <line number="61" hits="5" branch="False" />
            <line number="63" hits="5" branch="False" />
            <line number="65" hits="5" branch="False" />
            <line number="66" hits="5" branch="False" />
            <line number="75" hits="5" branch="False" />
            <line number="76" hits="5" branch="False" />
          </lines>
        </class>
        <class name="DriftBuster.Gui.ViewModels.HuntViewModel/HuntHitView" filename="DriftBuster.Gui/ViewModels/HuntViewModel.cs" line-rate="0.75" branch-rate="0.5" complexity="14">
          <methods>
            <method name="get_RuleName" signature="()" line-rate="1" branch-rate="1" complexity="1">
              <lines>
                <line number="188" hits="1" branch="False" />
              </lines>
            </method>
            <method name="get_Description" signature="()" line-rate="0" branch-rate="1" complexity="1">
              <lines>
                <line number="190" hits="0" branch="False" />
              </lines>
            </method>
            <method name="get_TokenName" signature="()" line-rate="1" branch-rate="1" complexity="1">
              <lines>
                <line number="192" hits="1" branch="False" />
              </lines>
            </method>
            <method name="get_HasToken" signature="()" line-rate="0" branch-rate="1" complexity="1">
              <lines>
                <line number="194" hits="0" branch="False" />
              </lines>
            </method>
            <method name="get_RelativePath" signature="()" line-rate="1" branch-rate="1" complexity="1">
              <lines>
                <line number="196" hits="1" branch="False" />
              </lines>
            </method>
            <method name="get_FullPath" signature="()" line-rate="0" branch-rate="1" complexity="1">
              <lines>
                <line number="198" hits="0" branch="False" />
              </lines>
            </method>
            <method name="get_LineNumber" signature="()" line-rate="0" branch-rate="1" complexity="1">
              <lines>
                <line number="200" hits="0" branch="False" />
              </lines>
            </method>
            <method name="get_Excerpt" signature="()" line-rate="0" branch-rate="1" complexity="1">
              <lines>
                <line number="202" hits="0" branch="False" />
              </lines>
            </method>
            <method name="TrimExcerpt" signature="(System.String)" line-rate="0.8332999999999999" branch-rate="0.5" complexity="4">
              <lines>
                <line number="205" hits="1" branch="False" />
                <line number="207" hits="1" branch="True" condition-coverage="50% (2/4)">
                  <conditions>
                    <condition number="7" type="jump" coverage="50%" />
                    <condition number="30" type="jump" coverage="50%" />
                  </conditions>
                </line>
                <line number="208" hits="1" branch="False" />
                <line number="209" hits="1" branch="False" />
                <line number="212" hits="0" branch="False" />
                <line number="213" hits="1" branch="False" />
              </lines>
            </method>
            <method name=".ctor" signature="(System.String,System.String,System.String,System.String,System.String,System.Int32,System.String)" line-rate="1" branch-rate="0.5" complexity="2">
              <lines>
                <line number="177" hits="1" branch="False" />
                <line number="178" hits="1" branch="False" />
                <line number="179" hits="1" branch="False" />
                <line number="180" hits="1" branch="False" />
                <line number="181" hits="1" branch="True" condition-coverage="50% (1/2)">
                  <conditions>
                    <condition number="29" type="jump" coverage="50%" />
                  </conditions>
                </line>
                <line number="182" hits="1" branch="False" />
                <line number="183" hits="1" branch="False" />
                <line number="184" hits="1" branch="False" />
                <line number="185" hits="1" branch="False" />
                <line number="186" hits="1" branch="False" />
              </lines>
            </method>
          </methods>
          <lines>
            <line number="188" hits="1" branch="False" />
            <line number="190" hits="0" branch="False" />
            <line number="192" hits="1" branch="False" />
            <line number="194" hits="0" branch="False" />
            <line number="196" hits="1" branch="False" />
            <line number="198" hits="0" branch="False" />
            <line number="200" hits="0" branch="False" />
            <line number="202" hits="0" branch="False" />
            <line number="205" hits="1" branch="False" />
            <line number="207" hits="1" branch="True" condition-coverage="50% (2/4)">
              <conditions>
                <condition number="7" type="jump" coverage="50%" />
                <condition number="30" type="jump" coverage="50%" />
              </conditions>
            </line>
            <line number="208" hits="1" branch="False" />
            <line number="209" hits="1" branch="False" />
            <line number="212" hits="0" branch="False" />
            <line number="213" hits="1" branch="False" />
            <line number="177" hits="1" branch="False" />
            <line number="178" hits="1" branch="False" />
            <line number="179" hits="1" branch="False" />
            <line number="180" hits="1" branch="False" />
            <line number="181" hits="1" branch="True" condition-coverage="50% (1/2)">
              <conditions>
                <condition number="29" type="jump" coverage="50%" />
              </conditions>
            </line>
            <line number="182" hits="1" branch="False" />
            <line number="183" hits="1" branch="False" />
            <line number="184" hits="1" branch="False" />
            <line number="185" hits="1" branch="False" />
            <line number="186" hits="1" branch="False" />
          </lines>
        </class>
        <class name="DriftBuster.Gui.ViewModels.HuntViewModel/&lt;RunHuntAsync&gt;d__29" filename="DriftBuster.Gui/ViewModels/HuntViewModel.cs" line-rate="1" branch-rate="1" complexity="1">
          <methods>
            <method name="MoveNext" signature="()" line-rate="1" branch-rate="1" complexity="1">
              <lines>
                <line number="81" hits="3" branch="False" />
                <line number="82" hits="3" branch="False" />
                <line number="83" hits="3" branch="False" />
                <line number="86" hits="3" branch="False" />
                <line number="87" hits="3" branch="False" />
                <line number="88" hits="2" branch="False" />
                <line number="89" hits="2" branch="False" />
                <line number="90" hits="1" branch="False" />
                <line number="91" hits="1" branch="False" />
                <line number="92" hits="1" branch="False" />
                <line number="93" hits="1" branch="False" />
                <line number="94" hits="1" branch="False" />
                <line number="95" hits="1" branch="False" />
                <line number="96" hits="1" branch="False" />
                <line number="97" hits="1" branch="False" />
                <line number="98" hits="3" branch="False" />
              </lines>
            </method>
          </methods>
          <lines>
            <line number="81" hits="3" branch="False" />
            <line number="82" hits="3" branch="False" />
[...]
              </lines>
            </method>
            <method name="get_Comparisons" signature="()" line-rate="1" branch-rate="1" complexity="1">
              <lines>
                <line number="12" hits="55" branch="False" />
              </lines>
            </method>
            <method name="get_RawJson" signature="()" line-rate="1" branch-rate="1" complexity="1">
              <lines>
                <line number="15" hits="51" branch="False" />
              </lines>
            </method>
          </methods>
          <lines>
            <line number="9" hits="50" branch="False" />
            <line number="12" hits="55" branch="False" />
            <line number="15" hits="51" branch="False" />
          </lines>
        </class>
        <class name="DriftBuster.Backend.Models.DiffComparison" filename="DriftBuster.Backend/Models/DiffResult.cs" line-rate="1" branch-rate="1" complexity="4">
          <methods>
            <method name="get_From" signature="()" line-rate="1" branch-rate="1" complexity="1">
              <lines>
                <line number="21" hits="6" branch="False" />
              </lines>
            </method>
            <method name="get_To" signature="()" line-rate="1" branch-rate="1" complexity="1">
              <lines>
                <line number="24" hits="7" branch="False" />
              </lines>
            </method>
            <method name="get_Plan" signature="()" line-rate="1" branch-rate="1" complexity="1">
              <lines>
                <line number="27" hits="16" branch="False" />
              </lines>
            </method>
            <method name="get_Metadata" signature="()" line-rate="1" branch-rate="1" complexity="1">
              <lines>
                <line number="30" hits="9" branch="False" />
              </lines>
            </method>
          </methods>
          <lines>
            <line number="21" hits="6" branch="False" />
            <line number="24" hits="7" branch="False" />
            <line number="27" hits="16" branch="False" />
            <line number="30" hits="9" branch="False" />
          </lines>
        </class>
        <class name="DriftBuster.Backend.Models.DiffPlan" filename="DriftBuster.Backend/Models/DiffResult.cs" line-rate="1" branch-rate="1" complexity="9">
          <methods>
            <method name="get_Before" signature="()" line-rate="1" branch-rate="1" complexity="1">
              <lines>
                <line number="36" hits="9" branch="False" />
              </lines>
            </method>
            <method name="get_After" signature="()" line-rate="1" branch-rate="1" complexity="1">
              <lines>
                <line number="39" hits="9" branch="False" />
              </lines>
            </method>
            <method name="get_ContentType" signature="()" line-rate="1" branch-rate="1" complexity="1">
              <lines>
                <line number="42" hits="8" branch="False" />
              </lines>
            </method>
            <method name="get_FromLabel" signature="()" line-rate="1" branch-rate="1" complexity="1">
              <lines>
                <line number="45" hits="8" branch="False" />
              </lines>
            </method>
            <method name="get_ToLabel" signature="()" line-rate="1" branch-rate="1" complexity="1">
              <lines>
                <line number="48" hits="8" branch="False" />
              </lines>
            </method>
            <method name="get_Label" signature="()" line-rate="1" branch-rate="1" complexity="1">
              <lines>
                <line number="51" hits="3" branch="False" />
              </lines>
            </method>
            <method name="get_MaskTokens" signature="()" line-rate="1" branch-rate="1" complexity="1">
              <lines>
                <line number="54" hits="3" branch="False" />
              </lines>
            </method>
            <method name="get_Placeholder" signature="()" line-rate="1" branch-rate="1" complexity="1">
              <lines>
                <line number="57" hits="8" branch="False" />
              </lines>
            </method>
            <method name="get_ContextLines" signature="()" line-rate="1" branch-rate="1" complexity="1">
              <lines>
                <line number="60" hits="4" branch="False" />
              </lines>
            </method>
          </methods>
          <lines>
            <line number="36" hits="9" branch="False" />
            <line number="39" hits="9" branch="False" />
            <line number="42" hits="8" branch="False" />
            <line number="45" hits="8" branch="False" />
            <line number="48" hits="8" branch="False" />
            <line number="51" hits="3" branch="False" />
            <line number="54" hits="3" branch="False" />
            <line number="57" hits="8" branch="False" />
            <line number="60" hits="4" branch="False" />
          </lines>
        </class>
        <class name="DriftBuster.Backend.Models.DiffMetadata" filename="DriftBuster.Backend/Models/DiffResult.cs" line-rate="1" branch-rate="1" complexity="4">
          <methods>
            <method name="get_LeftPath" signature="()" line-rate="1" branch-rate="1" complexity="1">
              <lines>
                <line number="66" hits="8" branch="False" />
              </lines>
            </method>
            <method name="get_RightPath" signature="()" line-rate="1" branch-rate="1" complexity="1">
              <lines>
                <line number="69" hits="8" branch="False" />
              </lines>
            </method>
            <method name="get_ContentType" signature="()" line-rate="1" branch-rate="1" complexity="1">
              <lines>
                <line number="72" hits="8" branch="False" />
              </lines>
            </method>
            <method name="get_ContextLines" signature="()" line-rate="1" branch-rate="1" complexity="1">
              <lines>
                <line number="75" hits="4" branch="False" />
              </lines>
            </method>
          </methods>
          <lines>
            <line number="66" hits="8" branch="False" />
            <line number="69" hits="8" branch="False" />
            <line number="72" hits="8" branch="False" />
            <line number="75" hits="4" branch="False" />
          </lines>
        </class>
        <class name="DriftBuster.Backend.Models.HuntResult" filename="DriftBuster.Backend/Models/HuntResult.cs" line-rate="1" branch-rate="1" complexity="5">
          <methods>
            <method name="get_Directory" signature="()" line-rate="1" branch-rate="1" complexity="1">
              <lines>
                <line number="8" hits="53" branch="False" />
              </lines>
            </method>
            <method name="get_Pattern" signature="()" line-rate="1" branch-rate="1" complexity="1">
              <lines>
                <line number="11" hits="6" branch="False" />
              </lines>
            </method>
            <method name="get_Count" signature="()" line-rate="1" branch-rate="1" complexity="1">
              <lines>
                <line number="14" hits="13" branch="False" />
              </lines>
            </method>
            <method name="get_Hits" signature="()" line-rate="1" branch-rate="1" complexity="1">
              <lines>
                <line number="17" hits="57" branch="False" />
              </lines>
            </method>
            <method name="get_RawJson" signature="()" line-rate="1" branch-rate="1" complexity="1">
              <lines>
                <line number="20" hits="54" branch="False" />
              </lines>
            </method>
          </methods>
          <lines>
            <line number="8" hits="53" branch="False" />
            <line number="11" hits="6" branch="False" />
            <line number="14" hits="13" branch="False" />
            <line number="17" hits="57" branch="False" />
            <line number="20" hits="54" branch="False" />
          </lines>
        </class>
        <class name="DriftBuster.Backend.Models.HuntHit" filename="DriftBuster.Backend/Models/HuntResult.cs" line-rate="1" branch-rate="1" complexity="5">
          <methods>
            <method name="get_Rule" signature="()" line-rate="1" branch-rate="1" complexity="1">
              <lines>
                <line number="26" hits="11" branch="False" />
              </lines>
            </method>
            <method name="get_Path" signature="()" line-rate="1" branch-rate="1" complexity="1">
              <lines>
                <line number="29" hits="9" branch="False" />
              </lines>
            </method>
            <method name="get_RelativePath" signature="()" line-rate="1" branch-rate="1" complexity="1">
              <lines>
                <line number="32" hits="10" branch="False" />
              </lines>
            </method>
            <method name="get_LineNumber" signature="()" line-rate="1" branch-rate="1" complexity="1">
              <lines>
                <line number="35" hits="6" branch="False" />
              </lines>
            </method>
            <method name="get_Excerpt" signature="()" line-rate="1" branch-rate="1" complexity="1">
              <lines>
                <line number="38" hits="9" branch="False" />
              </lines>
            </method>
          </methods>
          <lines>
            <line number="26" hits="11" branch="False" />
            <line number="29" hits="9" branch="False" />
            <line number="32" hits="10" branch="False" />
            <line number="35" hits="6" branch="False" />
            <line number="38" hits="9" branch="False" />
          </lines>
        </class>
        <class name="DriftBuster.Backend.Models.HuntRuleSummary" filename="DriftBuster.Backend/Models/HuntResult.cs" line-rate="1" branch-rate="1" complexity="5">
          <methods>
            <method name="get_Name" signature="()" line-rate="1" branch-rate="1" complexity="1">
              <lines>
                <line number="44" hits="12" branch="False" />
              </lines>
            </method>
            <method name="get_Description" signature="()" line-rate="1" branch-rate="1" complexity="1">
              <lines>
                <line number="47" hits="12" branch="False" />
              </lines>
            </method>
            <method name="get_TokenName" signature="()" line-rate="1" branch-rate="1" complexity="1">
              <lines>
                <line number="50" hits="6" branch="False" />
              </lines>
            </method>
            <method name="get_Keywords" signature="()" line-rate="1" branch-rate="1" complexity="1">
              <lines>
                <line number="53" hits="10" branch="False" />
              </lines>
            </method>
            <method name="get_Patterns" signature="()" line-rate="1" branch-rate="1" complexity="1">
              <lines>
                <line number="56" hits="10" branch="False" />
              </lines>
            </method>
          </methods>
          <lines>
            <line number="44" hits="12" branch="False" />
            <line number="47" hits="12" branch="False" />
            <line number="50" hits="6" branch="False" />
            <line number="53" hits="10" branch="False" />
            <line number="56" hits="10" branch="False" />
          </lines>
        </class>
        <class name="DriftBuster.Backend.Models.RunProfileDefinition" filename="DriftBuster.Backend/Models/RunProfiles.cs" line-rate="1" branch-rate="1" complexity="6">
          <methods>
            <method name="get_Name" signature="()" line-rate="1" branch-rate="1" complexity="1">
              <lines>
                <line number="9" hits="80" branch="False" />
              </lines>
            </method>
            <method name="get_Description" signature="()" line-rate="1" branch-rate="1" complexity="1">
              <lines>
                <line number="12" hits="19" branch="False" />
              </lines>
            </method>
            <method name="get_Sources" signature="()" line-rate="1" branch-rate="1" complexity="1">
              <lines>
                <line number="15" hits="61" branch="False" />
              </lines>
            </method>
            <method name="get_Baseline" signature="()" line-rate="1" branch-rate="1" complexity="1">
              <lines>
                <line number="18" hits="24" branch="False" />
              </lines>
            </method>
            <method name="get_Options" signature="()" line-rate="1" branch-rate="1" complexity="1">
              <lines>
                <line number="21" hits="51" branch="False" />
              </lines>
            </method>
            <method name="get_SecretScanner" signature="()" line-rate="1" branch-rate="1" complexity="1">
              <lines>
                <line number="24" hits="57" branch="False" />
              </lines>
            </method>
          </methods>
          <lines>
            <line number="9" hits="80" branch="False" />
            <line number="12" hits="19" branch="False" />
            <line number="15" hits="61" branch="False" />
            <line number="18" hits="24" branch="False" />
            <line number="21" hits="51" branch="False" />
            <line number="24" hits="57" branch="False" />
          </lines>
        </class>
        <class name="DriftBuster.Backend.Models.SecretScannerOptions" filename="DriftBuster.Backend/Models/RunProfiles.cs" line-rate="1" branch-rate="1" complexity="2">
          <methods>
            <method name="get_IgnoreRules" signature="()" line-rate="1" branch-rate="1" complexity="1">
              <lines>
                <line number="30" hits="160" branch="False" />
              </lines>
            </method>
            <method name="get_IgnorePatterns" signature="()" line-rate="1" branch-rate="1" complexity="1">
              <lines>
                <line number="33" hits="158" branch="False" />
              </lines>
            </method>
          </methods>
          <lines>
            <line number="30" hits="160" branch="False" />
            <line number="33" hits="158" branch="False" />
          </lines>
        </class>
        <class name="DriftBuster.Backend.Models.OfflineCollectorRequest" filename="DriftBuster.Backend/Models/RunProfiles.cs" line-rate="1" branch-rate="1" complexity="3">
          <methods>
            <method name="get_PackagePath" signature="()" line-rate="1" branch-rate="1" complexity="1">
              <lines>
                <line number="38" hits="12" branch="False" />
              </lines>
            </method>
            <method name="get_Metadata" signature="()" line-rate="1" branch-rate="1" complexity="1">
              <lines>
                <line number="40" hits="7" branch="False" />
              </lines>
            </method>
            <method name="get_ConfigFileName" signature="()" line-rate="1" branch-rate="1" complexity="1">
              <lines>
                <line number="42" hits="2" branch="False" />
              </lines>
            </method>
          </methods>
          <lines>
            <line number="38" hits="12" branch="False" />
            <line number="40" hits="7" branch="False" />
            <line number="42" hits="2" branch="False" />
          </lines>
        </class>
        <class name="DriftBuster.Backend.Models.OfflineCollectorResult" filename="DriftBuster.Backend/Models/RunProfiles.cs" line-rate="1" branch-rate="1" complexity="3">
          <methods>
            <method name="get_PackagePath" signature="()" line-rate="1" branch-rate="1" complexity="1">
              <lines>
                <line number="47" hits="9" branch="False" />
              </lines>
            </method>
            <method name="get_ConfigFileName" signature="()" line-rate="1" branch-rate="1" complexity="1">
              <lines>
                <line number="49" hits="7" branch="False" />
              </lines>
            </method>
            <method name="get_ScriptFileName" signature="()" line-rate="1" branch-rate="1" complexity="1">
              <lines>
                <line number="51" hits="6" branch="False" />
              </lines>
            </method>
          </methods>
          <lines>
            <line number="47" hits="9" branch="False" />
            <line number="49" hits="7" branch="False" />
            <line number="51" hits="6" branch="False" />
          </lines>
        </class>
        <class name="DriftBuster.Backend.Models.RunProfileListResult" filename="DriftBuster.Backend/Models/RunProfiles.cs" line-rate="1" branch-rate="1" complexity="1">
          <methods>
            <method name="get_Profiles" signature="()" line-rate="1" branch-rate="1" complexity="1">
              <lines>
                <line number="57" hits="10" branch="False" />
              </lines>
            </method>
          </methods>
          <lines>
            <line number="57" hits="10" branch="False" />
          </lines>
        </class>
        <class name="DriftBuster.Backend.Models.RunProfileRunResult" filename="DriftBuster.Backend/Models/RunProfiles.cs" line-rate="1" branch-rate="1" complexity="4">
          <methods>
            <method name="get_Profile" signature="()" line-rate="1" branch-rate="1" complexity="1">
              <lines>
                <line number="63" hits="5" branch="False" />
              </lines>
            </method>
            <method name="get_Timestamp" signature="()" line-rate="1" branch-rate="1" complexity="1">
              <lines>
                <line number="66" hits="4" branch="False" />
              </lines>
            </method>
            <method name="get_OutputDir" signature="()" line-rate="1" branch-rate="1" complexity="1">
              <lines>
                <line number="69" hits="8" branch="False" />
              </lines>
            </method>
            <method name="get_Files" signature="()" line-rate="1" branch-rate="1" complexity="1">
              <lines>
                <line number="72" hits="9" branch="False" />
              </lines>
            </method>
          </methods>
          <lines>
            <line number="63" hits="5" branch="False" />
            <line number="66" hits="4" branch="False" />
            <line number="69" hits="8" branch="False" />
            <line number="72" hits="9" branch="False" />
          </lines>
        </class>
        <class name="DriftBuster.Backend.Models.RunProfileFileResult" filename="DriftBuster.Backend/Models/RunProfiles.cs" line-rate="1" branch-rate="1" complexity="4">
          <methods>
            <method name="get_Source" signature="()" line-rate="1" branch-rate="1" complexity="1">
              <lines>
                <line number="78" hits="17" branch="False" />
              </lines>
            </method>
            <method name="get_Destination" signature="()" line-rate="1" branch-rate="1" complexity="1">
              <lines>
                <line number="81" hits="15" branch="False" />
              </lines>
            </method>
            <method name="get_Size" signature="()" line-rate="1" branch-rate="1" complexity="1">
              <lines>
                <line number="84" hits="10" branch="False" />
              </lines>
            </method>
            <method name="get_Sha256" signature="()" line-rate="1" branch-rate="1" complexity="1">
              <lines>
                <line number="87" hits="15" branch="False" />
              </lines>
            </method>
          </methods>
          <lines>
            <line number="78" hits="17" branch="False" />
            <line number="81" hits="15" branch="False" />
            <line number="84" hits="10" branch="False" />
            <line number="87" hits="15" branch="False" />
          </lines>
        </class>
      </classes>
    </package>
  </packages>
</coverage>